2021-04-04 19:33:26 [INFO] ACTION: RunAction#run:[, ]
2021-04-04 19:33:26 [DEBUG] ACTION: POST:Array
(
)

2021-04-04 19:33:26 [DEBUG] ACTION: GET:Array
(
)

2021-04-04 19:33:26 [INFO] ACTION: RunAction#run:[index, ]
2021-04-04 19:33:26 [DEBUG] ACTION: POST:Array
(
)

2021-04-04 19:33:26 [DEBUG] ACTION: GET:Array
(
    [req] => index
)

2021-04-04 19:33:26 [INFO] ACTION: RunAction#run:[login, ]
2021-04-04 19:33:26 [DEBUG] ACTION: POST:Array
(
)

2021-04-04 19:33:26 [DEBUG] ACTION: GET:Array
(
    [req] => login
)

2021-04-04 19:33:26 [DEBUG] ACTION: BaseMySqliDao#beginTransaction
2021-04-04 19:33:26 [DEBUG] ACTION: BaseMySqliDao#query[run sql = (START TRANSACTION;)
2021-04-04 19:33:26 [DEBUG] ACTION: BaseMySqliDao#selectAll[run sql = (SELECT * FROM m_staff where deleted_flag <> 1)
2021-04-04 19:33:26 [DEBUG] ACTION: BaseMySqliDao#query[run sql = (SELECT * FROM m_staff where deleted_flag <> 1)
2021-04-04 19:33:26 [DEBUG] ACTION: processAction#attributes:Array
(
    [viewState] => ViewState Object
        (
            [viewState:ViewState:private] => 
        )

    [urlLogin] => http://admin.local/index.php?req=login&amp;mode=login
    [result_ex] => [{&quot;staff_id&quot;:&quot;1&quot;,&quot;staff_name&quot;:&quot;NGUY\u1ec4N TH\u00c0NH L\u01af\u01a0NG&quot;,&quot;staff_name_kana&quot;:&quot;EXAMPLE&quot;,&quot;staff_office_id&quot;:&quot;1&quot;,&quot;staff_department_id&quot;:&quot;2&quot;,&quot;staff_password&quot;:&quot;21232f297a57a5a743894a0e4a801fc3&quot;,&quot;staff_pos_code&quot;:&quot;ntl&quot;,&quot;staff_prefectures&quot;:&quot;2&quot;,&quot;staff_city&quot;:&quot;tphcm&quot;,&quot;staff_address&quot;:null,&quot;staff_mansion_info&quot;:null,&quot;staff_phone_num&quot;:&quot;09876543&quot;,&quot;staff_email&quot;:&quot;admin@gmail.com&quot;,&quot;staff_supervisor&quot;:&quot;1&quot;,&quot;staff_is_notify_mail&quot;:null,&quot;staff_memo&quot;:null,&quot;deleted_flag&quot;:&quot;0&quot;,&quot;created_user&quot;:&quot;4&quot;,&quot;created_time&quot;:&quot;2021-03-01 00:00:00&quot;,&quot;updated_user&quot;:&quot;1&quot;,&quot;updated_time&quot;:&quot;2021-03-16 08:23:13&quot;},{&quot;staff_id&quot;:&quot;5&quot;,&quot;staff_name&quot;:&quot;NGUY\u1ec4N TH\u00c0NH L\u01af\u01a0NG&quot;,&quot;staff_name_kana&quot;:&quot;EXAMPLE&quot;,&quot;staff_office_id&quot;:&quot;1&quot;,&quot;staff_department_id&quot;:&quot;2&quot;,&quot;staff_password&quot;:&quot;21232f297a57a5a743894a0e4a801fc3&quot;,&quot;staff_pos_code&quot;:&quot;ntl&quot;,&quot;staff_prefectures&quot;:&quot;2&quot;,&quot;staff_city&quot;:&quot;tphcm&quot;,&quot;staff_address&quot;:null,&quot;staff_mansion_info&quot;:null,&quot;staff_phone_num&quot;:&quot;098735678&quot;,&quot;staff_email&quot;:&quot;admin@gmail.com&quot;,&quot;staff_supervisor&quot;:&quot;1&quot;,&quot;staff_is_notify_mail&quot;:null,&quot;staff_memo&quot;:null,&quot;deleted_flag&quot;:&quot;0&quot;,&quot;created_user&quot;:&quot;4&quot;,&quot;created_time&quot;:&quot;2021-03-01 00:00:00&quot;,&quot;updated_user&quot;:&quot;1&quot;,&quot;updated_time&quot;:&quot;2021-03-16 08:23:26&quot;},{&quot;staff_id&quot;:&quot;6&quot;,&quot;staff_name&quot;:&quot;d&quot;,&quot;staff_name_kana&quot;:null,&quot;staff_office_id&quot;:&quot;1&quot;,&quot;staff_department_id&quot;:&quot;2&quot;,&quot;staff_password&quot;:&quot;d41d8cd98f00b204e9800998ecf8427e&quot;,&quot;staff_pos_code&quot;:&quot;999-888&quot;,&quot;staff_prefectures&quot;:&quot;4&quot;,&quot;staff_city&quot;:&quot;\u9152\u7530\u5e02&quot;,&quot;staff_address&quot;:null,&quot;staff_mansion_info&quot;:null,&quot;staff_phone_num&quot;:&quot;098-7356-789&quot;,&quot;staff_email&quot;:&quot;admin@gmail.com&quot;,&quot;staff_supervisor&quot;:null,&quot;staff_is_notify_mail&quot;:null,&quot;staff_memo&quot;:null,&quot;deleted_flag&quot;:&quot;0&quot;,&quot;created_user&quot;:&quot;1&quot;,&quot;created_time&quot;:&quot;2021-03-17 10:46:17&quot;,&quot;updated_user&quot;:null,&quot;updated_time&quot;:null}]
)

2021-04-04 19:33:32 [INFO] ACTION: RunAction#run:[login, login]
2021-04-04 19:33:32 [DEBUG] ACTION: POST:Array
(
    [staff_email] => admin@gmail.com
    [staff_password] => admin
)

2021-04-04 19:33:32 [DEBUG] ACTION: GET:Array
(
    [req] => login
    [mode] => login
)

2021-04-04 19:33:32 [DEBUG] ACTION: BaseMySqliDao#beginTransaction
2021-04-04 19:33:32 [DEBUG] ACTION: BaseMySqliDao#query[run sql = (START TRANSACTION;)
2021-04-04 19:33:32 [DEBUG] ACTION: MStaffDao#selectOne[input sql = (SELECT * FROM m_staff WHERE staff_email = :staffEmail AND staff_password = :userPassword AND deleted_flag <> 1), params = (Array
(
    [staffEmail] => admin@gmail.com
    [userPassword] => 21232f297a57a5a743894a0e4a801fc3
)
)]
2021-04-04 19:33:32 [DEBUG] ACTION: BaseMySqliDao#query[run sql = (SELECT * FROM m_staff WHERE staff_email = 'admin@gmail.com' AND staff_password = '21232f297a57a5a743894a0e4a801fc3' AND deleted_flag <> 1)
2021-04-04 19:33:32 [DEBUG] ACTION: MStaffRoleDao#select[input sql = (SELECT role_id FROM m_staff_roles where  staff_id = :staff_id), params = (Array
(
    [staff_id] => 1
)
)]
2021-04-04 19:33:32 [DEBUG] ACTION: BaseMySqliDao#query[run sql = (SELECT role_id FROM m_staff_roles where  staff_id = '1')
2021-04-04 19:33:32 [DEBUG] ACTION: BaseMySqliDao#commit
2021-04-04 19:33:32 [DEBUG] ACTION: BaseMySqliDao#query[run sql = (COMMIT;)
2021-04-04 19:33:32 [INFO] ACTION: RunAction#run:[index, ]
2021-04-04 19:33:32 [DEBUG] ACTION: POST:Array
(
)

2021-04-04 19:33:32 [DEBUG] ACTION: GET:Array
(
    [req] => index
)

2021-04-04 19:33:32 [DEBUG] ACTION: MProjectDao#selectWithPagging[current page = (1), pageSize = (20), input sql = (SELECT
                    pi.prj_id,
                    pi.prj_cust_name,
                    pi.prj_cust_pos_code,
                    pi.prj_cust_prefectures,
                    pi.prj_cust_city,
                    pi.prj_cust_address,
                    pi.prj_cust_mansion_info,
                    history_upd_item_id,
                    #history_updated_time,
                    history_approve_info.id, #History ID
                    history_updated_time
                FROM
                    prj_info pi     INNER JOIN
                    (
                        SELECT
                          pi.prj_id
                          , puh.id
                          , GROUP_CONCAT(DISTINCT puh.upd_item_id ORDER BY upd_item_id) AS history_upd_item_id
                          ,  max(puh.upd_date_time) as history_updated_time
                        FROM
                            prj_info pi
                            INNER JOIN
                            (
                                SELECT
                                    pi.prj_id
                                FROM
                                    prj_info pi
                                    LEFT JOIN (
                                            SELECT
                                                pas.prj_id
                                                , pas.approve_sts
                                            FROM
                                                m_staff s
                                                INNER JOIN prj_approve_status pas
                                                ON
                                                    pas.staff_id = s.staff_id
                                                    AND pas.deleted_flag <> 1
                                                    AND s.deleted_flag <> 1
                                            WHERE
                                                s.staff_is_notify_mail = 1
                                                AND s.staff_id = :staff_id
                                                AND pas.approve_sts = 1
                                            GROUP BY
                                                pas.prj_id
                                    ) approve
                                    ON
                                        approve.prj_id = pi.prj_id
                                        AND pi.deleted_flag <> 1
                                WHERE
                                    EXISTS(
                                        SELECT 
                                            1
                                        FROM
                                            m_staff
                                        WHERE
                                            staff_id = :staff_id
                                            AND staff_is_notify_mail = 1
                                            AND deleted_flag <> 1
                                    )
                                    AND IFNULL(approve.approve_sts, 0) <> 1
                                UNION
                                SELECT
                                    p.prj_id
                                FROM
                                    prj_info p
                                    INNER JOIN prj_assign_info pa
                                    ON
                                        p.prj_id = pa.prj_id
                                        AND p.deleted_flag <> 1
                                        AND pa.deleted_flag <> 1
                                        AND pa.prj_role_grp = 1
                                        AND pa.prj_staff_pos = 1
                                        
                                    INNER JOIN m_staff s
                                    ON
                                        pa.prj_staff_id = s.staff_id
                                        AND (
                                                (
                                                    s.staff_id = :staff_id
                                                    AND EXISTS(
                                                        SELECT 
                                                            1
                                                        FROM
                                                            prj_shurui_appr_mgt psam
                                                        WHERE
                                                            pa.prj_id = psam.prj_id
                                                            AND
                                                                IFNULL(psam.prj_pic_approve_sts, 0) = 0
                                                            AND psam.deleted_flag <> 1
                                                    )
                                                )
                                                OR 
                                                (
                                                    s.staff_supervisor = :staff_id
                                                    AND EXISTS(
                                                        SELECT 
                                                            1
                                                        FROM
                                                            prj_shurui_appr_mgt psam
                                                        WHERE
                                                            pa.prj_id = psam.prj_id
                                                            AND IFNULL(psam.prj_sup_approve_sts, 0) = 0
                                                            AND psam.deleted_flag <> 1
                                                    )
                                                )
                                                
                                        )
                                GROUP BY
                                    p.prj_id

                            ) approve_info
                            ON
                                pi.prj_id = approve_info.prj_id
                            LEFT JOIN prj_update_history puh 
                            ON 
                                approve_info.prj_id = puh.prj_id
                                AND puh.upd_sts = 1
                                AND puh.deleted_flag <> 1
                        GROUP BY
                            pi.prj_id,puh.id
                    ) history_approve_info
                    ON
                        history_approve_info.prj_id = pi.prj_id
                WHERE pi.deleted_flag <> 1
                ORDER BY history_updated_time desc), params = (Array
(
    [staff_id] => 1
    [role_required] => 
)
)]
2021-04-04 19:33:32 [DEBUG] ACTION: BaseMySqliDao#beginTransaction
2021-04-04 19:33:32 [DEBUG] ACTION: BaseMySqliDao#query[run sql = (START TRANSACTION;)
2021-04-04 19:33:32 [DEBUG] ACTION: MProjectDao#selectOne[input sql = (SELECT COUNT(1) AS CNT FROM (SELECT
                    pi.prj_id,
                    pi.prj_cust_name,
                    pi.prj_cust_pos_code,
                    pi.prj_cust_prefectures,
                    pi.prj_cust_city,
                    pi.prj_cust_address,
                    pi.prj_cust_mansion_info,
                    history_upd_item_id,
                    #history_updated_time,
                    history_approve_info.id, #History ID
                    history_updated_time
                FROM
                    prj_info pi     INNER JOIN
                    (
                        SELECT
                          pi.prj_id
                          , puh.id
                          , GROUP_CONCAT(DISTINCT puh.upd_item_id ORDER BY upd_item_id) AS history_upd_item_id
                          ,  max(puh.upd_date_time) as history_updated_time
                        FROM
                            prj_info pi
                            INNER JOIN
                            (
                                SELECT
                                    pi.prj_id
                                FROM
                                    prj_info pi
                                    LEFT JOIN (
                                            SELECT
                                                pas.prj_id
                                                , pas.approve_sts
                                            FROM
                                                m_staff s
                                                INNER JOIN prj_approve_status pas
                                                ON
                                                    pas.staff_id = s.staff_id
                                                    AND pas.deleted_flag <> 1
                                                    AND s.deleted_flag <> 1
                                            WHERE
                                                s.staff_is_notify_mail = 1
                                                AND s.staff_id = '1'
                                                AND pas.approve_sts = 1
                                            GROUP BY
                                                pas.prj_id
                                    ) approve
                                    ON
                                        approve.prj_id = pi.prj_id
                                        AND pi.deleted_flag <> 1
                                WHERE
                                    EXISTS(
                                        SELECT 
                                            1
                                        FROM
                                            m_staff
                                        WHERE
                                            staff_id = '1'
                                            AND staff_is_notify_mail = 1
                                            AND deleted_flag <> 1
                                    )
                                    AND IFNULL(approve.approve_sts, 0) <> 1
                                UNION
                                SELECT
                                    p.prj_id
                                FROM
                                    prj_info p
                                    INNER JOIN prj_assign_info pa
                                    ON
                                        p.prj_id = pa.prj_id
                                        AND p.deleted_flag <> 1
                                        AND pa.deleted_flag <> 1
                                        AND pa.prj_role_grp = 1
                                        AND pa.prj_staff_pos = 1
                                        
                                    INNER JOIN m_staff s
                                    ON
                                        pa.prj_staff_id = s.staff_id
                                        AND (
                                                (
                                                    s.staff_id = '1'
                                                    AND EXISTS(
                                                        SELECT 
                                                            1
                                                        FROM
                                                            prj_shurui_appr_mgt psam
                                                        WHERE
                                                            pa.prj_id = psam.prj_id
                                                            AND
                                                                IFNULL(psam.prj_pic_approve_sts, 0) = 0
                                                            AND psam.deleted_flag <> 1
                                                    )
                                                )
                                                OR 
                                                (
                                                    s.staff_supervisor = '1'
                                                    AND EXISTS(
                                                        SELECT 
                                                            1
                                                        FROM
                                                            prj_shurui_appr_mgt psam
                                                        WHERE
                                                            pa.prj_id = psam.prj_id
                                                            AND IFNULL(psam.prj_sup_approve_sts, 0) = 0
                                                            AND psam.deleted_flag <> 1
                                                    )
                                                )
                                                
                                        )
                                GROUP BY
                                    p.prj_id

                            ) approve_info
                            ON
                                pi.prj_id = approve_info.prj_id
                            LEFT JOIN prj_update_history puh 
                            ON 
                                approve_info.prj_id = puh.prj_id
                                AND puh.upd_sts = 1
                                AND puh.deleted_flag <> 1
                        GROUP BY
                            pi.prj_id,puh.id
                    ) history_approve_info
                    ON
                        history_approve_info.prj_id = pi.prj_id
                WHERE pi.deleted_flag <> 1
                ORDER BY history_updated_time desc) A), params = ()]
2021-04-04 19:33:32 [DEBUG] ACTION: BaseMySqliDao#query[run sql = (SELECT COUNT(1) AS CNT FROM (SELECT
                    pi.prj_id,
                    pi.prj_cust_name,
                    pi.prj_cust_pos_code,
                    pi.prj_cust_prefectures,
                    pi.prj_cust_city,
                    pi.prj_cust_address,
                    pi.prj_cust_mansion_info,
                    history_upd_item_id,
                    #history_updated_time,
                    history_approve_info.id, #History ID
                    history_updated_time
                FROM
                    prj_info pi     INNER JOIN
                    (
                        SELECT
                          pi.prj_id
                          , puh.id
                          , GROUP_CONCAT(DISTINCT puh.upd_item_id ORDER BY upd_item_id) AS history_upd_item_id
                          ,  max(puh.upd_date_time) as history_updated_time
                        FROM
                            prj_info pi
                            INNER JOIN
                            (
                                SELECT
                                    pi.prj_id
                                FROM
                                    prj_info pi
                                    LEFT JOIN (
                                            SELECT
                                                pas.prj_id
                                                , pas.approve_sts
                                            FROM
                                                m_staff s
                                                INNER JOIN prj_approve_status pas
                                                ON
                                                    pas.staff_id = s.staff_id
                                                    AND pas.deleted_flag <> 1
                                                    AND s.deleted_flag <> 1
                                            WHERE
                                                s.staff_is_notify_mail = 1
                                                AND s.staff_id = '1'
                                                AND pas.approve_sts = 1
                                            GROUP BY
                                                pas.prj_id
                                    ) approve
                                    ON
                                        approve.prj_id = pi.prj_id
                                        AND pi.deleted_flag <> 1
                                WHERE
                                    EXISTS(
                                        SELECT 
                                            1
                                        FROM
                                            m_staff
                                        WHERE
                                            staff_id = '1'
                                            AND staff_is_notify_mail = 1
                                            AND deleted_flag <> 1
                                    )
                                    AND IFNULL(approve.approve_sts, 0) <> 1
                                UNION
                                SELECT
                                    p.prj_id
                                FROM
                                    prj_info p
                                    INNER JOIN prj_assign_info pa
                                    ON
                                        p.prj_id = pa.prj_id
                                        AND p.deleted_flag <> 1
                                        AND pa.deleted_flag <> 1
                                        AND pa.prj_role_grp = 1
                                        AND pa.prj_staff_pos = 1
                                        
                                    INNER JOIN m_staff s
                                    ON
                                        pa.prj_staff_id = s.staff_id
                                        AND (
                                                (
                                                    s.staff_id = '1'
                                                    AND EXISTS(
                                                        SELECT 
                                                            1
                                                        FROM
                                                            prj_shurui_appr_mgt psam
                                                        WHERE
                                                            pa.prj_id = psam.prj_id
                                                            AND
                                                                IFNULL(psam.prj_pic_approve_sts, 0) = 0
                                                            AND psam.deleted_flag <> 1
                                                    )
                                                )
                                                OR 
                                                (
                                                    s.staff_supervisor = '1'
                                                    AND EXISTS(
                                                        SELECT 
                                                            1
                                                        FROM
                                                            prj_shurui_appr_mgt psam
                                                        WHERE
                                                            pa.prj_id = psam.prj_id
                                                            AND IFNULL(psam.prj_sup_approve_sts, 0) = 0
                                                            AND psam.deleted_flag <> 1
                                                    )
                                                )
                                                
                                        )
                                GROUP BY
                                    p.prj_id

                            ) approve_info
                            ON
                                pi.prj_id = approve_info.prj_id
                            LEFT JOIN prj_update_history puh 
                            ON 
                                approve_info.prj_id = puh.prj_id
                                AND puh.upd_sts = 1
                                AND puh.deleted_flag <> 1
                        GROUP BY
                            pi.prj_id,puh.id
                    ) history_approve_info
                    ON
                        history_approve_info.prj_id = pi.prj_id
                WHERE pi.deleted_flag <> 1
                ORDER BY history_updated_time desc) A)
2021-04-04 19:33:32 [DEBUG] ACTION: MProjectDao#select[input sql = (SELECT
                    pi.prj_id,
                    pi.prj_cust_name,
                    pi.prj_cust_pos_code,
                    pi.prj_cust_prefectures,
                    pi.prj_cust_city,
                    pi.prj_cust_address,
                    pi.prj_cust_mansion_info,
                    history_upd_item_id,
                    #history_updated_time,
                    history_approve_info.id, #History ID
                    history_updated_time
                FROM
                    prj_info pi     INNER JOIN
                    (
                        SELECT
                          pi.prj_id
                          , puh.id
                          , GROUP_CONCAT(DISTINCT puh.upd_item_id ORDER BY upd_item_id) AS history_upd_item_id
                          ,  max(puh.upd_date_time) as history_updated_time
                        FROM
                            prj_info pi
                            INNER JOIN
                            (
                                SELECT
                                    pi.prj_id
                                FROM
                                    prj_info pi
                                    LEFT JOIN (
                                            SELECT
                                                pas.prj_id
                                                , pas.approve_sts
                                            FROM
                                                m_staff s
                                                INNER JOIN prj_approve_status pas
                                                ON
                                                    pas.staff_id = s.staff_id
                                                    AND pas.deleted_flag <> 1
                                                    AND s.deleted_flag <> 1
                                            WHERE
                                                s.staff_is_notify_mail = 1
                                                AND s.staff_id = '1'
                                                AND pas.approve_sts = 1
                                            GROUP BY
                                                pas.prj_id
                                    ) approve
                                    ON
                                        approve.prj_id = pi.prj_id
                                        AND pi.deleted_flag <> 1
                                WHERE
                                    EXISTS(
                                        SELECT 
                                            1
                                        FROM
                                            m_staff
                                        WHERE
                                            staff_id = '1'
                                            AND staff_is_notify_mail = 1
                                            AND deleted_flag <> 1
                                    )
                                    AND IFNULL(approve.approve_sts, 0) <> 1
                                UNION
                                SELECT
                                    p.prj_id
                                FROM
                                    prj_info p
                                    INNER JOIN prj_assign_info pa
                                    ON
                                        p.prj_id = pa.prj_id
                                        AND p.deleted_flag <> 1
                                        AND pa.deleted_flag <> 1
                                        AND pa.prj_role_grp = 1
                                        AND pa.prj_staff_pos = 1
                                        
                                    INNER JOIN m_staff s
                                    ON
                                        pa.prj_staff_id = s.staff_id
                                        AND (
                                                (
                                                    s.staff_id = '1'
                                                    AND EXISTS(
                                                        SELECT 
                                                            1
                                                        FROM
                                                            prj_shurui_appr_mgt psam
                                                        WHERE
                                                            pa.prj_id = psam.prj_id
                                                            AND
                                                                IFNULL(psam.prj_pic_approve_sts, 0) = 0
                                                            AND psam.deleted_flag <> 1
                                                    )
                                                )
                                                OR 
                                                (
                                                    s.staff_supervisor = '1'
                                                    AND EXISTS(
                                                        SELECT 
                                                            1
                                                        FROM
                                                            prj_shurui_appr_mgt psam
                                                        WHERE
                                                            pa.prj_id = psam.prj_id
                                                            AND IFNULL(psam.prj_sup_approve_sts, 0) = 0
                                                            AND psam.deleted_flag <> 1
                                                    )
                                                )
                                                
                                        )
                                GROUP BY
                                    p.prj_id

                            ) approve_info
                            ON
                                pi.prj_id = approve_info.prj_id
                            LEFT JOIN prj_update_history puh 
                            ON 
                                approve_info.prj_id = puh.prj_id
                                AND puh.upd_sts = 1
                                AND puh.deleted_flag <> 1
                        GROUP BY
                            pi.prj_id,puh.id
                    ) history_approve_info
                    ON
                        history_approve_info.prj_id = pi.prj_id
                WHERE pi.deleted_flag <> 1
                ORDER BY history_updated_time desc LIMIT 0,20), params = ()]
2021-04-04 19:33:32 [DEBUG] ACTION: BaseMySqliDao#query[run sql = (SELECT
                    pi.prj_id,
                    pi.prj_cust_name,
                    pi.prj_cust_pos_code,
                    pi.prj_cust_prefectures,
                    pi.prj_cust_city,
                    pi.prj_cust_address,
                    pi.prj_cust_mansion_info,
                    history_upd_item_id,
                    #history_updated_time,
                    history_approve_info.id, #History ID
                    history_updated_time
                FROM
                    prj_info pi     INNER JOIN
                    (
                        SELECT
                          pi.prj_id
                          , puh.id
                          , GROUP_CONCAT(DISTINCT puh.upd_item_id ORDER BY upd_item_id) AS history_upd_item_id
                          ,  max(puh.upd_date_time) as history_updated_time
                        FROM
                            prj_info pi
                            INNER JOIN
                            (
                                SELECT
                                    pi.prj_id
                                FROM
                                    prj_info pi
                                    LEFT JOIN (
                                            SELECT
                                                pas.prj_id
                                                , pas.approve_sts
                                            FROM
                                                m_staff s
                                                INNER JOIN prj_approve_status pas
                                                ON
                                                    pas.staff_id = s.staff_id
                                                    AND pas.deleted_flag <> 1
                                                    AND s.deleted_flag <> 1
                                            WHERE
                                                s.staff_is_notify_mail = 1
                                                AND s.staff_id = '1'
                                                AND pas.approve_sts = 1
                                            GROUP BY
                                                pas.prj_id
                                    ) approve
                                    ON
                                        approve.prj_id = pi.prj_id
                                        AND pi.deleted_flag <> 1
                                WHERE
                                    EXISTS(
                                        SELECT 
                                            1
                                        FROM
                                            m_staff
                                        WHERE
                                            staff_id = '1'
                                            AND staff_is_notify_mail = 1
                                            AND deleted_flag <> 1
                                    )
                                    AND IFNULL(approve.approve_sts, 0) <> 1
                                UNION
                                SELECT
                                    p.prj_id
                                FROM
                                    prj_info p
                                    INNER JOIN prj_assign_info pa
                                    ON
                                        p.prj_id = pa.prj_id
                                        AND p.deleted_flag <> 1
                                        AND pa.deleted_flag <> 1
                                        AND pa.prj_role_grp = 1
                                        AND pa.prj_staff_pos = 1
                                        
                                    INNER JOIN m_staff s
                                    ON
                                        pa.prj_staff_id = s.staff_id
                                        AND (
                                                (
                                                    s.staff_id = '1'
                                                    AND EXISTS(
                                                        SELECT 
                                                            1
                                                        FROM
                                                            prj_shurui_appr_mgt psam
                                                        WHERE
                                                            pa.prj_id = psam.prj_id
                                                            AND
                                                                IFNULL(psam.prj_pic_approve_sts, 0) = 0
                                                            AND psam.deleted_flag <> 1
                                                    )
                                                )
                                                OR 
                                                (
                                                    s.staff_supervisor = '1'
                                                    AND EXISTS(
                                                        SELECT 
                                                            1
                                                        FROM
                                                            prj_shurui_appr_mgt psam
                                                        WHERE
                                                            pa.prj_id = psam.prj_id
                                                            AND IFNULL(psam.prj_sup_approve_sts, 0) = 0
                                                            AND psam.deleted_flag <> 1
                                                    )
                                                )
                                                
                                        )
                                GROUP BY
                                    p.prj_id

                            ) approve_info
                            ON
                                pi.prj_id = approve_info.prj_id
                            LEFT JOIN prj_update_history puh 
                            ON 
                                approve_info.prj_id = puh.prj_id
                                AND puh.upd_sts = 1
                                AND puh.deleted_flag <> 1
                        GROUP BY
                            pi.prj_id,puh.id
                    ) history_approve_info
                    ON
                        history_approve_info.prj_id = pi.prj_id
                WHERE pi.deleted_flag <> 1
                ORDER BY history_updated_time desc LIMIT 0,20)
2021-04-04 19:33:32 [DEBUG] ACTION: BaseMySqliDao#rollback
2021-04-04 19:33:32 [DEBUG] ACTION: BaseMySqliDao#query[run sql = (ROLLBACK;)
2021-04-04 19:33:32 [DEBUG] ACTION: processAction#attributes:Array
(
    [viewState] => ViewState Object
        (
            [viewState:ViewState:private] => Array
                (
                    [role_login_id] => Array
                        (
                            [0] => 5
                        )

                )

        )

    [sort_condition] =>  IFNULL(pi.updated_time, pi.created_time) desc
    [currentPage] => 1
    [pageSize] => 20
    [totalRow] => 0
    [urlSearch] => http://admin.local/index.php?req=index&amp;mode=search
    [urlHistory] => http://admin.local/index.php?req=history&amp;mode=index
    [headerUrlEvent] => http://admin.local/index.php?req=event
    [headerUrlEventRegist] => http://admin.local/index.php?req=event&amp;mode=regist
    [headerUrlEventCalendar] => http://admin.local/index.php?req=event&amp;mode=calendar
    [headerUrlEventTrash] => http://admin.local/index.php?req=event&amp;mode=trash
    [headerUrlTypeEvent] => http://admin.local/index.php?req=typeevent
    [headerUrlTypeEventRegist] => http://admin.local/index.php?req=typeevent&amp;mode=regist
    [UrlIndex] => http://admin.local/index.php?req=index
    [userInfo] => Array
        (
            [staff_id] => 1
            [staff_name] => NGUYỄN THÀNH LƯƠNG
            [staff_name_kana] => EXAMPLE
            [staff_office_id] => 1
            [staff_department_id] => 2
            [staff_password] => 21232f297a57a5a743894a0e4a801fc3
            [staff_pos_code] => ntl
            [staff_prefectures] => 2
            [staff_city] => tphcm
            [staff_address] => 
            [staff_mansion_info] => 
            [staff_phone_num] => 09876543
            [staff_email] => admin@gmail.com
            [staff_supervisor] => 1
            [staff_is_notify_mail] => 
            [staff_memo] => 
            [deleted_flag] => 0
            [created_user] => 4
            [created_time] => 2021-03-01 00:00:00
            [updated_user] => 1
            [updated_time] => 2021-03-16 08:23:13
            [roles] => Array
                (
                    [0] => Array
                        (
                            [role_id] => 5
                        )

                )

        )

    [urlLogout] => http://admin.local/index.php?req=login&mode=logout
)

2021-04-04 19:33:36 [INFO] ACTION: RunAction#run:[event, ]
2021-04-04 19:33:36 [DEBUG] ACTION: POST:Array
(
)

2021-04-04 19:33:36 [DEBUG] ACTION: GET:Array
(
    [req] => event
)

2021-04-04 19:33:36 [DEBUG] ACTION: MTypeEventDao#select[input sql = (SELECT id, name_type FROM e_event_type where deleted_flag <> 1 ), params = ()]
2021-04-04 19:33:36 [DEBUG] ACTION: BaseMySqliDao#query[run sql = (SELECT id, name_type FROM e_event_type where deleted_flag <> 1 )
2021-04-04 19:33:36 [DEBUG] ACTION: MEventDao#selectWithPagging[current page = (1), pageSize = (20), input sql = (SELECT * FROM e_event 
				WHERE deleted_flag <> 1  order by  IFNULL(e_event.updated_time, e_event.created_time) desc), params = (Array
(
    [id] => 
    [event_name] => 
    [name_customer] => 
    [phone_customer] => 
    [email_customer] => 
)
)]
2021-04-04 19:33:36 [DEBUG] ACTION: BaseMySqliDao#beginTransaction
2021-04-04 19:33:36 [DEBUG] ACTION: BaseMySqliDao#query[run sql = (START TRANSACTION;)
2021-04-04 19:33:36 [DEBUG] ACTION: MEventDao#selectOne[input sql = (SELECT COUNT(1) AS CNT FROM (SELECT * FROM e_event 
				WHERE deleted_flag <> 1  order by  IFNULL(e_event.updated_time, e_event.created_time) desc) A), params = ()]
2021-04-04 19:33:36 [DEBUG] ACTION: BaseMySqliDao#query[run sql = (SELECT COUNT(1) AS CNT FROM (SELECT * FROM e_event 
				WHERE deleted_flag <> 1  order by  IFNULL(e_event.updated_time, e_event.created_time) desc) A)
2021-04-04 19:33:36 [DEBUG] ACTION: MEventDao#select[input sql = (SELECT * FROM e_event 
				WHERE deleted_flag <> 1  order by  IFNULL(e_event.updated_time, e_event.created_time) desc LIMIT 0,20), params = ()]
2021-04-04 19:33:36 [DEBUG] ACTION: BaseMySqliDao#query[run sql = (SELECT * FROM e_event 
				WHERE deleted_flag <> 1  order by  IFNULL(e_event.updated_time, e_event.created_time) desc LIMIT 0,20)
2021-04-04 19:33:36 [DEBUG] ACTION: BaseMySqliDao#rollback
2021-04-04 19:33:36 [DEBUG] ACTION: BaseMySqliDao#query[run sql = (ROLLBACK;)
2021-04-04 19:33:36 [DEBUG] ACTION: processAction#attributes:Array
(
    [viewState] => ViewState Object
        (
            [viewState:ViewState:private] => Array
                (
                    [role_login_id] => Array
                        (
                            [0] => 5
                        )

                )

        )

    [dataTypeEvent] => Array
        (
            [0] => Array
                (
                    [id] => 34
                    [name_type] => Valentine trắng
                )

            [1] => Array
                (
                    [id] => 35
                    [name_type] => Gặp gỡ 
                )

        )

    [listEvent] => Array
        (
            [0] => Array
                (
                    [id] => 74
                    [event_name] => Họp văn phòng sáng 04/04/2021 và 05/04/2021
                    [start_time] => 2021-04-04 15:48:00
                    [end_time] => 2021-04-05 17:48:00
                    [name_customer] => Nguyễn Thành Lương
                    [phone_customer] => 0987654355
                    [email_customer] => luong.nt@gmail.com
                    [number_adults] => 5
                    [number_kid] => 2
                    [type_id] => 35
                    [status] => 0
                    [deleted_flag] => 0
                    [updated_time] => 2021-04-02 15:51:07
                    [created_time] => 2021-04-02 15:50:00
                    [updated_user] => 1
                    [created_user] => 1
                )

            [1] => Array
                (
                    [id] => 73
                    [event_name] => ffffffff
                    [start_time] => 2021-04-02 15:30:00
                    [end_time] => 2021-04-02 15:40:00
                    [name_customer] => nguyenthanhluong
                    [phone_customer] => 09876543555
                    [email_customer] => luong.nt@gmail.com
                    [number_adults] => 0
                    [number_kid] => 0
                    [type_id] => 34
                    [status] => 0
                    [deleted_flag] => 0
                    [updated_time] => 
                    [created_time] => 2021-04-02 15:31:04
                    [updated_user] => 0
                    [created_user] => 1
                )

            [2] => Array
                (
                    [id] => 72
                    [event_name] => Du lịch Ninh Thuận
                    [start_time] => 2021-04-02 15:26:00
                    [end_time] => 2021-04-02 15:30:00
                    [name_customer] => Nguyen thanh luong
                    [phone_customer] => 0343949
                    [email_customer] => ntl.tdc.edu.vn@gmail.com
                    [number_adults] => 2
                    [number_kid] => 2
                    [type_id] => 34
                    [status] => 1
                    [deleted_flag] => 0
                    [updated_time] => 2021-04-02 15:29:52
                    [created_time] => 2021-04-02 15:27:56
                    [updated_user] => 1
                    [created_user] => 1
                )

            [3] => Array
                (
                    [id] => 62
                    [event_name] => Du lịch Sapa
                    [start_time] => 2021-04-01 04:05:10
                    [end_time] => 2021-04-01 05:06:07
                    [name_customer] => Nguyễn Thành Lương 
                    [phone_customer] => 098765434
                    [email_customer] => ntl.tdc.edu.vn@gmail.com
                    [number_adults] => 9
                    [number_kid] => 3
                    [type_id] => 27
                    [status] => 0
                    [deleted_flag] => 0
                    [updated_time] => 2021-04-01 17:00:38
                    [created_time] => 
                    [updated_user] => 1
                    [created_user] => 0
                )

            [4] => Array
                (
                    [id] => 42
                    [event_name] => tour ninh thuận
                    [start_time] => 2021-04-01 03:41:00
                    [end_time] => 2021-04-01 03:41:00
                    [name_customer] => Nguyễn Thành Lương
                    [phone_customer] => 09876543987
                    [email_customer] => luong.nt@gmail.com
                    [number_adults] => 2
                    [number_kid] => 4
                    [type_id] => 27
                    [status] => 1
                    [deleted_flag] => 0
                    [updated_time] => 
                    [created_time] => 2021-04-01 03:42:33
                    [updated_user] => 0
                    [created_user] => 1
                )

        )

    [currentPage] => 1
    [totalRow] => 5
    [pageSize] => 20
    [urlRegist] => http://admin.local/index.php?req=event&amp;mode=regist
    [urlSearch] => http://admin.local/index.php?req=event&amp;mode=search
    [urlEdit] => http://admin.local/index.php?req=event&amp;mode=edit
    [urlDelete] => http://admin.local/index.php?req=event&amp;mode=delete
    [urlCalendar] => http://admin.local/index.php?req=event&amp;mode=calendar
    [urlCopy] => http://admin.local/index.php?req=event&amp;mode=copy
    [urlTrash] => http://admin.local/index.php?req=event&amp;mode=trash
    [headerUrlEvent] => http://admin.local/index.php?req=event
    [headerUrlEventRegist] => http://admin.local/index.php?req=event&amp;mode=regist
    [headerUrlEventCalendar] => http://admin.local/index.php?req=event&amp;mode=calendar
    [headerUrlEventTrash] => http://admin.local/index.php?req=event&amp;mode=trash
    [headerUrlTypeEvent] => http://admin.local/index.php?req=typeevent
    [headerUrlTypeEventRegist] => http://admin.local/index.php?req=typeevent&amp;mode=regist
    [UrlIndex] => http://admin.local/index.php?req=index
    [userInfo] => Array
        (
            [staff_id] => 1
            [staff_name] => NGUYỄN THÀNH LƯƠNG
            [staff_name_kana] => EXAMPLE
            [staff_office_id] => 1
            [staff_department_id] => 2
            [staff_password] => 21232f297a57a5a743894a0e4a801fc3
            [staff_pos_code] => ntl
            [staff_prefectures] => 2
            [staff_city] => tphcm
            [staff_address] => 
            [staff_mansion_info] => 
            [staff_phone_num] => 09876543
            [staff_email] => admin@gmail.com
            [staff_supervisor] => 1
            [staff_is_notify_mail] => 
            [staff_memo] => 
            [deleted_flag] => 0
            [created_user] => 4
            [created_time] => 2021-03-01 00:00:00
            [updated_user] => 1
            [updated_time] => 2021-03-16 08:23:13
            [roles] => Array
                (
                    [0] => Array
                        (
                            [role_id] => 5
                        )

                )

        )

    [urlLogout] => http://admin.local/index.php?req=login&mode=logout
)

2021-04-04 19:33:45 [INFO] ACTION: RunAction#run:[event, regist]
2021-04-04 19:33:45 [DEBUG] ACTION: POST:Array
(
)

2021-04-04 19:33:45 [DEBUG] ACTION: GET:Array
(
    [req] => event
    [mode] => regist
)

2021-04-04 19:33:45 [DEBUG] ACTION: MTypeEventDao#select[input sql = (SELECT id, name_type FROM e_event_type where deleted_flag <> 1 ), params = ()]
2021-04-04 19:33:45 [DEBUG] ACTION: BaseMySqliDao#query[run sql = (SELECT id, name_type FROM e_event_type where deleted_flag <> 1 )
2021-04-04 19:33:45 [DEBUG] ACTION: processAction#attributes:Array
(
    [viewState] => ViewState Object
        (
            [viewState:ViewState:private] => Array
                (
                    [role_login_id] => Array
                        (
                            [0] => 5
                        )

                )

        )

    [dataTypeEvent] => Array
        (
            [0] => Array
                (
                    [id] => 34
                    [name_type] => Valentine trắng
                )

            [1] => Array
                (
                    [id] => 35
                    [name_type] => Gặp gỡ 
                )

        )

    [urlRegist] => http://admin.local/index.php?req=event&amp;mode=regist
    [urlSearch] => http://admin.local/index.php?req=event&amp;mode=search
    [urlEdit] => http://admin.local/index.php?req=event&amp;mode=edit
    [urlDelete] => http://admin.local/index.php?req=event&amp;mode=delete
    [urlCalendar] => http://admin.local/index.php?req=event&amp;mode=calendar
    [urlCopy] => http://admin.local/index.php?req=event&amp;mode=copy
    [urlTrash] => http://admin.local/index.php?req=event&amp;mode=trash
    [headerUrlEvent] => http://admin.local/index.php?req=event
    [headerUrlEventRegist] => http://admin.local/index.php?req=event&amp;mode=regist
    [headerUrlEventCalendar] => http://admin.local/index.php?req=event&amp;mode=calendar
    [headerUrlEventTrash] => http://admin.local/index.php?req=event&amp;mode=trash
    [headerUrlTypeEvent] => http://admin.local/index.php?req=typeevent
    [headerUrlTypeEventRegist] => http://admin.local/index.php?req=typeevent&amp;mode=regist
    [UrlIndex] => http://admin.local/index.php?req=index
    [userInfo] => Array
        (
            [staff_id] => 1
            [staff_name] => NGUYỄN THÀNH LƯƠNG
            [staff_name_kana] => EXAMPLE
            [staff_office_id] => 1
            [staff_department_id] => 2
            [staff_password] => 21232f297a57a5a743894a0e4a801fc3
            [staff_pos_code] => ntl
            [staff_prefectures] => 2
            [staff_city] => tphcm
            [staff_address] => 
            [staff_mansion_info] => 
            [staff_phone_num] => 09876543
            [staff_email] => admin@gmail.com
            [staff_supervisor] => 1
            [staff_is_notify_mail] => 
            [staff_memo] => 
            [deleted_flag] => 0
            [created_user] => 4
            [created_time] => 2021-03-01 00:00:00
            [updated_user] => 1
            [updated_time] => 2021-03-16 08:23:13
            [roles] => Array
                (
                    [0] => Array
                        (
                            [role_id] => 5
                        )

                )

        )

    [urlLogout] => http://admin.local/index.php?req=login&mode=logout
)

2021-04-04 19:33:59 [INFO] ACTION: RunAction#run:[event, ]
2021-04-04 19:33:59 [DEBUG] ACTION: POST:Array
(
)

2021-04-04 19:33:59 [DEBUG] ACTION: GET:Array
(
    [req] => event
)

2021-04-04 19:33:59 [DEBUG] ACTION: MTypeEventDao#select[input sql = (SELECT id, name_type FROM e_event_type where deleted_flag <> 1 ), params = ()]
2021-04-04 19:33:59 [DEBUG] ACTION: BaseMySqliDao#query[run sql = (SELECT id, name_type FROM e_event_type where deleted_flag <> 1 )
2021-04-04 19:33:59 [DEBUG] ACTION: MEventDao#selectWithPagging[current page = (1), pageSize = (20), input sql = (SELECT * FROM e_event 
				WHERE deleted_flag <> 1  order by  IFNULL(e_event.updated_time, e_event.created_time) desc), params = (Array
(
    [id] => 
    [event_name] => 
    [name_customer] => 
    [phone_customer] => 
    [email_customer] => 
)
)]
2021-04-04 19:33:59 [DEBUG] ACTION: BaseMySqliDao#beginTransaction
2021-04-04 19:33:59 [DEBUG] ACTION: BaseMySqliDao#query[run sql = (START TRANSACTION;)
2021-04-04 19:33:59 [DEBUG] ACTION: MEventDao#selectOne[input sql = (SELECT COUNT(1) AS CNT FROM (SELECT * FROM e_event 
				WHERE deleted_flag <> 1  order by  IFNULL(e_event.updated_time, e_event.created_time) desc) A), params = ()]
2021-04-04 19:33:59 [DEBUG] ACTION: BaseMySqliDao#query[run sql = (SELECT COUNT(1) AS CNT FROM (SELECT * FROM e_event 
				WHERE deleted_flag <> 1  order by  IFNULL(e_event.updated_time, e_event.created_time) desc) A)
2021-04-04 19:33:59 [DEBUG] ACTION: MEventDao#select[input sql = (SELECT * FROM e_event 
				WHERE deleted_flag <> 1  order by  IFNULL(e_event.updated_time, e_event.created_time) desc LIMIT 0,20), params = ()]
2021-04-04 19:33:59 [DEBUG] ACTION: BaseMySqliDao#query[run sql = (SELECT * FROM e_event 
				WHERE deleted_flag <> 1  order by  IFNULL(e_event.updated_time, e_event.created_time) desc LIMIT 0,20)
2021-04-04 19:33:59 [DEBUG] ACTION: BaseMySqliDao#rollback
2021-04-04 19:33:59 [DEBUG] ACTION: BaseMySqliDao#query[run sql = (ROLLBACK;)
2021-04-04 19:33:59 [DEBUG] ACTION: processAction#attributes:Array
(
    [viewState] => ViewState Object
        (
            [viewState:ViewState:private] => Array
                (
                    [role_login_id] => Array
                        (
                            [0] => 5
                        )

                )

        )

    [dataTypeEvent] => Array
        (
            [0] => Array
                (
                    [id] => 34
                    [name_type] => Valentine trắng
                )

            [1] => Array
                (
                    [id] => 35
                    [name_type] => Gặp gỡ 
                )

        )

    [listEvent] => Array
        (
            [0] => Array
                (
                    [id] => 74
                    [event_name] => Họp văn phòng sáng 04/04/2021 và 05/04/2021
                    [start_time] => 2021-04-04 15:48:00
                    [end_time] => 2021-04-05 17:48:00
                    [name_customer] => Nguyễn Thành Lương
                    [phone_customer] => 0987654355
                    [email_customer] => luong.nt@gmail.com
                    [number_adults] => 5
                    [number_kid] => 2
                    [type_id] => 35
                    [status] => 0
                    [deleted_flag] => 0
                    [updated_time] => 2021-04-02 15:51:07
                    [created_time] => 2021-04-02 15:50:00
                    [updated_user] => 1
                    [created_user] => 1
                )

            [1] => Array
                (
                    [id] => 73
                    [event_name] => ffffffff
                    [start_time] => 2021-04-02 15:30:00
                    [end_time] => 2021-04-02 15:40:00
                    [name_customer] => nguyenthanhluong
                    [phone_customer] => 09876543555
                    [email_customer] => luong.nt@gmail.com
                    [number_adults] => 0
                    [number_kid] => 0
                    [type_id] => 34
                    [status] => 0
                    [deleted_flag] => 0
                    [updated_time] => 
                    [created_time] => 2021-04-02 15:31:04
                    [updated_user] => 0
                    [created_user] => 1
                )

            [2] => Array
                (
                    [id] => 72
                    [event_name] => Du lịch Ninh Thuận
                    [start_time] => 2021-04-02 15:26:00
                    [end_time] => 2021-04-02 15:30:00
                    [name_customer] => Nguyen thanh luong
                    [phone_customer] => 0343949
                    [email_customer] => ntl.tdc.edu.vn@gmail.com
                    [number_adults] => 2
                    [number_kid] => 2
                    [type_id] => 34
                    [status] => 1
                    [deleted_flag] => 0
                    [updated_time] => 2021-04-02 15:29:52
                    [created_time] => 2021-04-02 15:27:56
                    [updated_user] => 1
                    [created_user] => 1
                )

            [3] => Array
                (
                    [id] => 62
                    [event_name] => Du lịch Sapa
                    [start_time] => 2021-04-01 04:05:10
                    [end_time] => 2021-04-01 05:06:07
                    [name_customer] => Nguyễn Thành Lương 
                    [phone_customer] => 098765434
                    [email_customer] => ntl.tdc.edu.vn@gmail.com
                    [number_adults] => 9
                    [number_kid] => 3
                    [type_id] => 27
                    [status] => 0
                    [deleted_flag] => 0
                    [updated_time] => 2021-04-01 17:00:38
                    [created_time] => 
                    [updated_user] => 1
                    [created_user] => 0
                )

            [4] => Array
                (
                    [id] => 42
                    [event_name] => tour ninh thuận
                    [start_time] => 2021-04-01 03:41:00
                    [end_time] => 2021-04-01 03:41:00
                    [name_customer] => Nguyễn Thành Lương
                    [phone_customer] => 09876543987
                    [email_customer] => luong.nt@gmail.com
                    [number_adults] => 2
                    [number_kid] => 4
                    [type_id] => 27
                    [status] => 1
                    [deleted_flag] => 0
                    [updated_time] => 
                    [created_time] => 2021-04-01 03:42:33
                    [updated_user] => 0
                    [created_user] => 1
                )

        )

    [currentPage] => 1
    [totalRow] => 5
    [pageSize] => 20
    [urlRegist] => http://admin.local/index.php?req=event&amp;mode=regist
    [urlSearch] => http://admin.local/index.php?req=event&amp;mode=search
    [urlEdit] => http://admin.local/index.php?req=event&amp;mode=edit
    [urlDelete] => http://admin.local/index.php?req=event&amp;mode=delete
    [urlCalendar] => http://admin.local/index.php?req=event&amp;mode=calendar
    [urlCopy] => http://admin.local/index.php?req=event&amp;mode=copy
    [urlTrash] => http://admin.local/index.php?req=event&amp;mode=trash
    [headerUrlEvent] => http://admin.local/index.php?req=event
    [headerUrlEventRegist] => http://admin.local/index.php?req=event&amp;mode=regist
    [headerUrlEventCalendar] => http://admin.local/index.php?req=event&amp;mode=calendar
    [headerUrlEventTrash] => http://admin.local/index.php?req=event&amp;mode=trash
    [headerUrlTypeEvent] => http://admin.local/index.php?req=typeevent
    [headerUrlTypeEventRegist] => http://admin.local/index.php?req=typeevent&amp;mode=regist
    [UrlIndex] => http://admin.local/index.php?req=index
    [userInfo] => Array
        (
            [staff_id] => 1
            [staff_name] => NGUYỄN THÀNH LƯƠNG
            [staff_name_kana] => EXAMPLE
            [staff_office_id] => 1
            [staff_department_id] => 2
            [staff_password] => 21232f297a57a5a743894a0e4a801fc3
            [staff_pos_code] => ntl
            [staff_prefectures] => 2
            [staff_city] => tphcm
            [staff_address] => 
            [staff_mansion_info] => 
            [staff_phone_num] => 09876543
            [staff_email] => admin@gmail.com
            [staff_supervisor] => 1
            [staff_is_notify_mail] => 
            [staff_memo] => 
            [deleted_flag] => 0
            [created_user] => 4
            [created_time] => 2021-03-01 00:00:00
            [updated_user] => 1
            [updated_time] => 2021-03-16 08:23:13
            [roles] => Array
                (
                    [0] => Array
                        (
                            [role_id] => 5
                        )

                )

        )

    [urlLogout] => http://admin.local/index.php?req=login&mode=logout
)

2021-04-04 19:34:06 [INFO] ACTION: RunAction#run:[event, search]
2021-04-04 19:34:06 [DEBUG] ACTION: POST:Array
(
)

2021-04-04 19:34:06 [DEBUG] ACTION: GET:Array
(
    [req] => event
    [mode] => search
    [current_page] => 1
    [sort_condition] => 
    [id] => 
    [event_name] => 
    [name_customer] => 
    [phone_customer] => 
    [email_customer] => 
    [page_size] => 20
)

2021-04-04 19:34:06 [DEBUG] ACTION: MTypeEventDao#select[input sql = (SELECT id, name_type FROM e_event_type where deleted_flag <> 1 ), params = ()]
2021-04-04 19:34:06 [DEBUG] ACTION: BaseMySqliDao#query[run sql = (SELECT id, name_type FROM e_event_type where deleted_flag <> 1 )
2021-04-04 19:34:06 [DEBUG] ACTION: MEventDao#selectWithPagging[current page = (1), pageSize = (20), input sql = (SELECT * FROM e_event 
				WHERE deleted_flag <> 1  order by  IFNULL(e_event.updated_time, e_event.created_time) desc), params = (Array
(
    [id] => 
    [event_name] => 
    [name_customer] => 
    [phone_customer] => 
    [email_customer] => 
)
)]
2021-04-04 19:34:06 [DEBUG] ACTION: BaseMySqliDao#beginTransaction
2021-04-04 19:34:06 [DEBUG] ACTION: BaseMySqliDao#query[run sql = (START TRANSACTION;)
2021-04-04 19:34:06 [DEBUG] ACTION: MEventDao#selectOne[input sql = (SELECT COUNT(1) AS CNT FROM (SELECT * FROM e_event 
				WHERE deleted_flag <> 1  order by  IFNULL(e_event.updated_time, e_event.created_time) desc) A), params = ()]
2021-04-04 19:34:06 [DEBUG] ACTION: BaseMySqliDao#query[run sql = (SELECT COUNT(1) AS CNT FROM (SELECT * FROM e_event 
				WHERE deleted_flag <> 1  order by  IFNULL(e_event.updated_time, e_event.created_time) desc) A)
2021-04-04 19:34:06 [DEBUG] ACTION: MEventDao#select[input sql = (SELECT * FROM e_event 
				WHERE deleted_flag <> 1  order by  IFNULL(e_event.updated_time, e_event.created_time) desc LIMIT 0,20), params = ()]
2021-04-04 19:34:06 [DEBUG] ACTION: BaseMySqliDao#query[run sql = (SELECT * FROM e_event 
				WHERE deleted_flag <> 1  order by  IFNULL(e_event.updated_time, e_event.created_time) desc LIMIT 0,20)
2021-04-04 19:34:06 [DEBUG] ACTION: BaseMySqliDao#rollback
2021-04-04 19:34:06 [DEBUG] ACTION: BaseMySqliDao#query[run sql = (ROLLBACK;)
2021-04-04 19:34:06 [DEBUG] ACTION: processAction#attributes:Array
(
    [viewState] => ViewState Object
        (
            [viewState:ViewState:private] => Array
                (
                    [role_login_id] => Array
                        (
                            [0] => 5
                        )

                )

        )

    [dataTypeEvent] => Array
        (
            [0] => Array
                (
                    [id] => 34
                    [name_type] => Valentine trắng
                )

            [1] => Array
                (
                    [id] => 35
                    [name_type] => Gặp gỡ 
                )

        )

    [listEvent] => Array
        (
            [0] => Array
                (
                    [id] => 74
                    [event_name] => Họp văn phòng sáng 04/04/2021 và 05/04/2021
                    [start_time] => 2021-04-04 15:48:00
                    [end_time] => 2021-04-05 17:48:00
                    [name_customer] => Nguyễn Thành Lương
                    [phone_customer] => 0987654355
                    [email_customer] => luong.nt@gmail.com
                    [number_adults] => 5
                    [number_kid] => 2
                    [type_id] => 35
                    [status] => 0
                    [deleted_flag] => 0
                    [updated_time] => 2021-04-02 15:51:07
                    [created_time] => 2021-04-02 15:50:00
                    [updated_user] => 1
                    [created_user] => 1
                )

            [1] => Array
                (
                    [id] => 73
                    [event_name] => ffffffff
                    [start_time] => 2021-04-02 15:30:00
                    [end_time] => 2021-04-02 15:40:00
                    [name_customer] => nguyenthanhluong
                    [phone_customer] => 09876543555
                    [email_customer] => luong.nt@gmail.com
                    [number_adults] => 0
                    [number_kid] => 0
                    [type_id] => 34
                    [status] => 0
                    [deleted_flag] => 0
                    [updated_time] => 
                    [created_time] => 2021-04-02 15:31:04
                    [updated_user] => 0
                    [created_user] => 1
                )

            [2] => Array
                (
                    [id] => 72
                    [event_name] => Du lịch Ninh Thuận
                    [start_time] => 2021-04-02 15:26:00
                    [end_time] => 2021-04-02 15:30:00
                    [name_customer] => Nguyen thanh luong
                    [phone_customer] => 0343949
                    [email_customer] => ntl.tdc.edu.vn@gmail.com
                    [number_adults] => 2
                    [number_kid] => 2
                    [type_id] => 34
                    [status] => 1
                    [deleted_flag] => 0
                    [updated_time] => 2021-04-02 15:29:52
                    [created_time] => 2021-04-02 15:27:56
                    [updated_user] => 1
                    [created_user] => 1
                )

            [3] => Array
                (
                    [id] => 62
                    [event_name] => Du lịch Sapa
                    [start_time] => 2021-04-01 04:05:10
                    [end_time] => 2021-04-01 05:06:07
                    [name_customer] => Nguyễn Thành Lương 
                    [phone_customer] => 098765434
                    [email_customer] => ntl.tdc.edu.vn@gmail.com
                    [number_adults] => 9
                    [number_kid] => 3
                    [type_id] => 27
                    [status] => 0
                    [deleted_flag] => 0
                    [updated_time] => 2021-04-01 17:00:38
                    [created_time] => 
                    [updated_user] => 1
                    [created_user] => 0
                )

            [4] => Array
                (
                    [id] => 42
                    [event_name] => tour ninh thuận
                    [start_time] => 2021-04-01 03:41:00
                    [end_time] => 2021-04-01 03:41:00
                    [name_customer] => Nguyễn Thành Lương
                    [phone_customer] => 09876543987
                    [email_customer] => luong.nt@gmail.com
                    [number_adults] => 2
                    [number_kid] => 4
                    [type_id] => 27
                    [status] => 1
                    [deleted_flag] => 0
                    [updated_time] => 
                    [created_time] => 2021-04-01 03:42:33
                    [updated_user] => 0
                    [created_user] => 1
                )

        )

    [currentPage] => 1
    [totalRow] => 5
    [pageSize] => 20
    [urlRegist] => http://admin.local/index.php?req=event&amp;mode=regist
    [urlSearch] => http://admin.local/index.php?req=event&amp;mode=search
    [urlEdit] => http://admin.local/index.php?req=event&amp;mode=edit
    [urlDelete] => http://admin.local/index.php?req=event&amp;mode=delete
    [urlCalendar] => http://admin.local/index.php?req=event&amp;mode=calendar
    [urlCopy] => http://admin.local/index.php?req=event&amp;mode=copy
    [urlTrash] => http://admin.local/index.php?req=event&amp;mode=trash
    [headerUrlEvent] => http://admin.local/index.php?req=event
    [headerUrlEventRegist] => http://admin.local/index.php?req=event&amp;mode=regist
    [headerUrlEventCalendar] => http://admin.local/index.php?req=event&amp;mode=calendar
    [headerUrlEventTrash] => http://admin.local/index.php?req=event&amp;mode=trash
    [headerUrlTypeEvent] => http://admin.local/index.php?req=typeevent
    [headerUrlTypeEventRegist] => http://admin.local/index.php?req=typeevent&amp;mode=regist
    [UrlIndex] => http://admin.local/index.php?req=index
    [userInfo] => Array
        (
            [staff_id] => 1
            [staff_name] => NGUYỄN THÀNH LƯƠNG
            [staff_name_kana] => EXAMPLE
            [staff_office_id] => 1
            [staff_department_id] => 2
            [staff_password] => 21232f297a57a5a743894a0e4a801fc3
            [staff_pos_code] => ntl
            [staff_prefectures] => 2
            [staff_city] => tphcm
            [staff_address] => 
            [staff_mansion_info] => 
            [staff_phone_num] => 09876543
            [staff_email] => admin@gmail.com
            [staff_supervisor] => 1
            [staff_is_notify_mail] => 
            [staff_memo] => 
            [deleted_flag] => 0
            [created_user] => 4
            [created_time] => 2021-03-01 00:00:00
            [updated_user] => 1
            [updated_time] => 2021-03-16 08:23:13
            [roles] => Array
                (
                    [0] => Array
                        (
                            [role_id] => 5
                        )

                )

        )

    [urlLogout] => http://admin.local/index.php?req=login&mode=logout
)

2021-04-04 19:34:07 [INFO] ACTION: RunAction#run:[typeevent, ]
2021-04-04 19:34:07 [DEBUG] ACTION: POST:Array
(
)

2021-04-04 19:34:07 [DEBUG] ACTION: GET:Array
(
    [req] => typeevent
)

2021-04-04 19:34:07 [DEBUG] ACTION: MTypeEventDao#selectWithPagging[current page = (1), pageSize = (20), input sql = (SELECT * FROM e_event_type
				WHERE deleted_flag <> 1  order by  IFNULL(e_event_type.updated_time, e_event_type.created_time) desc), params = (Array
(
    [id] => 
    [name_type] => 
    [code_color] => 
    [code_type] => 
)
)]
2021-04-04 19:34:07 [DEBUG] ACTION: BaseMySqliDao#beginTransaction
2021-04-04 19:34:07 [DEBUG] ACTION: BaseMySqliDao#query[run sql = (START TRANSACTION;)
2021-04-04 19:34:07 [DEBUG] ACTION: MTypeEventDao#selectOne[input sql = (SELECT COUNT(1) AS CNT FROM (SELECT * FROM e_event_type
				WHERE deleted_flag <> 1  order by  IFNULL(e_event_type.updated_time, e_event_type.created_time) desc) A), params = ()]
2021-04-04 19:34:07 [DEBUG] ACTION: BaseMySqliDao#query[run sql = (SELECT COUNT(1) AS CNT FROM (SELECT * FROM e_event_type
				WHERE deleted_flag <> 1  order by  IFNULL(e_event_type.updated_time, e_event_type.created_time) desc) A)
2021-04-04 19:34:07 [DEBUG] ACTION: MTypeEventDao#select[input sql = (SELECT * FROM e_event_type
				WHERE deleted_flag <> 1  order by  IFNULL(e_event_type.updated_time, e_event_type.created_time) desc LIMIT 0,20), params = ()]
2021-04-04 19:34:07 [DEBUG] ACTION: BaseMySqliDao#query[run sql = (SELECT * FROM e_event_type
				WHERE deleted_flag <> 1  order by  IFNULL(e_event_type.updated_time, e_event_type.created_time) desc LIMIT 0,20)
2021-04-04 19:34:07 [DEBUG] ACTION: BaseMySqliDao#rollback
2021-04-04 19:34:07 [DEBUG] ACTION: BaseMySqliDao#query[run sql = (ROLLBACK;)
2021-04-04 19:34:07 [DEBUG] ACTION: processAction#attributes:Array
(
    [viewState] => ViewState Object
        (
            [viewState:ViewState:private] => Array
                (
                    [role_login_id] => Array
                        (
                            [0] => 5
                        )

                )

        )

    [listTypeEvent] => Array
        (
            [0] => Array
                (
                    [id] => 35
                    [name_type] => Gặp gỡ 
                    [code_color] => #342291
                    [code_type] => Metting
                    [deleted_flag] => 0
                    [created_user] => 1
                    [updated_user] => 
                    [created_time] => 2021-04-02 15:48:32
                    [updated_time] => 
                )

            [1] => Array
                (
                    [id] => 34
                    [name_type] => Valentine trắng
                    [code_color] => #eeeeee
                    [code_type] => valentinewhite
                    [deleted_flag] => 0
                    [created_user] => 
                    [updated_user] => 1
                    [created_time] => 
                    [updated_time] => 2021-04-01 15:21:24
                )

        )

    [currentPage] => 1
    [totalRow] => 2
    [pageSize] => 20
    [urlRegist] => http://admin.local/index.php?req=typeevent&amp;mode=regist
    [urlSearch] => http://admin.local/index.php?req=typeevent&amp;mode=search
    [urlEdit] => http://admin.local/index.php?req=typeevent&amp;mode=edit
    [urlDelete] => http://admin.local/index.php?req=typeevent&amp;mode=delete
    [urlCopy] => http://admin.local/index.php?req=typeevent&amp;mode=copy
    [headerUrlEvent] => http://admin.local/index.php?req=event
    [headerUrlEventRegist] => http://admin.local/index.php?req=event&amp;mode=regist
    [headerUrlEventCalendar] => http://admin.local/index.php?req=event&amp;mode=calendar
    [headerUrlEventTrash] => http://admin.local/index.php?req=event&amp;mode=trash
    [headerUrlTypeEvent] => http://admin.local/index.php?req=typeevent
    [headerUrlTypeEventRegist] => http://admin.local/index.php?req=typeevent&amp;mode=regist
    [UrlIndex] => http://admin.local/index.php?req=index
    [userInfo] => Array
        (
            [staff_id] => 1
            [staff_name] => NGUYỄN THÀNH LƯƠNG
            [staff_name_kana] => EXAMPLE
            [staff_office_id] => 1
            [staff_department_id] => 2
            [staff_password] => 21232f297a57a5a743894a0e4a801fc3
            [staff_pos_code] => ntl
            [staff_prefectures] => 2
            [staff_city] => tphcm
            [staff_address] => 
            [staff_mansion_info] => 
            [staff_phone_num] => 09876543
            [staff_email] => admin@gmail.com
            [staff_supervisor] => 1
            [staff_is_notify_mail] => 
            [staff_memo] => 
            [deleted_flag] => 0
            [created_user] => 4
            [created_time] => 2021-03-01 00:00:00
            [updated_user] => 1
            [updated_time] => 2021-03-16 08:23:13
            [roles] => Array
                (
                    [0] => Array
                        (
                            [role_id] => 5
                        )

                )

        )

    [urlLogout] => http://admin.local/index.php?req=login&mode=logout
)

2021-04-04 19:34:13 [INFO] ACTION: RunAction#run:[event, calendar]
2021-04-04 19:34:13 [DEBUG] ACTION: POST:Array
(
)

2021-04-04 19:34:13 [DEBUG] ACTION: GET:Array
(
    [req] => event
    [mode] => calendar
)

2021-04-04 19:34:13 [DEBUG] ACTION: processAction#attributes:Array
(
    [viewState] => ViewState Object
        (
            [viewState:ViewState:private] => Array
                (
                    [role_login_id] => Array
                        (
                            [0] => 5
                        )

                )

        )

    [urlRegist] => http://admin.local/index.php?req=event&amp;mode=regist
    [urlSearch] => http://admin.local/index.php?req=event&amp;mode=search
    [urlEdit] => http://admin.local/index.php?req=event&amp;mode=edit
    [urlDelete] => http://admin.local/index.php?req=event&amp;mode=delete
    [urlCalendar] => http://admin.local/index.php?req=event&amp;mode=calendar
    [urlCopy] => http://admin.local/index.php?req=event&amp;mode=copy
    [urlTrash] => http://admin.local/index.php?req=event&amp;mode=trash
    [headerUrlEvent] => http://admin.local/index.php?req=event
    [headerUrlEventRegist] => http://admin.local/index.php?req=event&amp;mode=regist
    [headerUrlEventCalendar] => http://admin.local/index.php?req=event&amp;mode=calendar
    [headerUrlEventTrash] => http://admin.local/index.php?req=event&amp;mode=trash
    [headerUrlTypeEvent] => http://admin.local/index.php?req=typeevent
    [headerUrlTypeEventRegist] => http://admin.local/index.php?req=typeevent&amp;mode=regist
    [UrlIndex] => http://admin.local/index.php?req=index
    [userInfo] => Array
        (
            [staff_id] => 1
            [staff_name] => NGUYỄN THÀNH LƯƠNG
            [staff_name_kana] => EXAMPLE
            [staff_office_id] => 1
            [staff_department_id] => 2
            [staff_password] => 21232f297a57a5a743894a0e4a801fc3
            [staff_pos_code] => ntl
            [staff_prefectures] => 2
            [staff_city] => tphcm
            [staff_address] => 
            [staff_mansion_info] => 
            [staff_phone_num] => 09876543
            [staff_email] => admin@gmail.com
            [staff_supervisor] => 1
            [staff_is_notify_mail] => 
            [staff_memo] => 
            [deleted_flag] => 0
            [created_user] => 4
            [created_time] => 2021-03-01 00:00:00
            [updated_user] => 1
            [updated_time] => 2021-03-16 08:23:13
            [roles] => Array
                (
                    [0] => Array
                        (
                            [role_id] => 5
                        )

                )

        )

    [urlLogout] => http://admin.local/index.php?req=login&mode=logout
)

