2021-04-02 10:12:45 [INFO] ACTION: RunAction#run:[typeevent, ]
2021-04-02 10:12:45 [INFO] ACTION: RunAction#run:[event, ]
2021-04-02 10:12:45 [DEBUG] ACTION: POST:Array
(
)

2021-04-02 10:12:45 [DEBUG] ACTION: POST:Array
(
)

2021-04-02 10:12:45 [DEBUG] ACTION: GET:Array
(
    [req] => typeevent
)

2021-04-02 10:12:45 [DEBUG] ACTION: GET:Array
(
    [req] => event
)

2021-04-02 10:12:45 [DEBUG] ACTION: MTypeEventDao#selectWithPagging[current page = (1), pageSize = (20), input sql = (SELECT * FROM e_event_type
				WHERE deleted_flag <> 1  order by  IFNULL(e_event_type.updated_time, e_event_type.created_time) desc), params = (Array
(
    [id] => 
    [name_type] => 
    [code_color] => 
    [code_type] => 
)
)]
2021-04-02 10:12:45 [DEBUG] ACTION: BaseMySqliDao#beginTransaction
2021-04-02 10:12:45 [DEBUG] ACTION: MEventDao#select[input sql = (SELECT * FROM e_event_type LEFT JOIN e_event AS event ON e_event_type.id = event.type_id where event.deleted_flag <> 1 and e_event_type.deleted_flag <> 1 ), params = ()]
2021-04-02 10:12:45 [DEBUG] ACTION: BaseMySqliDao#query[run sql = (START TRANSACTION;)
2021-04-02 10:12:45 [DEBUG] ACTION: MTypeEventDao#selectOne[input sql = (SELECT COUNT(1) AS CNT FROM (SELECT * FROM e_event_type
				WHERE deleted_flag <> 1  order by  IFNULL(e_event_type.updated_time, e_event_type.created_time) desc) A), params = ()]
2021-04-02 10:12:45 [DEBUG] ACTION: BaseMySqliDao#query[run sql = (SELECT COUNT(1) AS CNT FROM (SELECT * FROM e_event_type
				WHERE deleted_flag <> 1  order by  IFNULL(e_event_type.updated_time, e_event_type.created_time) desc) A)
2021-04-02 10:12:45 [DEBUG] ACTION: MTypeEventDao#select[input sql = (SELECT * FROM e_event_type
				WHERE deleted_flag <> 1  order by  IFNULL(e_event_type.updated_time, e_event_type.created_time) desc LIMIT 0,20), params = ()]
2021-04-02 10:12:45 [DEBUG] ACTION: BaseMySqliDao#query[run sql = (SELECT * FROM e_event_type
				WHERE deleted_flag <> 1  order by  IFNULL(e_event_type.updated_time, e_event_type.created_time) desc LIMIT 0,20)
2021-04-02 10:12:45 [DEBUG] ACTION: BaseMySqliDao#rollback
2021-04-02 10:12:45 [DEBUG] ACTION: BaseMySqliDao#query[run sql = (ROLLBACK;)
2021-04-02 10:12:45 [DEBUG] ACTION: BaseMySqliDao#query[run sql = (SELECT * FROM e_event_type LEFT JOIN e_event AS event ON e_event_type.id = event.type_id where event.deleted_flag <> 1 and e_event_type.deleted_flag <> 1 )
2021-04-02 10:16:36 [INFO] ACTION: RunAction#run:[event, ]
2021-04-02 10:16:36 [DEBUG] ACTION: POST:Array
(
)

2021-04-02 10:16:36 [DEBUG] ACTION: GET:Array
(
    [req] => event
)

2021-04-02 10:16:36 [INFO] ACTION: RunAction#run:[typeevent, ]
2021-04-02 10:16:36 [DEBUG] ACTION: POST:Array
(
)

2021-04-02 10:16:36 [DEBUG] ACTION: GET:Array
(
    [req] => typeevent
)

2021-04-02 10:16:36 [DEBUG] ACTION: MEventDao#select[input sql = (SELECT * FROM e_event_type LEFT JOIN e_event AS event ON e_event_type.id = event.type_id where event.deleted_flag <> 1 and e_event_type.deleted_flag <> 1 ), params = ()]
2021-04-02 10:16:36 [DEBUG] ACTION: BaseMySqliDao#query[run sql = (SELECT * FROM e_event_type LEFT JOIN e_event AS event ON e_event_type.id = event.type_id where event.deleted_flag <> 1 and e_event_type.deleted_flag <> 1 )
2021-04-02 10:16:36 [DEBUG] ACTION: MTypeEventDao#selectWithPagging[current page = (1), pageSize = (20), input sql = (SELECT * FROM e_event_type
				WHERE deleted_flag <> 1  order by  IFNULL(e_event_type.updated_time, e_event_type.created_time) desc), params = (Array
(
    [id] => 
    [name_type] => 
    [code_color] => 
    [code_type] => 
)
)]
2021-04-02 10:16:36 [DEBUG] ACTION: BaseMySqliDao#beginTransaction
2021-04-02 10:16:36 [DEBUG] ACTION: BaseMySqliDao#query[run sql = (START TRANSACTION;)
2021-04-02 10:16:36 [DEBUG] ACTION: MTypeEventDao#selectOne[input sql = (SELECT COUNT(1) AS CNT FROM (SELECT * FROM e_event_type
				WHERE deleted_flag <> 1  order by  IFNULL(e_event_type.updated_time, e_event_type.created_time) desc) A), params = ()]
2021-04-02 10:16:36 [DEBUG] ACTION: BaseMySqliDao#query[run sql = (SELECT COUNT(1) AS CNT FROM (SELECT * FROM e_event_type
				WHERE deleted_flag <> 1  order by  IFNULL(e_event_type.updated_time, e_event_type.created_time) desc) A)
2021-04-02 10:16:36 [DEBUG] ACTION: MTypeEventDao#select[input sql = (SELECT * FROM e_event_type
				WHERE deleted_flag <> 1  order by  IFNULL(e_event_type.updated_time, e_event_type.created_time) desc LIMIT 0,20), params = ()]
2021-04-02 10:16:36 [DEBUG] ACTION: BaseMySqliDao#query[run sql = (SELECT * FROM e_event_type
				WHERE deleted_flag <> 1  order by  IFNULL(e_event_type.updated_time, e_event_type.created_time) desc LIMIT 0,20)
2021-04-02 10:16:36 [DEBUG] ACTION: BaseMySqliDao#rollback
2021-04-02 10:16:36 [DEBUG] ACTION: BaseMySqliDao#query[run sql = (ROLLBACK;)
2021-04-02 10:28:09 [INFO] ACTION: RunAction#run:[typeevent, ]
2021-04-02 10:28:09 [DEBUG] ACTION: POST:Array
(
)

2021-04-02 10:28:09 [DEBUG] ACTION: GET:Array
(
    [req] => typeevent
)

2021-04-02 10:28:09 [INFO] ACTION: RunAction#run:[event, ]
2021-04-02 10:28:09 [DEBUG] ACTION: POST:Array
(
)

2021-04-02 10:28:09 [DEBUG] ACTION: GET:Array
(
    [req] => event
)

2021-04-02 10:28:09 [DEBUG] ACTION: MTypeEventDao#selectWithPagging[current page = (1), pageSize = (20), input sql = (SELECT * FROM e_event_type
				WHERE deleted_flag <> 1  order by  IFNULL(e_event_type.updated_time, e_event_type.created_time) desc), params = (Array
(
    [id] => 
    [name_type] => 
    [code_color] => 
    [code_type] => 
)
)]
2021-04-02 10:28:09 [DEBUG] ACTION: BaseMySqliDao#beginTransaction
2021-04-02 10:28:09 [DEBUG] ACTION: MEventDao#select[input sql = (SELECT * FROM e_event_type LEFT JOIN e_event AS event ON e_event_type.id = event.type_id where event.deleted_flag <> 1 and e_event_type.deleted_flag <> 1 ), params = ()]
2021-04-02 10:28:09 [DEBUG] ACTION: BaseMySqliDao#query[run sql = (START TRANSACTION;)
2021-04-02 10:28:09 [DEBUG] ACTION: BaseMySqliDao#query[run sql = (SELECT * FROM e_event_type LEFT JOIN e_event AS event ON e_event_type.id = event.type_id where event.deleted_flag <> 1 and e_event_type.deleted_flag <> 1 )
2021-04-02 10:28:09 [DEBUG] ACTION: MTypeEventDao#selectOne[input sql = (SELECT COUNT(1) AS CNT FROM (SELECT * FROM e_event_type
				WHERE deleted_flag <> 1  order by  IFNULL(e_event_type.updated_time, e_event_type.created_time) desc) A), params = ()]
2021-04-02 10:28:09 [DEBUG] ACTION: BaseMySqliDao#query[run sql = (SELECT COUNT(1) AS CNT FROM (SELECT * FROM e_event_type
				WHERE deleted_flag <> 1  order by  IFNULL(e_event_type.updated_time, e_event_type.created_time) desc) A)
2021-04-02 10:28:09 [DEBUG] ACTION: MTypeEventDao#select[input sql = (SELECT * FROM e_event_type
				WHERE deleted_flag <> 1  order by  IFNULL(e_event_type.updated_time, e_event_type.created_time) desc LIMIT 0,20), params = ()]
2021-04-02 10:28:09 [DEBUG] ACTION: BaseMySqliDao#query[run sql = (SELECT * FROM e_event_type
				WHERE deleted_flag <> 1  order by  IFNULL(e_event_type.updated_time, e_event_type.created_time) desc LIMIT 0,20)
2021-04-02 10:28:09 [DEBUG] ACTION: BaseMySqliDao#rollback
2021-04-02 10:28:09 [DEBUG] ACTION: BaseMySqliDao#query[run sql = (ROLLBACK;)
2021-04-02 10:44:48 [INFO] ACTION: RunAction#run:[event, ]
2021-04-02 10:44:48 [INFO] ACTION: RunAction#run:[typeevent, ]
2021-04-02 10:44:48 [DEBUG] ACTION: POST:Array
(
)

2021-04-02 10:44:48 [DEBUG] ACTION: POST:Array
(
)

2021-04-02 10:44:48 [DEBUG] ACTION: GET:Array
(
    [req] => event
)

2021-04-02 10:44:48 [DEBUG] ACTION: GET:Array
(
    [req] => typeevent
)

2021-04-02 10:44:48 [DEBUG] ACTION: MTypeEventDao#selectWithPagging[current page = (1), pageSize = (20), input sql = (SELECT * FROM e_event_type
				WHERE deleted_flag <> 1  order by  IFNULL(e_event_type.updated_time, e_event_type.created_time) desc), params = (Array
(
    [id] => 
    [name_type] => 
    [code_color] => 
    [code_type] => 
)
)]
2021-04-02 10:44:48 [DEBUG] ACTION: BaseMySqliDao#beginTransaction
2021-04-02 10:44:48 [DEBUG] ACTION: MEventDao#select[input sql = (SELECT * FROM e_event_type LEFT JOIN e_event AS event ON e_event_type.id = event.type_id where event.deleted_flag <> 1 and e_event_type.deleted_flag <> 1 ), params = ()]
2021-04-02 10:44:48 [DEBUG] ACTION: BaseMySqliDao#query[run sql = (START TRANSACTION;)
2021-04-02 10:44:48 [DEBUG] ACTION: BaseMySqliDao#query[run sql = (SELECT * FROM e_event_type LEFT JOIN e_event AS event ON e_event_type.id = event.type_id where event.deleted_flag <> 1 and e_event_type.deleted_flag <> 1 )
2021-04-02 10:44:48 [DEBUG] ACTION: MTypeEventDao#selectOne[input sql = (SELECT COUNT(1) AS CNT FROM (SELECT * FROM e_event_type
				WHERE deleted_flag <> 1  order by  IFNULL(e_event_type.updated_time, e_event_type.created_time) desc) A), params = ()]
2021-04-02 10:44:48 [DEBUG] ACTION: BaseMySqliDao#query[run sql = (SELECT COUNT(1) AS CNT FROM (SELECT * FROM e_event_type
				WHERE deleted_flag <> 1  order by  IFNULL(e_event_type.updated_time, e_event_type.created_time) desc) A)
2021-04-02 10:44:48 [DEBUG] ACTION: MTypeEventDao#select[input sql = (SELECT * FROM e_event_type
				WHERE deleted_flag <> 1  order by  IFNULL(e_event_type.updated_time, e_event_type.created_time) desc LIMIT 0,20), params = ()]
2021-04-02 10:44:48 [DEBUG] ACTION: BaseMySqliDao#query[run sql = (SELECT * FROM e_event_type
				WHERE deleted_flag <> 1  order by  IFNULL(e_event_type.updated_time, e_event_type.created_time) desc LIMIT 0,20)
2021-04-02 10:44:48 [DEBUG] ACTION: BaseMySqliDao#rollback
2021-04-02 10:44:48 [DEBUG] ACTION: BaseMySqliDao#query[run sql = (ROLLBACK;)
2021-04-02 10:47:36 [INFO] ACTION: RunAction#run:[typeevent, ]
2021-04-02 10:47:36 [DEBUG] ACTION: POST:Array
(
)

2021-04-02 10:47:36 [DEBUG] ACTION: GET:Array
(
    [req] => typeevent
)

2021-04-02 10:47:36 [DEBUG] ACTION: MTypeEventDao#selectWithPagging[current page = (1), pageSize = (20), input sql = (SELECT * FROM e_event_type
				WHERE deleted_flag <> 1  order by  IFNULL(e_event_type.updated_time, e_event_type.created_time) desc), params = (Array
(
    [id] => 
    [name_type] => 
    [code_color] => 
    [code_type] => 
)
)]
2021-04-02 10:47:36 [DEBUG] ACTION: BaseMySqliDao#beginTransaction
2021-04-02 10:47:36 [DEBUG] ACTION: BaseMySqliDao#query[run sql = (START TRANSACTION;)
2021-04-02 10:47:36 [DEBUG] ACTION: MTypeEventDao#selectOne[input sql = (SELECT COUNT(1) AS CNT FROM (SELECT * FROM e_event_type
				WHERE deleted_flag <> 1  order by  IFNULL(e_event_type.updated_time, e_event_type.created_time) desc) A), params = ()]
2021-04-02 10:47:36 [DEBUG] ACTION: BaseMySqliDao#query[run sql = (SELECT COUNT(1) AS CNT FROM (SELECT * FROM e_event_type
				WHERE deleted_flag <> 1  order by  IFNULL(e_event_type.updated_time, e_event_type.created_time) desc) A)
2021-04-02 10:47:36 [DEBUG] ACTION: MTypeEventDao#select[input sql = (SELECT * FROM e_event_type
				WHERE deleted_flag <> 1  order by  IFNULL(e_event_type.updated_time, e_event_type.created_time) desc LIMIT 0,20), params = ()]
2021-04-02 10:47:36 [DEBUG] ACTION: BaseMySqliDao#query[run sql = (SELECT * FROM e_event_type
				WHERE deleted_flag <> 1  order by  IFNULL(e_event_type.updated_time, e_event_type.created_time) desc LIMIT 0,20)
2021-04-02 10:47:36 [DEBUG] ACTION: BaseMySqliDao#rollback
2021-04-02 10:47:36 [DEBUG] ACTION: BaseMySqliDao#query[run sql = (ROLLBACK;)
2021-04-02 10:47:36 [INFO] ACTION: RunAction#run:[event, ]
2021-04-02 10:47:36 [DEBUG] ACTION: POST:Array
(
)

2021-04-02 10:47:36 [DEBUG] ACTION: GET:Array
(
    [req] => event
)

2021-04-02 10:47:36 [DEBUG] ACTION: MEventDao#select[input sql = (SELECT * FROM e_event_type LEFT JOIN e_event AS event ON e_event_type.id = event.type_id where event.deleted_flag <> 1 and e_event_type.deleted_flag <> 1 ), params = ()]
2021-04-02 10:47:36 [DEBUG] ACTION: BaseMySqliDao#query[run sql = (SELECT * FROM e_event_type LEFT JOIN e_event AS event ON e_event_type.id = event.type_id where event.deleted_flag <> 1 and e_event_type.deleted_flag <> 1 )
2021-04-02 10:50:06 [INFO] ACTION: RunAction#run:[typeevent, ]
2021-04-02 10:50:06 [DEBUG] ACTION: POST:Array
(
)

2021-04-02 10:50:06 [DEBUG] ACTION: GET:Array
(
    [req] => typeevent
)

2021-04-02 10:50:06 [INFO] ACTION: RunAction#run:[event, ]
2021-04-02 10:50:06 [DEBUG] ACTION: POST:Array
(
)

2021-04-02 10:50:06 [DEBUG] ACTION: GET:Array
(
    [req] => event
)

2021-04-02 10:50:06 [DEBUG] ACTION: MTypeEventDao#selectWithPagging[current page = (1), pageSize = (20), input sql = (SELECT * FROM e_event_type
				WHERE deleted_flag <> 1  order by  IFNULL(e_event_type.updated_time, e_event_type.created_time) desc), params = (Array
(
    [id] => 
    [name_type] => 
    [code_color] => 
    [code_type] => 
)
)]
2021-04-02 10:50:06 [DEBUG] ACTION: MEventDao#select[input sql = (SELECT * FROM e_event_type LEFT JOIN e_event AS event ON e_event_type.id = event.type_id where event.deleted_flag <> 1 and e_event_type.deleted_flag <> 1 ), params = ()]
2021-04-02 10:50:06 [DEBUG] ACTION: BaseMySqliDao#beginTransaction
2021-04-02 10:50:06 [DEBUG] ACTION: BaseMySqliDao#query[run sql = (START TRANSACTION;)
2021-04-02 10:50:06 [DEBUG] ACTION: BaseMySqliDao#query[run sql = (SELECT * FROM e_event_type LEFT JOIN e_event AS event ON e_event_type.id = event.type_id where event.deleted_flag <> 1 and e_event_type.deleted_flag <> 1 )
2021-04-02 10:50:06 [DEBUG] ACTION: MTypeEventDao#selectOne[input sql = (SELECT COUNT(1) AS CNT FROM (SELECT * FROM e_event_type
				WHERE deleted_flag <> 1  order by  IFNULL(e_event_type.updated_time, e_event_type.created_time) desc) A), params = ()]
2021-04-02 10:50:06 [DEBUG] ACTION: BaseMySqliDao#query[run sql = (SELECT COUNT(1) AS CNT FROM (SELECT * FROM e_event_type
				WHERE deleted_flag <> 1  order by  IFNULL(e_event_type.updated_time, e_event_type.created_time) desc) A)
2021-04-02 10:50:06 [DEBUG] ACTION: MTypeEventDao#select[input sql = (SELECT * FROM e_event_type
				WHERE deleted_flag <> 1  order by  IFNULL(e_event_type.updated_time, e_event_type.created_time) desc LIMIT 0,20), params = ()]
2021-04-02 10:50:06 [DEBUG] ACTION: BaseMySqliDao#query[run sql = (SELECT * FROM e_event_type
				WHERE deleted_flag <> 1  order by  IFNULL(e_event_type.updated_time, e_event_type.created_time) desc LIMIT 0,20)
2021-04-02 10:50:06 [DEBUG] ACTION: BaseMySqliDao#rollback
2021-04-02 10:50:06 [DEBUG] ACTION: BaseMySqliDao#query[run sql = (ROLLBACK;)
2021-04-02 10:50:45 [INFO] ACTION: RunAction#run:[typeevent, ]
2021-04-02 10:50:45 [DEBUG] ACTION: POST:Array
(
)

2021-04-02 10:50:45 [DEBUG] ACTION: GET:Array
(
    [req] => typeevent
)

2021-04-02 10:50:45 [DEBUG] ACTION: MTypeEventDao#selectWithPagging[current page = (1), pageSize = (20), input sql = (SELECT * FROM e_event_type
				WHERE deleted_flag <> 1  order by  IFNULL(e_event_type.updated_time, e_event_type.created_time) desc), params = (Array
(
    [id] => 
    [name_type] => 
    [code_color] => 
    [code_type] => 
)
)]
2021-04-02 10:50:45 [DEBUG] ACTION: BaseMySqliDao#beginTransaction
2021-04-02 10:50:45 [DEBUG] ACTION: BaseMySqliDao#query[run sql = (START TRANSACTION;)
2021-04-02 10:50:45 [DEBUG] ACTION: MTypeEventDao#selectOne[input sql = (SELECT COUNT(1) AS CNT FROM (SELECT * FROM e_event_type
				WHERE deleted_flag <> 1  order by  IFNULL(e_event_type.updated_time, e_event_type.created_time) desc) A), params = ()]
2021-04-02 10:50:45 [DEBUG] ACTION: BaseMySqliDao#query[run sql = (SELECT COUNT(1) AS CNT FROM (SELECT * FROM e_event_type
				WHERE deleted_flag <> 1  order by  IFNULL(e_event_type.updated_time, e_event_type.created_time) desc) A)
2021-04-02 10:50:45 [DEBUG] ACTION: MTypeEventDao#select[input sql = (SELECT * FROM e_event_type
				WHERE deleted_flag <> 1  order by  IFNULL(e_event_type.updated_time, e_event_type.created_time) desc LIMIT 0,20), params = ()]
2021-04-02 10:50:45 [DEBUG] ACTION: BaseMySqliDao#query[run sql = (SELECT * FROM e_event_type
				WHERE deleted_flag <> 1  order by  IFNULL(e_event_type.updated_time, e_event_type.created_time) desc LIMIT 0,20)
2021-04-02 10:50:45 [DEBUG] ACTION: BaseMySqliDao#rollback
2021-04-02 10:50:45 [DEBUG] ACTION: BaseMySqliDao#query[run sql = (ROLLBACK;)
2021-04-02 10:50:45 [INFO] ACTION: RunAction#run:[event, ]
2021-04-02 10:50:45 [DEBUG] ACTION: POST:Array
(
)

2021-04-02 10:50:45 [DEBUG] ACTION: GET:Array
(
    [req] => event
)

2021-04-02 10:50:45 [DEBUG] ACTION: MEventDao#select[input sql = (SELECT * FROM e_event_type LEFT JOIN e_event AS event ON e_event_type.id = event.type_id where event.deleted_flag <> 1 and e_event_type.deleted_flag <> 1 ), params = ()]
2021-04-02 10:50:45 [DEBUG] ACTION: BaseMySqliDao#query[run sql = (SELECT * FROM e_event_type LEFT JOIN e_event AS event ON e_event_type.id = event.type_id where event.deleted_flag <> 1 and e_event_type.deleted_flag <> 1 )
2021-04-02 10:51:08 [INFO] ACTION: RunAction#run:[typeevent, ]
2021-04-02 10:51:08 [DEBUG] ACTION: POST:Array
(
)

2021-04-02 10:51:08 [DEBUG] ACTION: GET:Array
(
    [req] => typeevent
)

2021-04-02 10:51:08 [DEBUG] ACTION: MTypeEventDao#selectWithPagging[current page = (1), pageSize = (20), input sql = (SELECT * FROM e_event_type
				WHERE deleted_flag <> 1  order by  IFNULL(e_event_type.updated_time, e_event_type.created_time) desc), params = (Array
(
    [id] => 
    [name_type] => 
    [code_color] => 
    [code_type] => 
)
)]
2021-04-02 10:51:08 [DEBUG] ACTION: BaseMySqliDao#beginTransaction
2021-04-02 10:51:08 [DEBUG] ACTION: BaseMySqliDao#query[run sql = (START TRANSACTION;)
2021-04-02 10:51:08 [DEBUG] ACTION: MTypeEventDao#selectOne[input sql = (SELECT COUNT(1) AS CNT FROM (SELECT * FROM e_event_type
				WHERE deleted_flag <> 1  order by  IFNULL(e_event_type.updated_time, e_event_type.created_time) desc) A), params = ()]
2021-04-02 10:51:08 [DEBUG] ACTION: BaseMySqliDao#query[run sql = (SELECT COUNT(1) AS CNT FROM (SELECT * FROM e_event_type
				WHERE deleted_flag <> 1  order by  IFNULL(e_event_type.updated_time, e_event_type.created_time) desc) A)
2021-04-02 10:51:08 [DEBUG] ACTION: MTypeEventDao#select[input sql = (SELECT * FROM e_event_type
				WHERE deleted_flag <> 1  order by  IFNULL(e_event_type.updated_time, e_event_type.created_time) desc LIMIT 0,20), params = ()]
2021-04-02 10:51:08 [INFO] ACTION: RunAction#run:[event, ]
2021-04-02 10:51:08 [DEBUG] ACTION: POST:Array
(
)

2021-04-02 10:51:08 [DEBUG] ACTION: GET:Array
(
    [req] => event
)

2021-04-02 10:51:08 [DEBUG] ACTION: BaseMySqliDao#query[run sql = (SELECT * FROM e_event_type
				WHERE deleted_flag <> 1  order by  IFNULL(e_event_type.updated_time, e_event_type.created_time) desc LIMIT 0,20)
2021-04-02 10:51:08 [DEBUG] ACTION: BaseMySqliDao#rollback
2021-04-02 10:51:08 [DEBUG] ACTION: BaseMySqliDao#query[run sql = (ROLLBACK;)
2021-04-02 10:51:08 [DEBUG] ACTION: MEventDao#select[input sql = (SELECT * FROM e_event_type LEFT JOIN e_event AS event ON e_event_type.id = event.type_id where event.deleted_flag <> 1 and e_event_type.deleted_flag <> 1 ), params = ()]
2021-04-02 10:51:08 [DEBUG] ACTION: BaseMySqliDao#query[run sql = (SELECT * FROM e_event_type LEFT JOIN e_event AS event ON e_event_type.id = event.type_id where event.deleted_flag <> 1 and e_event_type.deleted_flag <> 1 )
2021-04-02 10:58:39 [INFO] ACTION: RunAction#run:[typeevent, ]
2021-04-02 10:58:39 [INFO] ACTION: RunAction#run:[event, ]
2021-04-02 10:58:39 [DEBUG] ACTION: POST:Array
(
)

2021-04-02 10:58:39 [DEBUG] ACTION: POST:Array
(
)

2021-04-02 10:58:39 [DEBUG] ACTION: GET:Array
(
    [req] => typeevent
)

2021-04-02 10:58:39 [DEBUG] ACTION: GET:Array
(
    [req] => event
)

2021-04-02 10:58:39 [DEBUG] ACTION: MTypeEventDao#selectWithPagging[current page = (1), pageSize = (20), input sql = (SELECT * FROM e_event_type
				WHERE deleted_flag <> 1  order by  IFNULL(e_event_type.updated_time, e_event_type.created_time) desc), params = (Array
(
    [id] => 
    [name_type] => 
    [code_color] => 
    [code_type] => 
)
)]
2021-04-02 10:58:39 [DEBUG] ACTION: MEventDao#select[input sql = (SELECT * FROM e_event_type LEFT JOIN e_event AS event ON e_event_type.id = event.type_id where event.deleted_flag <> 1 and e_event_type.deleted_flag <> 1 ), params = ()]
2021-04-02 10:58:39 [DEBUG] ACTION: BaseMySqliDao#beginTransaction
2021-04-02 10:58:39 [DEBUG] ACTION: BaseMySqliDao#query[run sql = (SELECT * FROM e_event_type LEFT JOIN e_event AS event ON e_event_type.id = event.type_id where event.deleted_flag <> 1 and e_event_type.deleted_flag <> 1 )
2021-04-02 10:58:39 [DEBUG] ACTION: BaseMySqliDao#query[run sql = (START TRANSACTION;)
2021-04-02 10:58:39 [DEBUG] ACTION: MTypeEventDao#selectOne[input sql = (SELECT COUNT(1) AS CNT FROM (SELECT * FROM e_event_type
				WHERE deleted_flag <> 1  order by  IFNULL(e_event_type.updated_time, e_event_type.created_time) desc) A), params = ()]
2021-04-02 10:58:39 [DEBUG] ACTION: BaseMySqliDao#query[run sql = (SELECT COUNT(1) AS CNT FROM (SELECT * FROM e_event_type
				WHERE deleted_flag <> 1  order by  IFNULL(e_event_type.updated_time, e_event_type.created_time) desc) A)
2021-04-02 10:58:39 [DEBUG] ACTION: MTypeEventDao#select[input sql = (SELECT * FROM e_event_type
				WHERE deleted_flag <> 1  order by  IFNULL(e_event_type.updated_time, e_event_type.created_time) desc LIMIT 0,20), params = ()]
2021-04-02 10:58:39 [DEBUG] ACTION: BaseMySqliDao#query[run sql = (SELECT * FROM e_event_type
				WHERE deleted_flag <> 1  order by  IFNULL(e_event_type.updated_time, e_event_type.created_time) desc LIMIT 0,20)
2021-04-02 10:58:39 [DEBUG] ACTION: BaseMySqliDao#rollback
2021-04-02 10:58:39 [DEBUG] ACTION: BaseMySqliDao#query[run sql = (ROLLBACK;)
