2021-03-11 03:39:24 [INFO] ACTION: RunAction#run:[, ]
2021-03-11 03:39:24 [DEBUG] ACTION: POST:Array
(
)

2021-03-11 03:39:24 [DEBUG] ACTION: GET:Array
(
)

2021-03-11 03:39:24 [INFO] ACTION: RunAction#run:[index, ]
2021-03-11 03:39:24 [DEBUG] ACTION: POST:Array
(
)

2021-03-11 03:39:24 [DEBUG] ACTION: GET:Array
(
    [req] => index
)

2021-03-11 03:39:24 [INFO] ACTION: RunAction#run:[login, ]
2021-03-11 03:39:24 [DEBUG] ACTION: POST:Array
(
)

2021-03-11 03:39:24 [DEBUG] ACTION: GET:Array
(
    [req] => login
)

2021-03-11 03:39:24 [DEBUG] ACTION: BaseMySqliDao#beginTransaction
2021-03-11 03:39:24 [DEBUG] ACTION: BaseMySqliDao#query[run sql = (START TRANSACTION;)
2021-03-11 03:39:24 [DEBUG] ACTION: BaseMySqliDao#selectAll[run sql = (SELECT * FROM m_staff where deleted_flag <> 1)
2021-03-11 03:39:24 [DEBUG] ACTION: BaseMySqliDao#query[run sql = (SELECT * FROM m_staff where deleted_flag <> 1)
2021-03-11 03:39:25 [DEBUG] ACTION: processAction#attributes:Array
(
    [viewState] => ViewState Object
        (
            [viewState:ViewState:private] => 
        )

    [urlLogin] => http://project_php.local/index.php?req=login&amp;mode=login
    [result_ex] => [{&quot;staff_id&quot;:&quot;1&quot;,&quot;staff_name&quot;:&quot;NGUY\u1ec4N TH\u00c0NH L\u01af\u01a0NG&quot;,&quot;staff_name_kana&quot;:&quot;EXAMPLE&quot;,&quot;staff_office_id&quot;:&quot;1&quot;,&quot;staff_department_id&quot;:&quot;2&quot;,&quot;staff_password&quot;:&quot;21232f297a57a5a743894a0e4a801fc3&quot;,&quot;staff_pos_code&quot;:&quot;ntl&quot;,&quot;staff_prefectures&quot;:&quot;2&quot;,&quot;staff_city&quot;:&quot;tphcm&quot;,&quot;staff_address&quot;:null,&quot;staff_mansion_info&quot;:null,&quot;staff_phone_num&quot;:&quot;09876543&quot;,&quot;staff_email&quot;:&quot;admin@gmail.com&quot;,&quot;staff_supervisor&quot;:null,&quot;staff_is_notify_mail&quot;:null,&quot;staff_memo&quot;:null,&quot;deleted_flag&quot;:&quot;0&quot;,&quot;created_user&quot;:&quot;4&quot;,&quot;created_time&quot;:&quot;2021-03-01 00:00:00&quot;,&quot;updated_user&quot;:null,&quot;updated_time&quot;:&quot;2021-03-01 00:00:00&quot;},{&quot;staff_id&quot;:&quot;2&quot;,&quot;staff_name&quot;:&quot;NGUY\u1ec4N TH\u00c0NH L\u01af\u01a0NG&quot;,&quot;staff_name_kana&quot;:&quot;EXAMPLE&quot;,&quot;staff_office_id&quot;:&quot;1&quot;,&quot;staff_department_id&quot;:&quot;2&quot;,&quot;staff_password&quot;:&quot;c84258e9c39059a89ab77d846ddab909&quot;,&quot;staff_pos_code&quot;:&quot;ntl&quot;,&quot;staff_prefectures&quot;:&quot;2&quot;,&quot;staff_city&quot;:&quot;tphcm&quot;,&quot;staff_address&quot;:null,&quot;staff_mansion_info&quot;:null,&quot;staff_phone_num&quot;:&quot;09876543&quot;,&quot;staff_email&quot;:&quot;admin@gmail.com&quot;,&quot;staff_supervisor&quot;:null,&quot;staff_is_notify_mail&quot;:null,&quot;staff_memo&quot;:null,&quot;deleted_flag&quot;:&quot;0&quot;,&quot;created_user&quot;:&quot;4&quot;,&quot;created_time&quot;:&quot;2021-03-01 00:00:00&quot;,&quot;updated_user&quot;:null,&quot;updated_time&quot;:&quot;2021-03-01 00:00:00&quot;}]
)

2021-03-11 03:51:03 [INFO] ACTION: RunAction#run:[login, login]
2021-03-11 03:51:03 [DEBUG] ACTION: POST:Array
(
    [staff_email] => admin@gmail.com
    [staff_password] => admin
)

2021-03-11 03:51:03 [DEBUG] ACTION: GET:Array
(
    [req] => login
    [mode] => login
)

2021-03-11 03:51:03 [DEBUG] ACTION: BaseMySqliDao#beginTransaction
2021-03-11 03:51:03 [DEBUG] ACTION: BaseMySqliDao#query[run sql = (START TRANSACTION;)
2021-03-11 03:51:03 [DEBUG] ACTION: MStaffDao#selectOne[input sql = (SELECT * FROM m_staff WHERE staff_email = :staffEmail AND staff_password = :userPassword AND deleted_flag <> 1), params = (Array
(
    [staffEmail] => admin@gmail.com
    [userPassword] => 21232f297a57a5a743894a0e4a801fc3
)
)]
2021-03-11 03:51:03 [DEBUG] ACTION: BaseMySqliDao#query[run sql = (SELECT * FROM m_staff WHERE staff_email = 'admin@gmail.com' AND staff_password = '21232f297a57a5a743894a0e4a801fc3' AND deleted_flag <> 1)
2021-03-11 03:51:03 [DEBUG] ACTION: MStaffRoleDao#select[input sql = (SELECT role_id FROM m_staff_roles where  staff_id = :staff_id), params = (Array
(
    [staff_id] => 1
)
)]
2021-03-11 03:51:03 [DEBUG] ACTION: BaseMySqliDao#query[run sql = (SELECT role_id FROM m_staff_roles where  staff_id = '1')
2021-03-11 03:51:03 [DEBUG] ACTION: BaseMySqliDao#commit
2021-03-11 03:51:03 [DEBUG] ACTION: BaseMySqliDao#query[run sql = (COMMIT;)
2021-03-11 03:51:03 [INFO] ACTION: RunAction#run:[index, ]
2021-03-11 03:51:03 [DEBUG] ACTION: POST:Array
(
)

2021-03-11 03:51:03 [DEBUG] ACTION: GET:Array
(
    [req] => index
)

2021-03-11 03:51:03 [INFO] ACTION: RunAction#run:[error, unauthorized]
2021-03-11 03:51:03 [DEBUG] ACTION: POST:Array
(
)

2021-03-11 03:51:03 [DEBUG] ACTION: GET:Array
(
    [req] => error
    [mode] => unauthorized
)

2021-03-11 03:51:03 [DEBUG] ACTION: processAction#attributes:Array
(
    [viewState] => ViewState Object
        (
            [viewState:ViewState:private] => Array
                (
                    [role_login_id] => Array
                        (
                        )

                )

        )

    [UrlIndex] => http://project_php.local/index.php?req=index
    [userInfo] => Array
        (
            [staff_id] => 1
            [staff_name] => NGUYỄN THÀNH LƯƠNG
            [staff_name_kana] => EXAMPLE
            [staff_office_id] => 1
            [staff_department_id] => 2
            [staff_password] => 21232f297a57a5a743894a0e4a801fc3
            [staff_pos_code] => ntl
            [staff_prefectures] => 2
            [staff_city] => tphcm
            [staff_address] => 
            [staff_mansion_info] => 
            [staff_phone_num] => 09876543
            [staff_email] => admin@gmail.com
            [staff_supervisor] => 
            [staff_is_notify_mail] => 
            [staff_memo] => 
            [deleted_flag] => 0
            [created_user] => 4
            [created_time] => 2021-03-01 00:00:00
            [updated_user] => 
            [updated_time] => 2021-03-01 00:00:00
            [roles] => Array
                (
                )

        )

    [urlLogout] => http://project_php.local/index.php?req=login&mode=logout
)

2021-03-11 03:55:13 [INFO] ACTION: RunAction#run:[login, logout]
2021-03-11 03:55:13 [DEBUG] ACTION: POST:Array
(
)

2021-03-11 03:55:13 [DEBUG] ACTION: GET:Array
(
    [req] => login
    [mode] => logout
)

2021-03-11 03:55:13 [DEBUG] ACTION: BaseMySqliDao#beginTransaction
2021-03-11 03:55:13 [DEBUG] ACTION: BaseMySqliDao#query[run sql = (START TRANSACTION;)
2021-03-11 03:55:13 [DEBUG] ACTION: BaseMySqliDao#selectAll[run sql = (SELECT * FROM m_staff where deleted_flag <> 1)
2021-03-11 03:55:13 [DEBUG] ACTION: BaseMySqliDao#query[run sql = (SELECT * FROM m_staff where deleted_flag <> 1)
2021-03-11 03:55:13 [DEBUG] ACTION: processAction#attributes:Array
(
    [viewState] => ViewState Object
        (
            [viewState:ViewState:private] => 
        )

    [isLogout] => 1
    [urlLogin] => http://project_php.local/index.php?req=login&amp;mode=login
    [result_ex] => [{&quot;staff_id&quot;:&quot;1&quot;,&quot;staff_name&quot;:&quot;NGUY\u1ec4N TH\u00c0NH L\u01af\u01a0NG&quot;,&quot;staff_name_kana&quot;:&quot;EXAMPLE&quot;,&quot;staff_office_id&quot;:&quot;1&quot;,&quot;staff_department_id&quot;:&quot;2&quot;,&quot;staff_password&quot;:&quot;21232f297a57a5a743894a0e4a801fc3&quot;,&quot;staff_pos_code&quot;:&quot;ntl&quot;,&quot;staff_prefectures&quot;:&quot;2&quot;,&quot;staff_city&quot;:&quot;tphcm&quot;,&quot;staff_address&quot;:null,&quot;staff_mansion_info&quot;:null,&quot;staff_phone_num&quot;:&quot;09876543&quot;,&quot;staff_email&quot;:&quot;admin@gmail.com&quot;,&quot;staff_supervisor&quot;:null,&quot;staff_is_notify_mail&quot;:null,&quot;staff_memo&quot;:null,&quot;deleted_flag&quot;:&quot;0&quot;,&quot;created_user&quot;:&quot;4&quot;,&quot;created_time&quot;:&quot;2021-03-01 00:00:00&quot;,&quot;updated_user&quot;:null,&quot;updated_time&quot;:&quot;2021-03-01 00:00:00&quot;},{&quot;staff_id&quot;:&quot;2&quot;,&quot;staff_name&quot;:&quot;NGUY\u1ec4N TH\u00c0NH L\u01af\u01a0NG&quot;,&quot;staff_name_kana&quot;:&quot;EXAMPLE&quot;,&quot;staff_office_id&quot;:&quot;1&quot;,&quot;staff_department_id&quot;:&quot;2&quot;,&quot;staff_password&quot;:&quot;c84258e9c39059a89ab77d846ddab909&quot;,&quot;staff_pos_code&quot;:&quot;ntl&quot;,&quot;staff_prefectures&quot;:&quot;2&quot;,&quot;staff_city&quot;:&quot;tphcm&quot;,&quot;staff_address&quot;:null,&quot;staff_mansion_info&quot;:null,&quot;staff_phone_num&quot;:&quot;09876543&quot;,&quot;staff_email&quot;:&quot;admin@gmail.com&quot;,&quot;staff_supervisor&quot;:null,&quot;staff_is_notify_mail&quot;:null,&quot;staff_memo&quot;:null,&quot;deleted_flag&quot;:&quot;0&quot;,&quot;created_user&quot;:&quot;4&quot;,&quot;created_time&quot;:&quot;2021-03-01 00:00:00&quot;,&quot;updated_user&quot;:null,&quot;updated_time&quot;:&quot;2021-03-01 00:00:00&quot;}]
)

2021-03-11 03:59:16 [INFO] ACTION: RunAction#run:[login, logout]
2021-03-11 03:59:16 [DEBUG] ACTION: POST:Array
(
)

2021-03-11 03:59:16 [DEBUG] ACTION: GET:Array
(
    [req] => login
    [mode] => logout
)

2021-03-11 03:59:16 [DEBUG] ACTION: BaseMySqliDao#beginTransaction
2021-03-11 03:59:16 [DEBUG] ACTION: BaseMySqliDao#query[run sql = (START TRANSACTION;)
2021-03-11 03:59:16 [DEBUG] ACTION: BaseMySqliDao#selectAll[run sql = (SELECT * FROM m_staff where deleted_flag <> 1)
2021-03-11 03:59:16 [DEBUG] ACTION: BaseMySqliDao#query[run sql = (SELECT * FROM m_staff where deleted_flag <> 1)
2021-03-11 03:59:16 [DEBUG] ACTION: processAction#attributes:Array
(
    [viewState] => ViewState Object
        (
            [viewState:ViewState:private] => 
        )

    [isLogout] => 1
    [urlLogin] => http://project_php.local/index.php?req=login&amp;mode=login
    [result_ex] => [{&quot;staff_id&quot;:&quot;1&quot;,&quot;staff_name&quot;:&quot;NGUY\u1ec4N TH\u00c0NH L\u01af\u01a0NG&quot;,&quot;staff_name_kana&quot;:&quot;EXAMPLE&quot;,&quot;staff_office_id&quot;:&quot;1&quot;,&quot;staff_department_id&quot;:&quot;2&quot;,&quot;staff_password&quot;:&quot;21232f297a57a5a743894a0e4a801fc3&quot;,&quot;staff_pos_code&quot;:&quot;ntl&quot;,&quot;staff_prefectures&quot;:&quot;2&quot;,&quot;staff_city&quot;:&quot;tphcm&quot;,&quot;staff_address&quot;:null,&quot;staff_mansion_info&quot;:null,&quot;staff_phone_num&quot;:&quot;09876543&quot;,&quot;staff_email&quot;:&quot;admin@gmail.com&quot;,&quot;staff_supervisor&quot;:null,&quot;staff_is_notify_mail&quot;:null,&quot;staff_memo&quot;:null,&quot;deleted_flag&quot;:&quot;0&quot;,&quot;created_user&quot;:&quot;4&quot;,&quot;created_time&quot;:&quot;2021-03-01 00:00:00&quot;,&quot;updated_user&quot;:null,&quot;updated_time&quot;:&quot;2021-03-01 00:00:00&quot;},{&quot;staff_id&quot;:&quot;2&quot;,&quot;staff_name&quot;:&quot;NGUY\u1ec4N TH\u00c0NH L\u01af\u01a0NG&quot;,&quot;staff_name_kana&quot;:&quot;EXAMPLE&quot;,&quot;staff_office_id&quot;:&quot;1&quot;,&quot;staff_department_id&quot;:&quot;2&quot;,&quot;staff_password&quot;:&quot;c84258e9c39059a89ab77d846ddab909&quot;,&quot;staff_pos_code&quot;:&quot;ntl&quot;,&quot;staff_prefectures&quot;:&quot;2&quot;,&quot;staff_city&quot;:&quot;tphcm&quot;,&quot;staff_address&quot;:null,&quot;staff_mansion_info&quot;:null,&quot;staff_phone_num&quot;:&quot;09876543&quot;,&quot;staff_email&quot;:&quot;admin@gmail.com&quot;,&quot;staff_supervisor&quot;:null,&quot;staff_is_notify_mail&quot;:null,&quot;staff_memo&quot;:null,&quot;deleted_flag&quot;:&quot;0&quot;,&quot;created_user&quot;:&quot;4&quot;,&quot;created_time&quot;:&quot;2021-03-01 00:00:00&quot;,&quot;updated_user&quot;:null,&quot;updated_time&quot;:&quot;2021-03-01 00:00:00&quot;}]
)

2021-03-11 04:10:05 [INFO] ACTION: RunAction#run:[login, logout]
2021-03-11 04:10:05 [DEBUG] ACTION: POST:Array
(
)

2021-03-11 04:10:05 [DEBUG] ACTION: GET:Array
(
    [req] => login
    [mode] => logout
)

2021-03-11 04:10:05 [DEBUG] ACTION: BaseMySqliDao#beginTransaction
2021-03-11 04:10:05 [DEBUG] ACTION: BaseMySqliDao#query[run sql = (START TRANSACTION;)
2021-03-11 04:10:05 [DEBUG] ACTION: BaseMySqliDao#selectAll[run sql = (SELECT * FROM m_staff where deleted_flag <> 1)
2021-03-11 04:10:05 [DEBUG] ACTION: BaseMySqliDao#query[run sql = (SELECT * FROM m_staff where deleted_flag <> 1)
2021-03-11 04:10:05 [DEBUG] ACTION: processAction#attributes:Array
(
    [viewState] => ViewState Object
        (
            [viewState:ViewState:private] => 
        )

    [isLogout] => 1
    [urlLogin] => http://project_php.local/index.php?req=login&amp;mode=login
    [result_ex] => [{&quot;staff_id&quot;:&quot;1&quot;,&quot;staff_name&quot;:&quot;NGUY\u1ec4N TH\u00c0NH L\u01af\u01a0NG&quot;,&quot;staff_name_kana&quot;:&quot;EXAMPLE&quot;,&quot;staff_office_id&quot;:&quot;1&quot;,&quot;staff_department_id&quot;:&quot;2&quot;,&quot;staff_password&quot;:&quot;21232f297a57a5a743894a0e4a801fc3&quot;,&quot;staff_pos_code&quot;:&quot;ntl&quot;,&quot;staff_prefectures&quot;:&quot;2&quot;,&quot;staff_city&quot;:&quot;tphcm&quot;,&quot;staff_address&quot;:null,&quot;staff_mansion_info&quot;:null,&quot;staff_phone_num&quot;:&quot;09876543&quot;,&quot;staff_email&quot;:&quot;admin@gmail.com&quot;,&quot;staff_supervisor&quot;:null,&quot;staff_is_notify_mail&quot;:null,&quot;staff_memo&quot;:null,&quot;deleted_flag&quot;:&quot;0&quot;,&quot;created_user&quot;:&quot;4&quot;,&quot;created_time&quot;:&quot;2021-03-01 00:00:00&quot;,&quot;updated_user&quot;:null,&quot;updated_time&quot;:&quot;2021-03-01 00:00:00&quot;},{&quot;staff_id&quot;:&quot;2&quot;,&quot;staff_name&quot;:&quot;NGUY\u1ec4N TH\u00c0NH L\u01af\u01a0NG&quot;,&quot;staff_name_kana&quot;:&quot;EXAMPLE&quot;,&quot;staff_office_id&quot;:&quot;1&quot;,&quot;staff_department_id&quot;:&quot;2&quot;,&quot;staff_password&quot;:&quot;c84258e9c39059a89ab77d846ddab909&quot;,&quot;staff_pos_code&quot;:&quot;ntl&quot;,&quot;staff_prefectures&quot;:&quot;2&quot;,&quot;staff_city&quot;:&quot;tphcm&quot;,&quot;staff_address&quot;:null,&quot;staff_mansion_info&quot;:null,&quot;staff_phone_num&quot;:&quot;09876543&quot;,&quot;staff_email&quot;:&quot;admin@gmail.com&quot;,&quot;staff_supervisor&quot;:null,&quot;staff_is_notify_mail&quot;:null,&quot;staff_memo&quot;:null,&quot;deleted_flag&quot;:&quot;0&quot;,&quot;created_user&quot;:&quot;4&quot;,&quot;created_time&quot;:&quot;2021-03-01 00:00:00&quot;,&quot;updated_user&quot;:null,&quot;updated_time&quot;:&quot;2021-03-01 00:00:00&quot;}]
)

2021-03-11 04:10:15 [INFO] ACTION: RunAction#run:[login, logout]
2021-03-11 04:10:15 [DEBUG] ACTION: POST:Array
(
)

2021-03-11 04:10:15 [DEBUG] ACTION: GET:Array
(
    [req] => login
    [mode] => logout
)

2021-03-11 04:10:15 [DEBUG] ACTION: BaseMySqliDao#beginTransaction
2021-03-11 04:10:15 [DEBUG] ACTION: BaseMySqliDao#query[run sql = (START TRANSACTION;)
2021-03-11 04:10:15 [DEBUG] ACTION: BaseMySqliDao#selectAll[run sql = (SELECT * FROM m_staff where deleted_flag <> 1)
2021-03-11 04:10:15 [DEBUG] ACTION: BaseMySqliDao#query[run sql = (SELECT * FROM m_staff where deleted_flag <> 1)
2021-03-11 04:10:15 [DEBUG] ACTION: processAction#attributes:Array
(
    [viewState] => ViewState Object
        (
            [viewState:ViewState:private] => 
        )

    [isLogout] => 1
    [urlLogin] => http://project_php.local/index.php?req=login&amp;mode=login
    [result_ex] => [{&quot;staff_id&quot;:&quot;1&quot;,&quot;staff_name&quot;:&quot;NGUY\u1ec4N TH\u00c0NH L\u01af\u01a0NG&quot;,&quot;staff_name_kana&quot;:&quot;EXAMPLE&quot;,&quot;staff_office_id&quot;:&quot;1&quot;,&quot;staff_department_id&quot;:&quot;2&quot;,&quot;staff_password&quot;:&quot;21232f297a57a5a743894a0e4a801fc3&quot;,&quot;staff_pos_code&quot;:&quot;ntl&quot;,&quot;staff_prefectures&quot;:&quot;2&quot;,&quot;staff_city&quot;:&quot;tphcm&quot;,&quot;staff_address&quot;:null,&quot;staff_mansion_info&quot;:null,&quot;staff_phone_num&quot;:&quot;09876543&quot;,&quot;staff_email&quot;:&quot;admin@gmail.com&quot;,&quot;staff_supervisor&quot;:null,&quot;staff_is_notify_mail&quot;:null,&quot;staff_memo&quot;:null,&quot;deleted_flag&quot;:&quot;0&quot;,&quot;created_user&quot;:&quot;4&quot;,&quot;created_time&quot;:&quot;2021-03-01 00:00:00&quot;,&quot;updated_user&quot;:null,&quot;updated_time&quot;:&quot;2021-03-01 00:00:00&quot;},{&quot;staff_id&quot;:&quot;2&quot;,&quot;staff_name&quot;:&quot;NGUY\u1ec4N TH\u00c0NH L\u01af\u01a0NG&quot;,&quot;staff_name_kana&quot;:&quot;EXAMPLE&quot;,&quot;staff_office_id&quot;:&quot;1&quot;,&quot;staff_department_id&quot;:&quot;2&quot;,&quot;staff_password&quot;:&quot;c84258e9c39059a89ab77d846ddab909&quot;,&quot;staff_pos_code&quot;:&quot;ntl&quot;,&quot;staff_prefectures&quot;:&quot;2&quot;,&quot;staff_city&quot;:&quot;tphcm&quot;,&quot;staff_address&quot;:null,&quot;staff_mansion_info&quot;:null,&quot;staff_phone_num&quot;:&quot;09876543&quot;,&quot;staff_email&quot;:&quot;admin@gmail.com&quot;,&quot;staff_supervisor&quot;:null,&quot;staff_is_notify_mail&quot;:null,&quot;staff_memo&quot;:null,&quot;deleted_flag&quot;:&quot;0&quot;,&quot;created_user&quot;:&quot;4&quot;,&quot;created_time&quot;:&quot;2021-03-01 00:00:00&quot;,&quot;updated_user&quot;:null,&quot;updated_time&quot;:&quot;2021-03-01 00:00:00&quot;}]
)

2021-03-11 04:10:16 [INFO] ACTION: RunAction#run:[login, logout]
2021-03-11 04:10:16 [DEBUG] ACTION: POST:Array
(
)

2021-03-11 04:10:16 [DEBUG] ACTION: GET:Array
(
    [req] => login
    [mode] => logout
)

2021-03-11 04:10:16 [DEBUG] ACTION: BaseMySqliDao#beginTransaction
2021-03-11 04:10:16 [DEBUG] ACTION: BaseMySqliDao#query[run sql = (START TRANSACTION;)
2021-03-11 04:10:16 [DEBUG] ACTION: BaseMySqliDao#selectAll[run sql = (SELECT * FROM m_staff where deleted_flag <> 1)
2021-03-11 04:10:16 [DEBUG] ACTION: BaseMySqliDao#query[run sql = (SELECT * FROM m_staff where deleted_flag <> 1)
2021-03-11 04:10:16 [DEBUG] ACTION: processAction#attributes:Array
(
    [viewState] => ViewState Object
        (
            [viewState:ViewState:private] => 
        )

    [isLogout] => 1
    [urlLogin] => http://project_php.local/index.php?req=login&amp;mode=login
    [result_ex] => [{&quot;staff_id&quot;:&quot;1&quot;,&quot;staff_name&quot;:&quot;NGUY\u1ec4N TH\u00c0NH L\u01af\u01a0NG&quot;,&quot;staff_name_kana&quot;:&quot;EXAMPLE&quot;,&quot;staff_office_id&quot;:&quot;1&quot;,&quot;staff_department_id&quot;:&quot;2&quot;,&quot;staff_password&quot;:&quot;21232f297a57a5a743894a0e4a801fc3&quot;,&quot;staff_pos_code&quot;:&quot;ntl&quot;,&quot;staff_prefectures&quot;:&quot;2&quot;,&quot;staff_city&quot;:&quot;tphcm&quot;,&quot;staff_address&quot;:null,&quot;staff_mansion_info&quot;:null,&quot;staff_phone_num&quot;:&quot;09876543&quot;,&quot;staff_email&quot;:&quot;admin@gmail.com&quot;,&quot;staff_supervisor&quot;:null,&quot;staff_is_notify_mail&quot;:null,&quot;staff_memo&quot;:null,&quot;deleted_flag&quot;:&quot;0&quot;,&quot;created_user&quot;:&quot;4&quot;,&quot;created_time&quot;:&quot;2021-03-01 00:00:00&quot;,&quot;updated_user&quot;:null,&quot;updated_time&quot;:&quot;2021-03-01 00:00:00&quot;},{&quot;staff_id&quot;:&quot;2&quot;,&quot;staff_name&quot;:&quot;NGUY\u1ec4N TH\u00c0NH L\u01af\u01a0NG&quot;,&quot;staff_name_kana&quot;:&quot;EXAMPLE&quot;,&quot;staff_office_id&quot;:&quot;1&quot;,&quot;staff_department_id&quot;:&quot;2&quot;,&quot;staff_password&quot;:&quot;c84258e9c39059a89ab77d846ddab909&quot;,&quot;staff_pos_code&quot;:&quot;ntl&quot;,&quot;staff_prefectures&quot;:&quot;2&quot;,&quot;staff_city&quot;:&quot;tphcm&quot;,&quot;staff_address&quot;:null,&quot;staff_mansion_info&quot;:null,&quot;staff_phone_num&quot;:&quot;09876543&quot;,&quot;staff_email&quot;:&quot;admin@gmail.com&quot;,&quot;staff_supervisor&quot;:null,&quot;staff_is_notify_mail&quot;:null,&quot;staff_memo&quot;:null,&quot;deleted_flag&quot;:&quot;0&quot;,&quot;created_user&quot;:&quot;4&quot;,&quot;created_time&quot;:&quot;2021-03-01 00:00:00&quot;,&quot;updated_user&quot;:null,&quot;updated_time&quot;:&quot;2021-03-01 00:00:00&quot;}]
)

2021-03-11 04:10:17 [INFO] ACTION: RunAction#run:[login, logout]
2021-03-11 04:10:17 [DEBUG] ACTION: POST:Array
(
)

2021-03-11 04:10:17 [DEBUG] ACTION: GET:Array
(
    [req] => login
    [mode] => logout
)

2021-03-11 04:10:17 [DEBUG] ACTION: BaseMySqliDao#beginTransaction
2021-03-11 04:10:17 [DEBUG] ACTION: BaseMySqliDao#query[run sql = (START TRANSACTION;)
2021-03-11 04:10:17 [DEBUG] ACTION: BaseMySqliDao#selectAll[run sql = (SELECT * FROM m_staff where deleted_flag <> 1)
2021-03-11 04:10:17 [DEBUG] ACTION: BaseMySqliDao#query[run sql = (SELECT * FROM m_staff where deleted_flag <> 1)
2021-03-11 04:10:17 [DEBUG] ACTION: processAction#attributes:Array
(
    [viewState] => ViewState Object
        (
            [viewState:ViewState:private] => 
        )

    [isLogout] => 1
    [urlLogin] => http://project_php.local/index.php?req=login&amp;mode=login
    [result_ex] => [{&quot;staff_id&quot;:&quot;1&quot;,&quot;staff_name&quot;:&quot;NGUY\u1ec4N TH\u00c0NH L\u01af\u01a0NG&quot;,&quot;staff_name_kana&quot;:&quot;EXAMPLE&quot;,&quot;staff_office_id&quot;:&quot;1&quot;,&quot;staff_department_id&quot;:&quot;2&quot;,&quot;staff_password&quot;:&quot;21232f297a57a5a743894a0e4a801fc3&quot;,&quot;staff_pos_code&quot;:&quot;ntl&quot;,&quot;staff_prefectures&quot;:&quot;2&quot;,&quot;staff_city&quot;:&quot;tphcm&quot;,&quot;staff_address&quot;:null,&quot;staff_mansion_info&quot;:null,&quot;staff_phone_num&quot;:&quot;09876543&quot;,&quot;staff_email&quot;:&quot;admin@gmail.com&quot;,&quot;staff_supervisor&quot;:null,&quot;staff_is_notify_mail&quot;:null,&quot;staff_memo&quot;:null,&quot;deleted_flag&quot;:&quot;0&quot;,&quot;created_user&quot;:&quot;4&quot;,&quot;created_time&quot;:&quot;2021-03-01 00:00:00&quot;,&quot;updated_user&quot;:null,&quot;updated_time&quot;:&quot;2021-03-01 00:00:00&quot;},{&quot;staff_id&quot;:&quot;2&quot;,&quot;staff_name&quot;:&quot;NGUY\u1ec4N TH\u00c0NH L\u01af\u01a0NG&quot;,&quot;staff_name_kana&quot;:&quot;EXAMPLE&quot;,&quot;staff_office_id&quot;:&quot;1&quot;,&quot;staff_department_id&quot;:&quot;2&quot;,&quot;staff_password&quot;:&quot;c84258e9c39059a89ab77d846ddab909&quot;,&quot;staff_pos_code&quot;:&quot;ntl&quot;,&quot;staff_prefectures&quot;:&quot;2&quot;,&quot;staff_city&quot;:&quot;tphcm&quot;,&quot;staff_address&quot;:null,&quot;staff_mansion_info&quot;:null,&quot;staff_phone_num&quot;:&quot;09876543&quot;,&quot;staff_email&quot;:&quot;admin@gmail.com&quot;,&quot;staff_supervisor&quot;:null,&quot;staff_is_notify_mail&quot;:null,&quot;staff_memo&quot;:null,&quot;deleted_flag&quot;:&quot;0&quot;,&quot;created_user&quot;:&quot;4&quot;,&quot;created_time&quot;:&quot;2021-03-01 00:00:00&quot;,&quot;updated_user&quot;:null,&quot;updated_time&quot;:&quot;2021-03-01 00:00:00&quot;}]
)

2021-03-11 04:10:17 [INFO] ACTION: RunAction#run:[login, logout]
2021-03-11 04:10:17 [DEBUG] ACTION: POST:Array
(
)

2021-03-11 04:10:17 [DEBUG] ACTION: GET:Array
(
    [req] => login
    [mode] => logout
)

2021-03-11 04:10:17 [DEBUG] ACTION: BaseMySqliDao#beginTransaction
2021-03-11 04:10:17 [DEBUG] ACTION: BaseMySqliDao#query[run sql = (START TRANSACTION;)
2021-03-11 04:10:17 [DEBUG] ACTION: BaseMySqliDao#selectAll[run sql = (SELECT * FROM m_staff where deleted_flag <> 1)
2021-03-11 04:10:17 [DEBUG] ACTION: BaseMySqliDao#query[run sql = (SELECT * FROM m_staff where deleted_flag <> 1)
2021-03-11 04:10:17 [DEBUG] ACTION: processAction#attributes:Array
(
    [viewState] => ViewState Object
        (
            [viewState:ViewState:private] => 
        )

    [isLogout] => 1
    [urlLogin] => http://project_php.local/index.php?req=login&amp;mode=login
    [result_ex] => [{&quot;staff_id&quot;:&quot;1&quot;,&quot;staff_name&quot;:&quot;NGUY\u1ec4N TH\u00c0NH L\u01af\u01a0NG&quot;,&quot;staff_name_kana&quot;:&quot;EXAMPLE&quot;,&quot;staff_office_id&quot;:&quot;1&quot;,&quot;staff_department_id&quot;:&quot;2&quot;,&quot;staff_password&quot;:&quot;21232f297a57a5a743894a0e4a801fc3&quot;,&quot;staff_pos_code&quot;:&quot;ntl&quot;,&quot;staff_prefectures&quot;:&quot;2&quot;,&quot;staff_city&quot;:&quot;tphcm&quot;,&quot;staff_address&quot;:null,&quot;staff_mansion_info&quot;:null,&quot;staff_phone_num&quot;:&quot;09876543&quot;,&quot;staff_email&quot;:&quot;admin@gmail.com&quot;,&quot;staff_supervisor&quot;:null,&quot;staff_is_notify_mail&quot;:null,&quot;staff_memo&quot;:null,&quot;deleted_flag&quot;:&quot;0&quot;,&quot;created_user&quot;:&quot;4&quot;,&quot;created_time&quot;:&quot;2021-03-01 00:00:00&quot;,&quot;updated_user&quot;:null,&quot;updated_time&quot;:&quot;2021-03-01 00:00:00&quot;},{&quot;staff_id&quot;:&quot;2&quot;,&quot;staff_name&quot;:&quot;NGUY\u1ec4N TH\u00c0NH L\u01af\u01a0NG&quot;,&quot;staff_name_kana&quot;:&quot;EXAMPLE&quot;,&quot;staff_office_id&quot;:&quot;1&quot;,&quot;staff_department_id&quot;:&quot;2&quot;,&quot;staff_password&quot;:&quot;c84258e9c39059a89ab77d846ddab909&quot;,&quot;staff_pos_code&quot;:&quot;ntl&quot;,&quot;staff_prefectures&quot;:&quot;2&quot;,&quot;staff_city&quot;:&quot;tphcm&quot;,&quot;staff_address&quot;:null,&quot;staff_mansion_info&quot;:null,&quot;staff_phone_num&quot;:&quot;09876543&quot;,&quot;staff_email&quot;:&quot;admin@gmail.com&quot;,&quot;staff_supervisor&quot;:null,&quot;staff_is_notify_mail&quot;:null,&quot;staff_memo&quot;:null,&quot;deleted_flag&quot;:&quot;0&quot;,&quot;created_user&quot;:&quot;4&quot;,&quot;created_time&quot;:&quot;2021-03-01 00:00:00&quot;,&quot;updated_user&quot;:null,&quot;updated_time&quot;:&quot;2021-03-01 00:00:00&quot;}]
)

2021-03-11 04:10:22 [INFO] ACTION: RunAction#run:[, ]
2021-03-11 04:10:22 [DEBUG] ACTION: POST:Array
(
)

2021-03-11 04:10:22 [DEBUG] ACTION: GET:Array
(
)

2021-03-11 04:10:22 [INFO] ACTION: RunAction#run:[index, ]
2021-03-11 04:10:22 [DEBUG] ACTION: POST:Array
(
)

2021-03-11 04:10:22 [DEBUG] ACTION: GET:Array
(
    [req] => index
)

2021-03-11 04:10:22 [INFO] ACTION: RunAction#run:[index, ]
2021-03-11 04:10:22 [DEBUG] ACTION: POST:Array
(
)

2021-03-11 04:10:22 [DEBUG] ACTION: GET:Array
(
    [req] => index
)

2021-03-11 04:10:22 [INFO] ACTION: RunAction#run:[index, ]
2021-03-11 04:10:22 [DEBUG] ACTION: POST:Array
(
)

2021-03-11 04:10:22 [DEBUG] ACTION: GET:Array
(
    [req] => index
)

2021-03-11 04:10:22 [INFO] ACTION: RunAction#run:[index, ]
2021-03-11 04:10:22 [DEBUG] ACTION: POST:Array
(
)

2021-03-11 04:10:22 [DEBUG] ACTION: GET:Array
(
    [req] => index
)

2021-03-11 04:10:22 [INFO] ACTION: RunAction#run:[index, ]
2021-03-11 04:10:22 [DEBUG] ACTION: POST:Array
(
)

2021-03-11 04:10:22 [DEBUG] ACTION: GET:Array
(
    [req] => index
)

2021-03-11 04:10:22 [INFO] ACTION: RunAction#run:[index, ]
2021-03-11 04:10:22 [DEBUG] ACTION: POST:Array
(
)

2021-03-11 04:10:22 [DEBUG] ACTION: GET:Array
(
    [req] => index
)

2021-03-11 04:10:22 [INFO] ACTION: RunAction#run:[index, ]
2021-03-11 04:10:22 [DEBUG] ACTION: POST:Array
(
)

2021-03-11 04:10:22 [DEBUG] ACTION: GET:Array
(
    [req] => index
)

2021-03-11 04:10:22 [INFO] ACTION: RunAction#run:[index, ]
2021-03-11 04:10:22 [DEBUG] ACTION: POST:Array
(
)

2021-03-11 04:10:22 [DEBUG] ACTION: GET:Array
(
    [req] => index
)

2021-03-11 04:10:22 [INFO] ACTION: RunAction#run:[index, ]
2021-03-11 04:10:22 [DEBUG] ACTION: POST:Array
(
)

2021-03-11 04:10:22 [DEBUG] ACTION: GET:Array
(
    [req] => index
)

2021-03-11 04:10:22 [INFO] ACTION: RunAction#run:[index, ]
2021-03-11 04:10:22 [DEBUG] ACTION: POST:Array
(
)

2021-03-11 04:10:22 [DEBUG] ACTION: GET:Array
(
    [req] => index
)

2021-03-11 04:10:22 [INFO] ACTION: RunAction#run:[index, ]
2021-03-11 04:10:22 [DEBUG] ACTION: POST:Array
(
)

2021-03-11 04:10:22 [DEBUG] ACTION: GET:Array
(
    [req] => index
)

2021-03-11 04:10:22 [INFO] ACTION: RunAction#run:[index, ]
2021-03-11 04:10:22 [DEBUG] ACTION: POST:Array
(
)

2021-03-11 04:10:22 [DEBUG] ACTION: GET:Array
(
    [req] => index
)

2021-03-11 04:10:22 [INFO] ACTION: RunAction#run:[index, ]
2021-03-11 04:10:22 [DEBUG] ACTION: POST:Array
(
)

2021-03-11 04:10:22 [DEBUG] ACTION: GET:Array
(
    [req] => index
)

2021-03-11 04:10:22 [INFO] ACTION: RunAction#run:[index, ]
2021-03-11 04:10:22 [DEBUG] ACTION: POST:Array
(
)

2021-03-11 04:10:22 [DEBUG] ACTION: GET:Array
(
    [req] => index
)

2021-03-11 04:10:22 [INFO] ACTION: RunAction#run:[index, ]
2021-03-11 04:10:22 [DEBUG] ACTION: POST:Array
(
)

2021-03-11 04:10:22 [DEBUG] ACTION: GET:Array
(
    [req] => index
)

2021-03-11 04:10:22 [INFO] ACTION: RunAction#run:[index, ]
2021-03-11 04:10:22 [DEBUG] ACTION: POST:Array
(
)

2021-03-11 04:10:22 [DEBUG] ACTION: GET:Array
(
    [req] => index
)

2021-03-11 04:10:22 [INFO] ACTION: RunAction#run:[index, ]
2021-03-11 04:10:22 [DEBUG] ACTION: POST:Array
(
)

2021-03-11 04:10:22 [DEBUG] ACTION: GET:Array
(
    [req] => index
)

2021-03-11 04:10:23 [INFO] ACTION: RunAction#run:[index, ]
2021-03-11 04:10:23 [DEBUG] ACTION: POST:Array
(
)

2021-03-11 04:10:23 [DEBUG] ACTION: GET:Array
(
    [req] => index
)

2021-03-11 04:10:23 [INFO] ACTION: RunAction#run:[index, ]
2021-03-11 04:10:23 [DEBUG] ACTION: POST:Array
(
)

2021-03-11 04:10:23 [DEBUG] ACTION: GET:Array
(
    [req] => index
)

2021-03-11 04:10:23 [INFO] ACTION: RunAction#run:[index, ]
2021-03-11 04:10:23 [DEBUG] ACTION: POST:Array
(
)

2021-03-11 04:10:23 [DEBUG] ACTION: GET:Array
(
    [req] => index
)

2021-03-11 04:10:23 [INFO] ACTION: RunAction#run:[index, ]
2021-03-11 04:10:23 [DEBUG] ACTION: POST:Array
(
)

2021-03-11 04:10:23 [DEBUG] ACTION: GET:Array
(
    [req] => index
)

2021-03-11 04:10:23 [INFO] ACTION: RunAction#run:[index, ]
2021-03-11 04:10:23 [DEBUG] ACTION: POST:Array
(
)

2021-03-11 04:10:23 [DEBUG] ACTION: GET:Array
(
    [req] => index
)

2021-03-11 04:10:23 [INFO] ACTION: RunAction#run:[index, ]
2021-03-11 04:10:23 [DEBUG] ACTION: POST:Array
(
)

2021-03-11 04:10:23 [DEBUG] ACTION: GET:Array
(
    [req] => index
)

2021-03-11 04:10:23 [INFO] ACTION: RunAction#run:[index, ]
2021-03-11 04:10:23 [DEBUG] ACTION: POST:Array
(
)

2021-03-11 04:10:23 [DEBUG] ACTION: GET:Array
(
    [req] => index
)

2021-03-11 04:10:23 [INFO] ACTION: RunAction#run:[index, ]
2021-03-11 04:10:23 [DEBUG] ACTION: POST:Array
(
)

2021-03-11 04:10:23 [DEBUG] ACTION: GET:Array
(
    [req] => index
)

2021-03-11 04:10:23 [INFO] ACTION: RunAction#run:[index, ]
2021-03-11 04:10:23 [DEBUG] ACTION: POST:Array
(
)

2021-03-11 04:10:23 [DEBUG] ACTION: GET:Array
(
    [req] => index
)

2021-03-11 04:10:23 [INFO] ACTION: RunAction#run:[index, ]
2021-03-11 04:10:23 [DEBUG] ACTION: POST:Array
(
)

2021-03-11 04:10:23 [DEBUG] ACTION: GET:Array
(
    [req] => index
)

2021-03-11 04:10:23 [INFO] ACTION: RunAction#run:[index, ]
2021-03-11 04:10:23 [DEBUG] ACTION: POST:Array
(
)

2021-03-11 04:10:23 [DEBUG] ACTION: GET:Array
(
    [req] => index
)

2021-03-11 04:10:23 [INFO] ACTION: RunAction#run:[index, ]
2021-03-11 04:10:23 [DEBUG] ACTION: POST:Array
(
)

2021-03-11 04:10:23 [DEBUG] ACTION: GET:Array
(
    [req] => index
)

2021-03-11 04:10:23 [INFO] ACTION: RunAction#run:[index, ]
2021-03-11 04:10:23 [DEBUG] ACTION: POST:Array
(
)

2021-03-11 04:10:23 [DEBUG] ACTION: GET:Array
(
    [req] => index
)

2021-03-11 04:10:23 [INFO] ACTION: RunAction#run:[index, ]
2021-03-11 04:10:23 [DEBUG] ACTION: POST:Array
(
)

2021-03-11 04:10:23 [DEBUG] ACTION: GET:Array
(
    [req] => index
)

2021-03-11 04:10:23 [INFO] ACTION: RunAction#run:[index, ]
2021-03-11 04:10:23 [DEBUG] ACTION: POST:Array
(
)

2021-03-11 04:10:23 [DEBUG] ACTION: GET:Array
(
    [req] => index
)

2021-03-11 04:10:23 [INFO] ACTION: RunAction#run:[index, ]
2021-03-11 04:10:23 [DEBUG] ACTION: POST:Array
(
)

2021-03-11 04:10:23 [DEBUG] ACTION: GET:Array
(
    [req] => index
)

2021-03-11 04:10:23 [INFO] ACTION: RunAction#run:[index, ]
2021-03-11 04:10:23 [DEBUG] ACTION: POST:Array
(
)

2021-03-11 04:10:23 [DEBUG] ACTION: GET:Array
(
    [req] => index
)

2021-03-11 04:10:23 [INFO] ACTION: RunAction#run:[index, ]
2021-03-11 04:10:23 [DEBUG] ACTION: POST:Array
(
)

2021-03-11 04:10:23 [DEBUG] ACTION: GET:Array
(
    [req] => index
)

2021-03-11 04:10:23 [INFO] ACTION: RunAction#run:[index, ]
2021-03-11 04:10:23 [DEBUG] ACTION: POST:Array
(
)

2021-03-11 04:10:23 [DEBUG] ACTION: GET:Array
(
    [req] => index
)

2021-03-11 04:10:23 [INFO] ACTION: RunAction#run:[index, ]
2021-03-11 04:10:23 [DEBUG] ACTION: POST:Array
(
)

2021-03-11 04:10:23 [DEBUG] ACTION: GET:Array
(
    [req] => index
)

2021-03-11 04:10:23 [INFO] ACTION: RunAction#run:[index, ]
2021-03-11 04:10:23 [DEBUG] ACTION: POST:Array
(
)

2021-03-11 04:10:23 [DEBUG] ACTION: GET:Array
(
    [req] => index
)

2021-03-11 04:10:25 [INFO] ACTION: RunAction#run:[index, ]
2021-03-11 04:10:25 [DEBUG] ACTION: POST:Array
(
)

2021-03-11 04:10:25 [DEBUG] ACTION: GET:Array
(
    [req] => index
)

2021-03-11 04:10:25 [INFO] ACTION: RunAction#run:[index, ]
2021-03-11 04:10:25 [DEBUG] ACTION: POST:Array
(
)

2021-03-11 04:10:25 [DEBUG] ACTION: GET:Array
(
    [req] => index
)

2021-03-11 04:10:25 [INFO] ACTION: RunAction#run:[index, ]
2021-03-11 04:10:25 [DEBUG] ACTION: POST:Array
(
)

2021-03-11 04:10:25 [DEBUG] ACTION: GET:Array
(
    [req] => index
)

2021-03-11 04:10:25 [INFO] ACTION: RunAction#run:[index, ]
2021-03-11 04:10:25 [DEBUG] ACTION: POST:Array
(
)

2021-03-11 04:10:25 [DEBUG] ACTION: GET:Array
(
    [req] => index
)

2021-03-11 04:10:25 [INFO] ACTION: RunAction#run:[index, ]
2021-03-11 04:10:25 [DEBUG] ACTION: POST:Array
(
)

2021-03-11 04:10:25 [DEBUG] ACTION: GET:Array
(
    [req] => index
)

2021-03-11 04:10:25 [INFO] ACTION: RunAction#run:[index, ]
2021-03-11 04:10:25 [DEBUG] ACTION: POST:Array
(
)

2021-03-11 04:10:25 [DEBUG] ACTION: GET:Array
(
    [req] => index
)

2021-03-11 04:10:25 [INFO] ACTION: RunAction#run:[index, ]
2021-03-11 04:10:25 [DEBUG] ACTION: POST:Array
(
)

2021-03-11 04:10:25 [DEBUG] ACTION: GET:Array
(
    [req] => index
)

2021-03-11 04:10:25 [INFO] ACTION: RunAction#run:[index, ]
2021-03-11 04:10:25 [DEBUG] ACTION: POST:Array
(
)

2021-03-11 04:10:25 [DEBUG] ACTION: GET:Array
(
    [req] => index
)

2021-03-11 04:10:25 [INFO] ACTION: RunAction#run:[index, ]
2021-03-11 04:10:25 [DEBUG] ACTION: POST:Array
(
)

2021-03-11 04:10:25 [DEBUG] ACTION: GET:Array
(
    [req] => index
)

2021-03-11 04:10:25 [INFO] ACTION: RunAction#run:[index, ]
2021-03-11 04:10:25 [DEBUG] ACTION: POST:Array
(
)

2021-03-11 04:10:25 [DEBUG] ACTION: GET:Array
(
    [req] => index
)

2021-03-11 04:10:25 [INFO] ACTION: RunAction#run:[index, ]
2021-03-11 04:10:25 [DEBUG] ACTION: POST:Array
(
)

2021-03-11 04:10:25 [DEBUG] ACTION: GET:Array
(
    [req] => index
)

2021-03-11 04:10:25 [INFO] ACTION: RunAction#run:[index, ]
2021-03-11 04:10:25 [DEBUG] ACTION: POST:Array
(
)

2021-03-11 04:10:25 [DEBUG] ACTION: GET:Array
(
    [req] => index
)

2021-03-11 04:10:25 [INFO] ACTION: RunAction#run:[index, ]
2021-03-11 04:10:25 [DEBUG] ACTION: POST:Array
(
)

2021-03-11 04:10:25 [DEBUG] ACTION: GET:Array
(
    [req] => index
)

2021-03-11 04:10:25 [INFO] ACTION: RunAction#run:[index, ]
2021-03-11 04:10:25 [DEBUG] ACTION: POST:Array
(
)

2021-03-11 04:10:25 [DEBUG] ACTION: GET:Array
(
    [req] => index
)

2021-03-11 04:10:25 [INFO] ACTION: RunAction#run:[index, ]
2021-03-11 04:10:25 [DEBUG] ACTION: POST:Array
(
)

2021-03-11 04:10:25 [DEBUG] ACTION: GET:Array
(
    [req] => index
)

2021-03-11 04:10:25 [INFO] ACTION: RunAction#run:[index, ]
2021-03-11 04:10:25 [DEBUG] ACTION: POST:Array
(
)

2021-03-11 04:10:25 [DEBUG] ACTION: GET:Array
(
    [req] => index
)

2021-03-11 04:10:25 [INFO] ACTION: RunAction#run:[index, ]
2021-03-11 04:10:25 [DEBUG] ACTION: POST:Array
(
)

2021-03-11 04:10:25 [DEBUG] ACTION: GET:Array
(
    [req] => index
)

2021-03-11 04:10:25 [INFO] ACTION: RunAction#run:[index, ]
2021-03-11 04:10:25 [DEBUG] ACTION: POST:Array
(
)

2021-03-11 04:10:25 [DEBUG] ACTION: GET:Array
(
    [req] => index
)

2021-03-11 04:10:26 [INFO] ACTION: RunAction#run:[index, ]
2021-03-11 04:10:26 [DEBUG] ACTION: POST:Array
(
)

2021-03-11 04:10:26 [DEBUG] ACTION: GET:Array
(
    [req] => index
)

2021-03-11 04:10:26 [INFO] ACTION: RunAction#run:[index, ]
2021-03-11 04:10:26 [DEBUG] ACTION: POST:Array
(
)

2021-03-11 04:10:26 [DEBUG] ACTION: GET:Array
(
    [req] => index
)

2021-03-11 04:10:31 [INFO] ACTION: RunAction#run:[index, ]
2021-03-11 04:10:31 [DEBUG] ACTION: POST:Array
(
)

2021-03-11 04:10:31 [DEBUG] ACTION: GET:Array
(
    [req] => index
)

2021-03-11 04:10:31 [INFO] ACTION: RunAction#run:[index, ]
2021-03-11 04:10:31 [DEBUG] ACTION: POST:Array
(
)

2021-03-11 04:10:31 [DEBUG] ACTION: GET:Array
(
    [req] => index
)

2021-03-11 04:10:31 [INFO] ACTION: RunAction#run:[index, ]
2021-03-11 04:10:31 [DEBUG] ACTION: POST:Array
(
)

2021-03-11 04:10:31 [DEBUG] ACTION: GET:Array
(
    [req] => index
)

2021-03-11 04:10:31 [INFO] ACTION: RunAction#run:[index, ]
2021-03-11 04:10:31 [DEBUG] ACTION: POST:Array
(
)

2021-03-11 04:10:31 [DEBUG] ACTION: GET:Array
(
    [req] => index
)

2021-03-11 04:10:31 [INFO] ACTION: RunAction#run:[index, ]
2021-03-11 04:10:31 [DEBUG] ACTION: POST:Array
(
)

2021-03-11 04:10:31 [DEBUG] ACTION: GET:Array
(
    [req] => index
)

2021-03-11 04:10:31 [INFO] ACTION: RunAction#run:[index, ]
2021-03-11 04:10:31 [DEBUG] ACTION: POST:Array
(
)

2021-03-11 04:10:31 [DEBUG] ACTION: GET:Array
(
    [req] => index
)

2021-03-11 04:10:31 [INFO] ACTION: RunAction#run:[index, ]
2021-03-11 04:10:31 [DEBUG] ACTION: POST:Array
(
)

2021-03-11 04:10:31 [DEBUG] ACTION: GET:Array
(
    [req] => index
)

2021-03-11 04:10:31 [INFO] ACTION: RunAction#run:[index, ]
2021-03-11 04:10:31 [DEBUG] ACTION: POST:Array
(
)

2021-03-11 04:10:31 [DEBUG] ACTION: GET:Array
(
    [req] => index
)

2021-03-11 04:10:31 [INFO] ACTION: RunAction#run:[index, ]
2021-03-11 04:10:31 [DEBUG] ACTION: POST:Array
(
)

2021-03-11 04:10:31 [DEBUG] ACTION: GET:Array
(
    [req] => index
)

2021-03-11 04:10:31 [INFO] ACTION: RunAction#run:[index, ]
2021-03-11 04:10:31 [DEBUG] ACTION: POST:Array
(
)

2021-03-11 04:10:31 [DEBUG] ACTION: GET:Array
(
    [req] => index
)

2021-03-11 04:10:31 [INFO] ACTION: RunAction#run:[index, ]
2021-03-11 04:10:31 [DEBUG] ACTION: POST:Array
(
)

2021-03-11 04:10:31 [DEBUG] ACTION: GET:Array
(
    [req] => index
)

2021-03-11 04:10:31 [INFO] ACTION: RunAction#run:[index, ]
2021-03-11 04:10:31 [DEBUG] ACTION: POST:Array
(
)

2021-03-11 04:10:31 [DEBUG] ACTION: GET:Array
(
    [req] => index
)

2021-03-11 04:10:31 [INFO] ACTION: RunAction#run:[index, ]
2021-03-11 04:10:31 [DEBUG] ACTION: POST:Array
(
)

2021-03-11 04:10:31 [DEBUG] ACTION: GET:Array
(
    [req] => index
)

2021-03-11 04:10:31 [INFO] ACTION: RunAction#run:[index, ]
2021-03-11 04:10:31 [DEBUG] ACTION: POST:Array
(
)

2021-03-11 04:10:31 [DEBUG] ACTION: GET:Array
(
    [req] => index
)

2021-03-11 04:10:31 [INFO] ACTION: RunAction#run:[index, ]
2021-03-11 04:10:31 [DEBUG] ACTION: POST:Array
(
)

2021-03-11 04:10:31 [DEBUG] ACTION: GET:Array
(
    [req] => index
)

2021-03-11 04:10:32 [INFO] ACTION: RunAction#run:[index, ]
2021-03-11 04:10:32 [DEBUG] ACTION: POST:Array
(
)

2021-03-11 04:10:32 [DEBUG] ACTION: GET:Array
(
    [req] => index
)

2021-03-11 04:10:32 [INFO] ACTION: RunAction#run:[index, ]
2021-03-11 04:10:32 [DEBUG] ACTION: POST:Array
(
)

2021-03-11 04:10:32 [DEBUG] ACTION: GET:Array
(
    [req] => index
)

2021-03-11 04:10:32 [INFO] ACTION: RunAction#run:[index, ]
2021-03-11 04:10:32 [DEBUG] ACTION: POST:Array
(
)

2021-03-11 04:10:32 [DEBUG] ACTION: GET:Array
(
    [req] => index
)

2021-03-11 04:10:32 [INFO] ACTION: RunAction#run:[index, ]
2021-03-11 04:10:32 [DEBUG] ACTION: POST:Array
(
)

2021-03-11 04:10:32 [DEBUG] ACTION: GET:Array
(
    [req] => index
)

2021-03-11 04:10:32 [INFO] ACTION: RunAction#run:[index, ]
2021-03-11 04:10:32 [DEBUG] ACTION: POST:Array
(
)

2021-03-11 04:10:32 [DEBUG] ACTION: GET:Array
(
    [req] => index
)

2021-03-11 04:10:49 [INFO] ACTION: RunAction#run:[index, ]
2021-03-11 04:10:49 [DEBUG] ACTION: POST:Array
(
)

2021-03-11 04:10:49 [DEBUG] ACTION: GET:Array
(
    [req] => index
)

2021-03-11 04:10:49 [INFO] ACTION: RunAction#run:[login, ]
2021-03-11 04:10:49 [DEBUG] ACTION: POST:Array
(
)

2021-03-11 04:10:49 [DEBUG] ACTION: GET:Array
(
    [req] => login
)

2021-03-11 04:10:49 [DEBUG] ACTION: BaseMySqliDao#beginTransaction
2021-03-11 04:10:49 [DEBUG] ACTION: BaseMySqliDao#query[run sql = (START TRANSACTION;)
2021-03-11 04:10:49 [DEBUG] ACTION: BaseMySqliDao#selectAll[run sql = (SELECT * FROM m_staff where deleted_flag <> 1)
2021-03-11 04:10:49 [DEBUG] ACTION: BaseMySqliDao#query[run sql = (SELECT * FROM m_staff where deleted_flag <> 1)
2021-03-11 04:10:49 [DEBUG] ACTION: processAction#attributes:Array
(
    [viewState] => ViewState Object
        (
            [viewState:ViewState:private] => 
        )

    [urlLogin] => http://project_php.local/index.php?req=login&amp;mode=login
    [result_ex] => [{&quot;staff_id&quot;:&quot;1&quot;,&quot;staff_name&quot;:&quot;NGUY\u1ec4N TH\u00c0NH L\u01af\u01a0NG&quot;,&quot;staff_name_kana&quot;:&quot;EXAMPLE&quot;,&quot;staff_office_id&quot;:&quot;1&quot;,&quot;staff_department_id&quot;:&quot;2&quot;,&quot;staff_password&quot;:&quot;21232f297a57a5a743894a0e4a801fc3&quot;,&quot;staff_pos_code&quot;:&quot;ntl&quot;,&quot;staff_prefectures&quot;:&quot;2&quot;,&quot;staff_city&quot;:&quot;tphcm&quot;,&quot;staff_address&quot;:null,&quot;staff_mansion_info&quot;:null,&quot;staff_phone_num&quot;:&quot;09876543&quot;,&quot;staff_email&quot;:&quot;admin@gmail.com&quot;,&quot;staff_supervisor&quot;:null,&quot;staff_is_notify_mail&quot;:null,&quot;staff_memo&quot;:null,&quot;deleted_flag&quot;:&quot;0&quot;,&quot;created_user&quot;:&quot;4&quot;,&quot;created_time&quot;:&quot;2021-03-01 00:00:00&quot;,&quot;updated_user&quot;:null,&quot;updated_time&quot;:&quot;2021-03-01 00:00:00&quot;},{&quot;staff_id&quot;:&quot;2&quot;,&quot;staff_name&quot;:&quot;NGUY\u1ec4N TH\u00c0NH L\u01af\u01a0NG&quot;,&quot;staff_name_kana&quot;:&quot;EXAMPLE&quot;,&quot;staff_office_id&quot;:&quot;1&quot;,&quot;staff_department_id&quot;:&quot;2&quot;,&quot;staff_password&quot;:&quot;c84258e9c39059a89ab77d846ddab909&quot;,&quot;staff_pos_code&quot;:&quot;ntl&quot;,&quot;staff_prefectures&quot;:&quot;2&quot;,&quot;staff_city&quot;:&quot;tphcm&quot;,&quot;staff_address&quot;:null,&quot;staff_mansion_info&quot;:null,&quot;staff_phone_num&quot;:&quot;09876543&quot;,&quot;staff_email&quot;:&quot;admin@gmail.com&quot;,&quot;staff_supervisor&quot;:null,&quot;staff_is_notify_mail&quot;:null,&quot;staff_memo&quot;:null,&quot;deleted_flag&quot;:&quot;0&quot;,&quot;created_user&quot;:&quot;4&quot;,&quot;created_time&quot;:&quot;2021-03-01 00:00:00&quot;,&quot;updated_user&quot;:null,&quot;updated_time&quot;:&quot;2021-03-01 00:00:00&quot;}]
)

2021-03-11 04:11:04 [INFO] ACTION: RunAction#run:[login, ]
2021-03-11 04:11:04 [DEBUG] ACTION: POST:Array
(
)

2021-03-11 04:11:04 [DEBUG] ACTION: GET:Array
(
    [req] => login
)

2021-03-11 04:11:04 [DEBUG] ACTION: BaseMySqliDao#beginTransaction
2021-03-11 04:11:04 [DEBUG] ACTION: BaseMySqliDao#query[run sql = (START TRANSACTION;)
2021-03-11 04:11:04 [DEBUG] ACTION: BaseMySqliDao#selectAll[run sql = (SELECT * FROM m_staff where deleted_flag <> 1)
2021-03-11 04:11:04 [DEBUG] ACTION: BaseMySqliDao#query[run sql = (SELECT * FROM m_staff where deleted_flag <> 1)
2021-03-11 04:11:04 [DEBUG] ACTION: processAction#attributes:Array
(
    [viewState] => ViewState Object
        (
            [viewState:ViewState:private] => 
        )

    [urlLogin] => http://project_php.local/index.php?req=login&amp;mode=login
    [result_ex] => [{&quot;staff_id&quot;:&quot;1&quot;,&quot;staff_name&quot;:&quot;NGUY\u1ec4N TH\u00c0NH L\u01af\u01a0NG&quot;,&quot;staff_name_kana&quot;:&quot;EXAMPLE&quot;,&quot;staff_office_id&quot;:&quot;1&quot;,&quot;staff_department_id&quot;:&quot;2&quot;,&quot;staff_password&quot;:&quot;21232f297a57a5a743894a0e4a801fc3&quot;,&quot;staff_pos_code&quot;:&quot;ntl&quot;,&quot;staff_prefectures&quot;:&quot;2&quot;,&quot;staff_city&quot;:&quot;tphcm&quot;,&quot;staff_address&quot;:null,&quot;staff_mansion_info&quot;:null,&quot;staff_phone_num&quot;:&quot;09876543&quot;,&quot;staff_email&quot;:&quot;admin@gmail.com&quot;,&quot;staff_supervisor&quot;:null,&quot;staff_is_notify_mail&quot;:null,&quot;staff_memo&quot;:null,&quot;deleted_flag&quot;:&quot;0&quot;,&quot;created_user&quot;:&quot;4&quot;,&quot;created_time&quot;:&quot;2021-03-01 00:00:00&quot;,&quot;updated_user&quot;:null,&quot;updated_time&quot;:&quot;2021-03-01 00:00:00&quot;},{&quot;staff_id&quot;:&quot;2&quot;,&quot;staff_name&quot;:&quot;NGUY\u1ec4N TH\u00c0NH L\u01af\u01a0NG&quot;,&quot;staff_name_kana&quot;:&quot;EXAMPLE&quot;,&quot;staff_office_id&quot;:&quot;1&quot;,&quot;staff_department_id&quot;:&quot;2&quot;,&quot;staff_password&quot;:&quot;c84258e9c39059a89ab77d846ddab909&quot;,&quot;staff_pos_code&quot;:&quot;ntl&quot;,&quot;staff_prefectures&quot;:&quot;2&quot;,&quot;staff_city&quot;:&quot;tphcm&quot;,&quot;staff_address&quot;:null,&quot;staff_mansion_info&quot;:null,&quot;staff_phone_num&quot;:&quot;09876543&quot;,&quot;staff_email&quot;:&quot;admin@gmail.com&quot;,&quot;staff_supervisor&quot;:null,&quot;staff_is_notify_mail&quot;:null,&quot;staff_memo&quot;:null,&quot;deleted_flag&quot;:&quot;0&quot;,&quot;created_user&quot;:&quot;4&quot;,&quot;created_time&quot;:&quot;2021-03-01 00:00:00&quot;,&quot;updated_user&quot;:null,&quot;updated_time&quot;:&quot;2021-03-01 00:00:00&quot;}]
)

2021-03-11 04:11:13 [INFO] ACTION: RunAction#run:[login, login]
2021-03-11 04:11:13 [DEBUG] ACTION: POST:Array
(
    [staff_email] => admin@gmail.com
    [staff_password] => ADMIN
)

2021-03-11 04:11:13 [DEBUG] ACTION: GET:Array
(
    [req] => login
    [mode] => login
)

2021-03-11 04:11:13 [DEBUG] ACTION: BaseMySqliDao#beginTransaction
2021-03-11 04:11:13 [DEBUG] ACTION: BaseMySqliDao#query[run sql = (START TRANSACTION;)
2021-03-11 04:11:13 [DEBUG] ACTION: MStaffDao#selectOne[input sql = (SELECT * FROM m_staff WHERE staff_email = :staffEmail AND staff_password = :userPassword AND deleted_flag <> 1), params = (Array
(
    [staffEmail] => admin@gmail.com
    [userPassword] => 73acd9a5972130b75066c82595a1fae3
)
)]
2021-03-11 04:11:13 [DEBUG] ACTION: BaseMySqliDao#query[run sql = (SELECT * FROM m_staff WHERE staff_email = 'admin@gmail.com' AND staff_password = '73acd9a5972130b75066c82595a1fae3' AND deleted_flag <> 1)
2021-03-11 04:11:13 [DEBUG] ACTION: BaseMySqliDao#commit
2021-03-11 04:11:13 [DEBUG] ACTION: BaseMySqliDao#query[run sql = (COMMIT;)
2021-03-11 04:11:13 [DEBUG] ACTION: BaseMySqliDao#beginTransaction
2021-03-11 04:11:13 [DEBUG] ACTION: BaseMySqliDao#query[run sql = (START TRANSACTION;)
2021-03-11 04:11:13 [DEBUG] ACTION: BaseMySqliDao#selectAll[run sql = (SELECT * FROM m_staff where deleted_flag <> 1)
2021-03-11 04:11:13 [DEBUG] ACTION: BaseMySqliDao#query[run sql = (SELECT * FROM m_staff where deleted_flag <> 1)
2021-03-11 04:11:13 [DEBUG] ACTION: processAction#attributes:Array
(
    [viewState] => ViewState Object
        (
            [viewState:ViewState:private] => 
        )

    [urlLogin] => http://project_php.local/index.php?req=login&amp;mode=login
    [result_ex] => [{&quot;staff_id&quot;:&quot;1&quot;,&quot;staff_name&quot;:&quot;NGUY\u1ec4N TH\u00c0NH L\u01af\u01a0NG&quot;,&quot;staff_name_kana&quot;:&quot;EXAMPLE&quot;,&quot;staff_office_id&quot;:&quot;1&quot;,&quot;staff_department_id&quot;:&quot;2&quot;,&quot;staff_password&quot;:&quot;21232f297a57a5a743894a0e4a801fc3&quot;,&quot;staff_pos_code&quot;:&quot;ntl&quot;,&quot;staff_prefectures&quot;:&quot;2&quot;,&quot;staff_city&quot;:&quot;tphcm&quot;,&quot;staff_address&quot;:null,&quot;staff_mansion_info&quot;:null,&quot;staff_phone_num&quot;:&quot;09876543&quot;,&quot;staff_email&quot;:&quot;admin@gmail.com&quot;,&quot;staff_supervisor&quot;:null,&quot;staff_is_notify_mail&quot;:null,&quot;staff_memo&quot;:null,&quot;deleted_flag&quot;:&quot;0&quot;,&quot;created_user&quot;:&quot;4&quot;,&quot;created_time&quot;:&quot;2021-03-01 00:00:00&quot;,&quot;updated_user&quot;:null,&quot;updated_time&quot;:&quot;2021-03-01 00:00:00&quot;},{&quot;staff_id&quot;:&quot;2&quot;,&quot;staff_name&quot;:&quot;NGUY\u1ec4N TH\u00c0NH L\u01af\u01a0NG&quot;,&quot;staff_name_kana&quot;:&quot;EXAMPLE&quot;,&quot;staff_office_id&quot;:&quot;1&quot;,&quot;staff_department_id&quot;:&quot;2&quot;,&quot;staff_password&quot;:&quot;c84258e9c39059a89ab77d846ddab909&quot;,&quot;staff_pos_code&quot;:&quot;ntl&quot;,&quot;staff_prefectures&quot;:&quot;2&quot;,&quot;staff_city&quot;:&quot;tphcm&quot;,&quot;staff_address&quot;:null,&quot;staff_mansion_info&quot;:null,&quot;staff_phone_num&quot;:&quot;09876543&quot;,&quot;staff_email&quot;:&quot;admin@gmail.com&quot;,&quot;staff_supervisor&quot;:null,&quot;staff_is_notify_mail&quot;:null,&quot;staff_memo&quot;:null,&quot;deleted_flag&quot;:&quot;0&quot;,&quot;created_user&quot;:&quot;4&quot;,&quot;created_time&quot;:&quot;2021-03-01 00:00:00&quot;,&quot;updated_user&quot;:null,&quot;updated_time&quot;:&quot;2021-03-01 00:00:00&quot;}]
    [listErrorMessage] => Array
        (
            [0] => Array
                (
                    [message] => ログイン認証に失敗しました。
                )

        )

)

2021-03-11 04:51:47 [INFO] ACTION: RunAction#run:[login, ssdfd]
2021-03-11 04:51:47 [DEBUG] ACTION: POST:Array
(
)

2021-03-11 04:51:47 [DEBUG] ACTION: GET:Array
(
    [req] => login
    [mode] => ssdfd
)

2021-03-11 04:51:47 [ERROR] ACTION: The method [ssdfd] dose not exist.(at #0 C:\xampp\htdocs\php_softworld\project1\src\admin\action\core\RunAction.php(36): RunAction::runActionScreen('login', 'ssdfd')
#1 C:\xampp\htdocs\php_softworld\project1\src\index.php(39): RunAction::run('login', 'ssdfd')
#2 {main})
2021-03-11 04:52:00 [INFO] ACTION: RunAction#run:[fgf, ]
2021-03-11 04:52:00 [DEBUG] ACTION: POST:Array
(
)

2021-03-11 04:52:00 [DEBUG] ACTION: GET:Array
(
    [req] => fgf
)

2021-03-11 04:52:00 [INFO] ACTION: RunAction#run:[login, ]
2021-03-11 04:52:00 [DEBUG] ACTION: POST:Array
(
)

2021-03-11 04:52:00 [DEBUG] ACTION: GET:Array
(
    [req] => login
)

2021-03-11 04:52:00 [DEBUG] ACTION: BaseMySqliDao#beginTransaction
2021-03-11 04:52:00 [DEBUG] ACTION: BaseMySqliDao#query[run sql = (START TRANSACTION;)
2021-03-11 04:52:00 [DEBUG] ACTION: BaseMySqliDao#selectAll[run sql = (SELECT * FROM m_staff where deleted_flag <> 1)
2021-03-11 04:52:00 [DEBUG] ACTION: BaseMySqliDao#query[run sql = (SELECT * FROM m_staff where deleted_flag <> 1)
2021-03-11 04:52:00 [DEBUG] ACTION: processAction#attributes:Array
(
    [viewState] => ViewState Object
        (
            [viewState:ViewState:private] => 
        )

    [urlLogin] => http://project_php.local/index.php?req=login&amp;mode=login
    [result_ex] => [{&quot;staff_id&quot;:&quot;1&quot;,&quot;staff_name&quot;:&quot;NGUY\u1ec4N TH\u00c0NH L\u01af\u01a0NG&quot;,&quot;staff_name_kana&quot;:&quot;EXAMPLE&quot;,&quot;staff_office_id&quot;:&quot;1&quot;,&quot;staff_department_id&quot;:&quot;2&quot;,&quot;staff_password&quot;:&quot;21232f297a57a5a743894a0e4a801fc3&quot;,&quot;staff_pos_code&quot;:&quot;ntl&quot;,&quot;staff_prefectures&quot;:&quot;2&quot;,&quot;staff_city&quot;:&quot;tphcm&quot;,&quot;staff_address&quot;:null,&quot;staff_mansion_info&quot;:null,&quot;staff_phone_num&quot;:&quot;09876543&quot;,&quot;staff_email&quot;:&quot;admin@gmail.com&quot;,&quot;staff_supervisor&quot;:null,&quot;staff_is_notify_mail&quot;:null,&quot;staff_memo&quot;:null,&quot;deleted_flag&quot;:&quot;0&quot;,&quot;created_user&quot;:&quot;4&quot;,&quot;created_time&quot;:&quot;2021-03-01 00:00:00&quot;,&quot;updated_user&quot;:null,&quot;updated_time&quot;:&quot;2021-03-01 00:00:00&quot;},{&quot;staff_id&quot;:&quot;2&quot;,&quot;staff_name&quot;:&quot;NGUY\u1ec4N TH\u00c0NH L\u01af\u01a0NG&quot;,&quot;staff_name_kana&quot;:&quot;EXAMPLE&quot;,&quot;staff_office_id&quot;:&quot;1&quot;,&quot;staff_department_id&quot;:&quot;2&quot;,&quot;staff_password&quot;:&quot;c84258e9c39059a89ab77d846ddab909&quot;,&quot;staff_pos_code&quot;:&quot;ntl&quot;,&quot;staff_prefectures&quot;:&quot;2&quot;,&quot;staff_city&quot;:&quot;tphcm&quot;,&quot;staff_address&quot;:null,&quot;staff_mansion_info&quot;:null,&quot;staff_phone_num&quot;:&quot;09876543&quot;,&quot;staff_email&quot;:&quot;admin@gmail.com&quot;,&quot;staff_supervisor&quot;:null,&quot;staff_is_notify_mail&quot;:null,&quot;staff_memo&quot;:null,&quot;deleted_flag&quot;:&quot;0&quot;,&quot;created_user&quot;:&quot;4&quot;,&quot;created_time&quot;:&quot;2021-03-01 00:00:00&quot;,&quot;updated_user&quot;:null,&quot;updated_time&quot;:&quot;2021-03-01 00:00:00&quot;}]
)

2021-03-11 04:52:04 [INFO] ACTION: RunAction#run:[klk, ]
2021-03-11 04:52:04 [DEBUG] ACTION: POST:Array
(
)

2021-03-11 04:52:04 [DEBUG] ACTION: GET:Array
(
    [req] => klk
)

2021-03-11 04:52:04 [INFO] ACTION: RunAction#run:[login, ]
2021-03-11 04:52:04 [DEBUG] ACTION: POST:Array
(
)

2021-03-11 04:52:04 [DEBUG] ACTION: GET:Array
(
    [req] => login
)

2021-03-11 04:52:04 [DEBUG] ACTION: BaseMySqliDao#beginTransaction
2021-03-11 04:52:04 [DEBUG] ACTION: BaseMySqliDao#query[run sql = (START TRANSACTION;)
2021-03-11 04:52:04 [DEBUG] ACTION: BaseMySqliDao#selectAll[run sql = (SELECT * FROM m_staff where deleted_flag <> 1)
2021-03-11 04:52:04 [DEBUG] ACTION: BaseMySqliDao#query[run sql = (SELECT * FROM m_staff where deleted_flag <> 1)
2021-03-11 04:52:04 [DEBUG] ACTION: processAction#attributes:Array
(
    [viewState] => ViewState Object
        (
            [viewState:ViewState:private] => 
        )

    [urlLogin] => http://project_php.local/index.php?req=login&amp;mode=login
    [result_ex] => [{&quot;staff_id&quot;:&quot;1&quot;,&quot;staff_name&quot;:&quot;NGUY\u1ec4N TH\u00c0NH L\u01af\u01a0NG&quot;,&quot;staff_name_kana&quot;:&quot;EXAMPLE&quot;,&quot;staff_office_id&quot;:&quot;1&quot;,&quot;staff_department_id&quot;:&quot;2&quot;,&quot;staff_password&quot;:&quot;21232f297a57a5a743894a0e4a801fc3&quot;,&quot;staff_pos_code&quot;:&quot;ntl&quot;,&quot;staff_prefectures&quot;:&quot;2&quot;,&quot;staff_city&quot;:&quot;tphcm&quot;,&quot;staff_address&quot;:null,&quot;staff_mansion_info&quot;:null,&quot;staff_phone_num&quot;:&quot;09876543&quot;,&quot;staff_email&quot;:&quot;admin@gmail.com&quot;,&quot;staff_supervisor&quot;:null,&quot;staff_is_notify_mail&quot;:null,&quot;staff_memo&quot;:null,&quot;deleted_flag&quot;:&quot;0&quot;,&quot;created_user&quot;:&quot;4&quot;,&quot;created_time&quot;:&quot;2021-03-01 00:00:00&quot;,&quot;updated_user&quot;:null,&quot;updated_time&quot;:&quot;2021-03-01 00:00:00&quot;},{&quot;staff_id&quot;:&quot;2&quot;,&quot;staff_name&quot;:&quot;NGUY\u1ec4N TH\u00c0NH L\u01af\u01a0NG&quot;,&quot;staff_name_kana&quot;:&quot;EXAMPLE&quot;,&quot;staff_office_id&quot;:&quot;1&quot;,&quot;staff_department_id&quot;:&quot;2&quot;,&quot;staff_password&quot;:&quot;c84258e9c39059a89ab77d846ddab909&quot;,&quot;staff_pos_code&quot;:&quot;ntl&quot;,&quot;staff_prefectures&quot;:&quot;2&quot;,&quot;staff_city&quot;:&quot;tphcm&quot;,&quot;staff_address&quot;:null,&quot;staff_mansion_info&quot;:null,&quot;staff_phone_num&quot;:&quot;09876543&quot;,&quot;staff_email&quot;:&quot;admin@gmail.com&quot;,&quot;staff_supervisor&quot;:null,&quot;staff_is_notify_mail&quot;:null,&quot;staff_memo&quot;:null,&quot;deleted_flag&quot;:&quot;0&quot;,&quot;created_user&quot;:&quot;4&quot;,&quot;created_time&quot;:&quot;2021-03-01 00:00:00&quot;,&quot;updated_user&quot;:null,&quot;updated_time&quot;:&quot;2021-03-01 00:00:00&quot;}]
)

2021-03-11 04:52:12 [INFO] ACTION: RunAction#run:[, ]
2021-03-11 04:52:12 [DEBUG] ACTION: POST:Array
(
)

2021-03-11 04:52:12 [DEBUG] ACTION: GET:Array
(
)

2021-03-11 04:52:12 [INFO] ACTION: RunAction#run:[index, ]
2021-03-11 04:52:12 [DEBUG] ACTION: POST:Array
(
)

2021-03-11 04:52:12 [DEBUG] ACTION: GET:Array
(
    [req] => index
)

2021-03-11 04:52:12 [INFO] ACTION: RunAction#run:[login, ]
2021-03-11 04:52:12 [DEBUG] ACTION: POST:Array
(
)

2021-03-11 04:52:12 [DEBUG] ACTION: GET:Array
(
    [req] => login
)

2021-03-11 04:52:12 [DEBUG] ACTION: BaseMySqliDao#beginTransaction
2021-03-11 04:52:12 [DEBUG] ACTION: BaseMySqliDao#query[run sql = (START TRANSACTION;)
2021-03-11 04:52:12 [DEBUG] ACTION: BaseMySqliDao#selectAll[run sql = (SELECT * FROM m_staff where deleted_flag <> 1)
2021-03-11 04:52:12 [DEBUG] ACTION: BaseMySqliDao#query[run sql = (SELECT * FROM m_staff where deleted_flag <> 1)
2021-03-11 04:52:12 [DEBUG] ACTION: processAction#attributes:Array
(
    [viewState] => ViewState Object
        (
            [viewState:ViewState:private] => 
        )

    [urlLogin] => http://project_php.local/index.php?req=login&amp;mode=login
    [result_ex] => [{&quot;staff_id&quot;:&quot;1&quot;,&quot;staff_name&quot;:&quot;NGUY\u1ec4N TH\u00c0NH L\u01af\u01a0NG&quot;,&quot;staff_name_kana&quot;:&quot;EXAMPLE&quot;,&quot;staff_office_id&quot;:&quot;1&quot;,&quot;staff_department_id&quot;:&quot;2&quot;,&quot;staff_password&quot;:&quot;21232f297a57a5a743894a0e4a801fc3&quot;,&quot;staff_pos_code&quot;:&quot;ntl&quot;,&quot;staff_prefectures&quot;:&quot;2&quot;,&quot;staff_city&quot;:&quot;tphcm&quot;,&quot;staff_address&quot;:null,&quot;staff_mansion_info&quot;:null,&quot;staff_phone_num&quot;:&quot;09876543&quot;,&quot;staff_email&quot;:&quot;admin@gmail.com&quot;,&quot;staff_supervisor&quot;:null,&quot;staff_is_notify_mail&quot;:null,&quot;staff_memo&quot;:null,&quot;deleted_flag&quot;:&quot;0&quot;,&quot;created_user&quot;:&quot;4&quot;,&quot;created_time&quot;:&quot;2021-03-01 00:00:00&quot;,&quot;updated_user&quot;:null,&quot;updated_time&quot;:&quot;2021-03-01 00:00:00&quot;},{&quot;staff_id&quot;:&quot;2&quot;,&quot;staff_name&quot;:&quot;NGUY\u1ec4N TH\u00c0NH L\u01af\u01a0NG&quot;,&quot;staff_name_kana&quot;:&quot;EXAMPLE&quot;,&quot;staff_office_id&quot;:&quot;1&quot;,&quot;staff_department_id&quot;:&quot;2&quot;,&quot;staff_password&quot;:&quot;c84258e9c39059a89ab77d846ddab909&quot;,&quot;staff_pos_code&quot;:&quot;ntl&quot;,&quot;staff_prefectures&quot;:&quot;2&quot;,&quot;staff_city&quot;:&quot;tphcm&quot;,&quot;staff_address&quot;:null,&quot;staff_mansion_info&quot;:null,&quot;staff_phone_num&quot;:&quot;09876543&quot;,&quot;staff_email&quot;:&quot;admin@gmail.com&quot;,&quot;staff_supervisor&quot;:null,&quot;staff_is_notify_mail&quot;:null,&quot;staff_memo&quot;:null,&quot;deleted_flag&quot;:&quot;0&quot;,&quot;created_user&quot;:&quot;4&quot;,&quot;created_time&quot;:&quot;2021-03-01 00:00:00&quot;,&quot;updated_user&quot;:null,&quot;updated_time&quot;:&quot;2021-03-01 00:00:00&quot;}]
)

2021-03-11 04:52:12 [INFO] ACTION: RunAction#run:[index, ]
2021-03-11 04:52:12 [DEBUG] ACTION: POST:Array
(
)

2021-03-11 04:52:12 [DEBUG] ACTION: GET:Array
(
    [req] => index
)

2021-03-11 04:52:12 [INFO] ACTION: RunAction#run:[login, ]
2021-03-11 04:52:12 [DEBUG] ACTION: POST:Array
(
)

2021-03-11 04:52:12 [DEBUG] ACTION: GET:Array
(
    [req] => login
)

2021-03-11 04:52:12 [DEBUG] ACTION: BaseMySqliDao#beginTransaction
2021-03-11 04:52:12 [DEBUG] ACTION: BaseMySqliDao#query[run sql = (START TRANSACTION;)
2021-03-11 04:52:12 [DEBUG] ACTION: BaseMySqliDao#selectAll[run sql = (SELECT * FROM m_staff where deleted_flag <> 1)
2021-03-11 04:52:12 [DEBUG] ACTION: BaseMySqliDao#query[run sql = (SELECT * FROM m_staff where deleted_flag <> 1)
2021-03-11 04:52:12 [DEBUG] ACTION: processAction#attributes:Array
(
    [viewState] => ViewState Object
        (
            [viewState:ViewState:private] => 
        )

    [urlLogin] => http://project_php.local/index.php?req=login&amp;mode=login
    [result_ex] => [{&quot;staff_id&quot;:&quot;1&quot;,&quot;staff_name&quot;:&quot;NGUY\u1ec4N TH\u00c0NH L\u01af\u01a0NG&quot;,&quot;staff_name_kana&quot;:&quot;EXAMPLE&quot;,&quot;staff_office_id&quot;:&quot;1&quot;,&quot;staff_department_id&quot;:&quot;2&quot;,&quot;staff_password&quot;:&quot;21232f297a57a5a743894a0e4a801fc3&quot;,&quot;staff_pos_code&quot;:&quot;ntl&quot;,&quot;staff_prefectures&quot;:&quot;2&quot;,&quot;staff_city&quot;:&quot;tphcm&quot;,&quot;staff_address&quot;:null,&quot;staff_mansion_info&quot;:null,&quot;staff_phone_num&quot;:&quot;09876543&quot;,&quot;staff_email&quot;:&quot;admin@gmail.com&quot;,&quot;staff_supervisor&quot;:null,&quot;staff_is_notify_mail&quot;:null,&quot;staff_memo&quot;:null,&quot;deleted_flag&quot;:&quot;0&quot;,&quot;created_user&quot;:&quot;4&quot;,&quot;created_time&quot;:&quot;2021-03-01 00:00:00&quot;,&quot;updated_user&quot;:null,&quot;updated_time&quot;:&quot;2021-03-01 00:00:00&quot;},{&quot;staff_id&quot;:&quot;2&quot;,&quot;staff_name&quot;:&quot;NGUY\u1ec4N TH\u00c0NH L\u01af\u01a0NG&quot;,&quot;staff_name_kana&quot;:&quot;EXAMPLE&quot;,&quot;staff_office_id&quot;:&quot;1&quot;,&quot;staff_department_id&quot;:&quot;2&quot;,&quot;staff_password&quot;:&quot;c84258e9c39059a89ab77d846ddab909&quot;,&quot;staff_pos_code&quot;:&quot;ntl&quot;,&quot;staff_prefectures&quot;:&quot;2&quot;,&quot;staff_city&quot;:&quot;tphcm&quot;,&quot;staff_address&quot;:null,&quot;staff_mansion_info&quot;:null,&quot;staff_phone_num&quot;:&quot;09876543&quot;,&quot;staff_email&quot;:&quot;admin@gmail.com&quot;,&quot;staff_supervisor&quot;:null,&quot;staff_is_notify_mail&quot;:null,&quot;staff_memo&quot;:null,&quot;deleted_flag&quot;:&quot;0&quot;,&quot;created_user&quot;:&quot;4&quot;,&quot;created_time&quot;:&quot;2021-03-01 00:00:00&quot;,&quot;updated_user&quot;:null,&quot;updated_time&quot;:&quot;2021-03-01 00:00:00&quot;}]
)

2021-03-11 04:54:52 [INFO] ACTION: RunAction#run:[, ]
2021-03-11 04:54:52 [DEBUG] ACTION: POST:Array
(
)

2021-03-11 04:54:52 [DEBUG] ACTION: GET:Array
(
)

2021-03-11 04:54:52 [INFO] ACTION: RunAction#run:[index, ]
2021-03-11 04:54:52 [DEBUG] ACTION: POST:Array
(
)

2021-03-11 04:54:52 [DEBUG] ACTION: GET:Array
(
    [req] => index
)

2021-03-11 04:54:52 [INFO] ACTION: RunAction#run:[login, ]
2021-03-11 04:54:52 [DEBUG] ACTION: POST:Array
(
)

2021-03-11 04:54:52 [DEBUG] ACTION: GET:Array
(
    [req] => login
)

2021-03-11 04:54:52 [DEBUG] ACTION: BaseMySqliDao#beginTransaction
2021-03-11 04:54:52 [DEBUG] ACTION: BaseMySqliDao#query[run sql = (START TRANSACTION;)
2021-03-11 04:54:52 [DEBUG] ACTION: BaseMySqliDao#selectAll[run sql = (SELECT * FROM m_staff where deleted_flag <> 1)
2021-03-11 04:54:52 [DEBUG] ACTION: BaseMySqliDao#query[run sql = (SELECT * FROM m_staff where deleted_flag <> 1)
2021-03-11 04:54:52 [DEBUG] ACTION: processAction#attributes:Array
(
    [viewState] => ViewState Object
        (
            [viewState:ViewState:private] => 
        )

    [urlLogin] => http://project_php.local/index.php?req=login&amp;mode=login
    [result_ex] => [{&quot;staff_id&quot;:&quot;1&quot;,&quot;staff_name&quot;:&quot;NGUY\u1ec4N TH\u00c0NH L\u01af\u01a0NG&quot;,&quot;staff_name_kana&quot;:&quot;EXAMPLE&quot;,&quot;staff_office_id&quot;:&quot;1&quot;,&quot;staff_department_id&quot;:&quot;2&quot;,&quot;staff_password&quot;:&quot;21232f297a57a5a743894a0e4a801fc3&quot;,&quot;staff_pos_code&quot;:&quot;ntl&quot;,&quot;staff_prefectures&quot;:&quot;2&quot;,&quot;staff_city&quot;:&quot;tphcm&quot;,&quot;staff_address&quot;:null,&quot;staff_mansion_info&quot;:null,&quot;staff_phone_num&quot;:&quot;09876543&quot;,&quot;staff_email&quot;:&quot;admin@gmail.com&quot;,&quot;staff_supervisor&quot;:null,&quot;staff_is_notify_mail&quot;:null,&quot;staff_memo&quot;:null,&quot;deleted_flag&quot;:&quot;0&quot;,&quot;created_user&quot;:&quot;4&quot;,&quot;created_time&quot;:&quot;2021-03-01 00:00:00&quot;,&quot;updated_user&quot;:null,&quot;updated_time&quot;:&quot;2021-03-01 00:00:00&quot;},{&quot;staff_id&quot;:&quot;2&quot;,&quot;staff_name&quot;:&quot;NGUY\u1ec4N TH\u00c0NH L\u01af\u01a0NG&quot;,&quot;staff_name_kana&quot;:&quot;EXAMPLE&quot;,&quot;staff_office_id&quot;:&quot;1&quot;,&quot;staff_department_id&quot;:&quot;2&quot;,&quot;staff_password&quot;:&quot;c84258e9c39059a89ab77d846ddab909&quot;,&quot;staff_pos_code&quot;:&quot;ntl&quot;,&quot;staff_prefectures&quot;:&quot;2&quot;,&quot;staff_city&quot;:&quot;tphcm&quot;,&quot;staff_address&quot;:null,&quot;staff_mansion_info&quot;:null,&quot;staff_phone_num&quot;:&quot;09876543&quot;,&quot;staff_email&quot;:&quot;admin@gmail.com&quot;,&quot;staff_supervisor&quot;:null,&quot;staff_is_notify_mail&quot;:null,&quot;staff_memo&quot;:null,&quot;deleted_flag&quot;:&quot;0&quot;,&quot;created_user&quot;:&quot;4&quot;,&quot;created_time&quot;:&quot;2021-03-01 00:00:00&quot;,&quot;updated_user&quot;:null,&quot;updated_time&quot;:&quot;2021-03-01 00:00:00&quot;}]
)

2021-03-11 04:59:59 [INFO] ACTION: RunAction#run:[login, ]
2021-03-11 04:59:59 [DEBUG] ACTION: POST:Array
(
)

2021-03-11 04:59:59 [DEBUG] ACTION: GET:Array
(
    [req] => login
)

2021-03-11 04:59:59 [DEBUG] ACTION: BaseMySqliDao#beginTransaction
2021-03-11 04:59:59 [DEBUG] ACTION: BaseMySqliDao#query[run sql = (START TRANSACTION;)
2021-03-11 04:59:59 [DEBUG] ACTION: BaseMySqliDao#selectAll[run sql = (SELECT * FROM m_staff where deleted_flag <> 1)
2021-03-11 04:59:59 [DEBUG] ACTION: BaseMySqliDao#query[run sql = (SELECT * FROM m_staff where deleted_flag <> 1)
2021-03-11 04:59:59 [DEBUG] ACTION: processAction#attributes:Array
(
    [viewState] => ViewState Object
        (
            [viewState:ViewState:private] => 
        )

    [urlLogin] => http://project_php.local/index.php?req=login&amp;mode=login
    [result_ex] => [{&quot;staff_id&quot;:&quot;1&quot;,&quot;staff_name&quot;:&quot;NGUY\u1ec4N TH\u00c0NH L\u01af\u01a0NG&quot;,&quot;staff_name_kana&quot;:&quot;EXAMPLE&quot;,&quot;staff_office_id&quot;:&quot;1&quot;,&quot;staff_department_id&quot;:&quot;2&quot;,&quot;staff_password&quot;:&quot;21232f297a57a5a743894a0e4a801fc3&quot;,&quot;staff_pos_code&quot;:&quot;ntl&quot;,&quot;staff_prefectures&quot;:&quot;2&quot;,&quot;staff_city&quot;:&quot;tphcm&quot;,&quot;staff_address&quot;:null,&quot;staff_mansion_info&quot;:null,&quot;staff_phone_num&quot;:&quot;09876543&quot;,&quot;staff_email&quot;:&quot;admin@gmail.com&quot;,&quot;staff_supervisor&quot;:null,&quot;staff_is_notify_mail&quot;:null,&quot;staff_memo&quot;:null,&quot;deleted_flag&quot;:&quot;0&quot;,&quot;created_user&quot;:&quot;4&quot;,&quot;created_time&quot;:&quot;2021-03-01 00:00:00&quot;,&quot;updated_user&quot;:null,&quot;updated_time&quot;:&quot;2021-03-01 00:00:00&quot;},{&quot;staff_id&quot;:&quot;2&quot;,&quot;staff_name&quot;:&quot;NGUY\u1ec4N TH\u00c0NH L\u01af\u01a0NG&quot;,&quot;staff_name_kana&quot;:&quot;EXAMPLE&quot;,&quot;staff_office_id&quot;:&quot;1&quot;,&quot;staff_department_id&quot;:&quot;2&quot;,&quot;staff_password&quot;:&quot;c84258e9c39059a89ab77d846ddab909&quot;,&quot;staff_pos_code&quot;:&quot;ntl&quot;,&quot;staff_prefectures&quot;:&quot;2&quot;,&quot;staff_city&quot;:&quot;tphcm&quot;,&quot;staff_address&quot;:null,&quot;staff_mansion_info&quot;:null,&quot;staff_phone_num&quot;:&quot;09876543&quot;,&quot;staff_email&quot;:&quot;admin@gmail.com&quot;,&quot;staff_supervisor&quot;:null,&quot;staff_is_notify_mail&quot;:null,&quot;staff_memo&quot;:null,&quot;deleted_flag&quot;:&quot;0&quot;,&quot;created_user&quot;:&quot;4&quot;,&quot;created_time&quot;:&quot;2021-03-01 00:00:00&quot;,&quot;updated_user&quot;:null,&quot;updated_time&quot;:&quot;2021-03-01 00:00:00&quot;}]
)

2021-03-11 05:00:03 [INFO] ACTION: RunAction#run:[, ]
2021-03-11 05:00:03 [DEBUG] ACTION: POST:Array
(
)

2021-03-11 05:00:03 [DEBUG] ACTION: GET:Array
(
)

2021-03-11 05:00:28 [INFO] ACTION: RunAction#run:[, ]
2021-03-11 05:00:28 [DEBUG] ACTION: POST:Array
(
)

2021-03-11 05:00:28 [DEBUG] ACTION: GET:Array
(
)

2021-03-11 05:00:28 [INFO] ACTION: RunAction#run:[index, ]
2021-03-11 05:00:28 [DEBUG] ACTION: POST:Array
(
)

2021-03-11 05:00:28 [DEBUG] ACTION: GET:Array
(
    [req] => index
)

2021-03-11 05:00:28 [INFO] ACTION: RunAction#run:[login, ]
2021-03-11 05:00:28 [DEBUG] ACTION: POST:Array
(
)

2021-03-11 05:00:28 [DEBUG] ACTION: GET:Array
(
    [req] => login
)

2021-03-11 05:00:28 [DEBUG] ACTION: BaseMySqliDao#beginTransaction
2021-03-11 05:00:28 [DEBUG] ACTION: BaseMySqliDao#query[run sql = (START TRANSACTION;)
2021-03-11 05:00:28 [DEBUG] ACTION: BaseMySqliDao#selectAll[run sql = (SELECT * FROM m_staff where deleted_flag <> 1)
2021-03-11 05:00:28 [DEBUG] ACTION: BaseMySqliDao#query[run sql = (SELECT * FROM m_staff where deleted_flag <> 1)
2021-03-11 05:00:28 [DEBUG] ACTION: processAction#attributes:Array
(
    [viewState] => ViewState Object
        (
            [viewState:ViewState:private] => 
        )

    [urlLogin] => http://project_php.local/index.php?req=login&amp;mode=login
    [result_ex] => [{&quot;staff_id&quot;:&quot;1&quot;,&quot;staff_name&quot;:&quot;NGUY\u1ec4N TH\u00c0NH L\u01af\u01a0NG&quot;,&quot;staff_name_kana&quot;:&quot;EXAMPLE&quot;,&quot;staff_office_id&quot;:&quot;1&quot;,&quot;staff_department_id&quot;:&quot;2&quot;,&quot;staff_password&quot;:&quot;21232f297a57a5a743894a0e4a801fc3&quot;,&quot;staff_pos_code&quot;:&quot;ntl&quot;,&quot;staff_prefectures&quot;:&quot;2&quot;,&quot;staff_city&quot;:&quot;tphcm&quot;,&quot;staff_address&quot;:null,&quot;staff_mansion_info&quot;:null,&quot;staff_phone_num&quot;:&quot;09876543&quot;,&quot;staff_email&quot;:&quot;admin@gmail.com&quot;,&quot;staff_supervisor&quot;:null,&quot;staff_is_notify_mail&quot;:null,&quot;staff_memo&quot;:null,&quot;deleted_flag&quot;:&quot;0&quot;,&quot;created_user&quot;:&quot;4&quot;,&quot;created_time&quot;:&quot;2021-03-01 00:00:00&quot;,&quot;updated_user&quot;:null,&quot;updated_time&quot;:&quot;2021-03-01 00:00:00&quot;},{&quot;staff_id&quot;:&quot;2&quot;,&quot;staff_name&quot;:&quot;NGUY\u1ec4N TH\u00c0NH L\u01af\u01a0NG&quot;,&quot;staff_name_kana&quot;:&quot;EXAMPLE&quot;,&quot;staff_office_id&quot;:&quot;1&quot;,&quot;staff_department_id&quot;:&quot;2&quot;,&quot;staff_password&quot;:&quot;c84258e9c39059a89ab77d846ddab909&quot;,&quot;staff_pos_code&quot;:&quot;ntl&quot;,&quot;staff_prefectures&quot;:&quot;2&quot;,&quot;staff_city&quot;:&quot;tphcm&quot;,&quot;staff_address&quot;:null,&quot;staff_mansion_info&quot;:null,&quot;staff_phone_num&quot;:&quot;09876543&quot;,&quot;staff_email&quot;:&quot;admin@gmail.com&quot;,&quot;staff_supervisor&quot;:null,&quot;staff_is_notify_mail&quot;:null,&quot;staff_memo&quot;:null,&quot;deleted_flag&quot;:&quot;0&quot;,&quot;created_user&quot;:&quot;4&quot;,&quot;created_time&quot;:&quot;2021-03-01 00:00:00&quot;,&quot;updated_user&quot;:null,&quot;updated_time&quot;:&quot;2021-03-01 00:00:00&quot;}]
)

2021-03-11 05:00:32 [INFO] ACTION: RunAction#run:[login, ]
2021-03-11 05:00:32 [DEBUG] ACTION: POST:Array
(
)

2021-03-11 05:00:32 [DEBUG] ACTION: GET:Array
(
    [req] => login
)

2021-03-11 05:00:32 [DEBUG] ACTION: BaseMySqliDao#beginTransaction
2021-03-11 05:00:32 [DEBUG] ACTION: BaseMySqliDao#query[run sql = (START TRANSACTION;)
2021-03-11 05:00:32 [DEBUG] ACTION: BaseMySqliDao#selectAll[run sql = (SELECT * FROM m_staff where deleted_flag <> 1)
2021-03-11 05:00:32 [DEBUG] ACTION: BaseMySqliDao#query[run sql = (SELECT * FROM m_staff where deleted_flag <> 1)
2021-03-11 05:00:32 [DEBUG] ACTION: processAction#attributes:Array
(
    [viewState] => ViewState Object
        (
            [viewState:ViewState:private] => 
        )

    [urlLogin] => http://project_php.local/index.php?req=login&amp;mode=login
    [result_ex] => [{&quot;staff_id&quot;:&quot;1&quot;,&quot;staff_name&quot;:&quot;NGUY\u1ec4N TH\u00c0NH L\u01af\u01a0NG&quot;,&quot;staff_name_kana&quot;:&quot;EXAMPLE&quot;,&quot;staff_office_id&quot;:&quot;1&quot;,&quot;staff_department_id&quot;:&quot;2&quot;,&quot;staff_password&quot;:&quot;21232f297a57a5a743894a0e4a801fc3&quot;,&quot;staff_pos_code&quot;:&quot;ntl&quot;,&quot;staff_prefectures&quot;:&quot;2&quot;,&quot;staff_city&quot;:&quot;tphcm&quot;,&quot;staff_address&quot;:null,&quot;staff_mansion_info&quot;:null,&quot;staff_phone_num&quot;:&quot;09876543&quot;,&quot;staff_email&quot;:&quot;admin@gmail.com&quot;,&quot;staff_supervisor&quot;:null,&quot;staff_is_notify_mail&quot;:null,&quot;staff_memo&quot;:null,&quot;deleted_flag&quot;:&quot;0&quot;,&quot;created_user&quot;:&quot;4&quot;,&quot;created_time&quot;:&quot;2021-03-01 00:00:00&quot;,&quot;updated_user&quot;:null,&quot;updated_time&quot;:&quot;2021-03-01 00:00:00&quot;},{&quot;staff_id&quot;:&quot;2&quot;,&quot;staff_name&quot;:&quot;NGUY\u1ec4N TH\u00c0NH L\u01af\u01a0NG&quot;,&quot;staff_name_kana&quot;:&quot;EXAMPLE&quot;,&quot;staff_office_id&quot;:&quot;1&quot;,&quot;staff_department_id&quot;:&quot;2&quot;,&quot;staff_password&quot;:&quot;c84258e9c39059a89ab77d846ddab909&quot;,&quot;staff_pos_code&quot;:&quot;ntl&quot;,&quot;staff_prefectures&quot;:&quot;2&quot;,&quot;staff_city&quot;:&quot;tphcm&quot;,&quot;staff_address&quot;:null,&quot;staff_mansion_info&quot;:null,&quot;staff_phone_num&quot;:&quot;09876543&quot;,&quot;staff_email&quot;:&quot;admin@gmail.com&quot;,&quot;staff_supervisor&quot;:null,&quot;staff_is_notify_mail&quot;:null,&quot;staff_memo&quot;:null,&quot;deleted_flag&quot;:&quot;0&quot;,&quot;created_user&quot;:&quot;4&quot;,&quot;created_time&quot;:&quot;2021-03-01 00:00:00&quot;,&quot;updated_user&quot;:null,&quot;updated_time&quot;:&quot;2021-03-01 00:00:00&quot;}]
)

2021-03-11 07:18:10 [INFO] ACTION: RunAction#run:[login, login]
2021-03-11 07:18:10 [DEBUG] ACTION: POST:Array
(
    [staff_email] => admin@gmail.com
    [staff_password] => admin
)

2021-03-11 07:18:10 [DEBUG] ACTION: GET:Array
(
    [req] => login
    [mode] => login
)

2021-03-11 07:18:10 [DEBUG] ACTION: BaseMySqliDao#beginTransaction
2021-03-11 07:18:10 [DEBUG] ACTION: BaseMySqliDao#query[run sql = (START TRANSACTION;)
2021-03-11 07:18:10 [DEBUG] ACTION: MStaffDao#selectOne[input sql = (SELECT * FROM m_staff WHERE staff_email = :staffEmail AND staff_password = :userPassword AND deleted_flag <> 1), params = (Array
(
    [staffEmail] => admin@gmail.com
    [userPassword] => 21232f297a57a5a743894a0e4a801fc3
)
)]
2021-03-11 07:18:10 [DEBUG] ACTION: BaseMySqliDao#query[run sql = (SELECT * FROM m_staff WHERE staff_email = 'admin@gmail.com' AND staff_password = '21232f297a57a5a743894a0e4a801fc3' AND deleted_flag <> 1)
2021-03-11 07:18:10 [DEBUG] ACTION: MStaffRoleDao#select[input sql = (SELECT role_id FROM m_staff_roles where  staff_id = :staff_id), params = (Array
(
    [staff_id] => 1
)
)]
2021-03-11 07:18:10 [DEBUG] ACTION: BaseMySqliDao#query[run sql = (SELECT role_id FROM m_staff_roles where  staff_id = '1')
2021-03-11 07:18:10 [DEBUG] ACTION: BaseMySqliDao#commit
2021-03-11 07:18:10 [DEBUG] ACTION: BaseMySqliDao#query[run sql = (COMMIT;)
2021-03-11 07:18:10 [INFO] ACTION: RunAction#run:[index, ]
2021-03-11 07:18:10 [DEBUG] ACTION: POST:Array
(
)

2021-03-11 07:18:10 [DEBUG] ACTION: GET:Array
(
    [req] => index
)

2021-03-11 07:18:10 [INFO] ACTION: RunAction#run:[error, unauthorized]
2021-03-11 07:18:10 [DEBUG] ACTION: POST:Array
(
)

2021-03-11 07:18:10 [DEBUG] ACTION: GET:Array
(
    [req] => error
    [mode] => unauthorized
)

2021-03-11 07:18:10 [DEBUG] ACTION: processAction#attributes:Array
(
    [viewState] => ViewState Object
        (
            [viewState:ViewState:private] => Array
                (
                    [role_login_id] => Array
                        (
                        )

                )

        )

    [UrlIndex] => http://project_php.local/index.php?req=index
    [userInfo] => Array
        (
            [staff_id] => 1
            [staff_name] => NGUYỄN THÀNH LƯƠNG
            [staff_name_kana] => EXAMPLE
            [staff_office_id] => 1
            [staff_department_id] => 2
            [staff_password] => 21232f297a57a5a743894a0e4a801fc3
            [staff_pos_code] => ntl
            [staff_prefectures] => 2
            [staff_city] => tphcm
            [staff_address] => 
            [staff_mansion_info] => 
            [staff_phone_num] => 09876543
            [staff_email] => admin@gmail.com
            [staff_supervisor] => 
            [staff_is_notify_mail] => 
            [staff_memo] => 
            [deleted_flag] => 0
            [created_user] => 4
            [created_time] => 2021-03-01 00:00:00
            [updated_user] => 
            [updated_time] => 2021-03-01 00:00:00
            [roles] => Array
                (
                )

        )

    [urlLogout] => http://project_php.local/index.php?req=login&mode=logout
)

2021-03-11 10:40:12 [INFO] ACTION: RunAction#run:[login, ]
2021-03-11 10:40:12 [DEBUG] ACTION: POST:Array
(
)

2021-03-11 10:40:12 [DEBUG] ACTION: GET:Array
(
    [req] => login
)

2021-03-11 10:40:12 [DEBUG] ACTION: BaseMySqliDao#beginTransaction
2021-03-11 10:40:12 [DEBUG] ACTION: BaseMySqliDao#query[run sql = (START TRANSACTION;)
2021-03-11 10:40:12 [DEBUG] ACTION: BaseMySqliDao#selectAll[run sql = (SELECT * FROM m_staff where deleted_flag <> 1)
2021-03-11 10:40:12 [DEBUG] ACTION: BaseMySqliDao#query[run sql = (SELECT * FROM m_staff where deleted_flag <> 1)
2021-03-11 10:40:12 [DEBUG] ACTION: processAction#attributes:Array
(
    [viewState] => ViewState Object
        (
            [viewState:ViewState:private] => Array
                (
                    [role_login_id] => Array
                        (
                        )

                )

        )

    [urlLogin] => http://project_php.local/index.php?req=login&amp;mode=login
    [result_ex] => [{&quot;staff_id&quot;:&quot;1&quot;,&quot;staff_name&quot;:&quot;NGUY\u1ec4N TH\u00c0NH L\u01af\u01a0NG&quot;,&quot;staff_name_kana&quot;:&quot;EXAMPLE&quot;,&quot;staff_office_id&quot;:&quot;1&quot;,&quot;staff_department_id&quot;:&quot;2&quot;,&quot;staff_password&quot;:&quot;21232f297a57a5a743894a0e4a801fc3&quot;,&quot;staff_pos_code&quot;:&quot;ntl&quot;,&quot;staff_prefectures&quot;:&quot;2&quot;,&quot;staff_city&quot;:&quot;tphcm&quot;,&quot;staff_address&quot;:null,&quot;staff_mansion_info&quot;:null,&quot;staff_phone_num&quot;:&quot;09876543&quot;,&quot;staff_email&quot;:&quot;admin@gmail.com&quot;,&quot;staff_supervisor&quot;:null,&quot;staff_is_notify_mail&quot;:null,&quot;staff_memo&quot;:null,&quot;deleted_flag&quot;:&quot;0&quot;,&quot;created_user&quot;:&quot;4&quot;,&quot;created_time&quot;:&quot;2021-03-01 00:00:00&quot;,&quot;updated_user&quot;:null,&quot;updated_time&quot;:&quot;2021-03-01 00:00:00&quot;},{&quot;staff_id&quot;:&quot;2&quot;,&quot;staff_name&quot;:&quot;NGUY\u1ec4N TH\u00c0NH L\u01af\u01a0NG&quot;,&quot;staff_name_kana&quot;:&quot;EXAMPLE&quot;,&quot;staff_office_id&quot;:&quot;1&quot;,&quot;staff_department_id&quot;:&quot;2&quot;,&quot;staff_password&quot;:&quot;c84258e9c39059a89ab77d846ddab909&quot;,&quot;staff_pos_code&quot;:&quot;ntl&quot;,&quot;staff_prefectures&quot;:&quot;2&quot;,&quot;staff_city&quot;:&quot;tphcm&quot;,&quot;staff_address&quot;:null,&quot;staff_mansion_info&quot;:null,&quot;staff_phone_num&quot;:&quot;09876543&quot;,&quot;staff_email&quot;:&quot;admin@gmail.com&quot;,&quot;staff_supervisor&quot;:null,&quot;staff_is_notify_mail&quot;:null,&quot;staff_memo&quot;:null,&quot;deleted_flag&quot;:&quot;0&quot;,&quot;created_user&quot;:&quot;4&quot;,&quot;created_time&quot;:&quot;2021-03-01 00:00:00&quot;,&quot;updated_user&quot;:null,&quot;updated_time&quot;:&quot;2021-03-01 00:00:00&quot;}]
    [UrlIndex] => http://project_php.local/index.php?req=index
    [userInfo] => Array
        (
            [staff_id] => 1
            [staff_name] => NGUYỄN THÀNH LƯƠNG
            [staff_name_kana] => EXAMPLE
            [staff_office_id] => 1
            [staff_department_id] => 2
            [staff_password] => 21232f297a57a5a743894a0e4a801fc3
            [staff_pos_code] => ntl
            [staff_prefectures] => 2
            [staff_city] => tphcm
            [staff_address] => 
            [staff_mansion_info] => 
            [staff_phone_num] => 09876543
            [staff_email] => admin@gmail.com
            [staff_supervisor] => 
            [staff_is_notify_mail] => 
            [staff_memo] => 
            [deleted_flag] => 0
            [created_user] => 4
            [created_time] => 2021-03-01 00:00:00
            [updated_user] => 
            [updated_time] => 2021-03-01 00:00:00
            [roles] => Array
                (
                )

        )

    [urlLogout] => http://project_php.local/index.php?req=login&mode=logout
)

2021-03-11 10:42:53 [INFO] ACTION: RunAction#run:[login, ]
2021-03-11 10:42:53 [DEBUG] ACTION: POST:Array
(
)

2021-03-11 10:42:53 [DEBUG] ACTION: GET:Array
(
    [req] => login
)

2021-03-11 10:42:53 [DEBUG] ACTION: BaseMySqliDao#beginTransaction
2021-03-11 10:42:53 [DEBUG] ACTION: BaseMySqliDao#query[run sql = (START TRANSACTION;)
2021-03-11 10:42:53 [DEBUG] ACTION: BaseMySqliDao#selectAll[run sql = (SELECT * FROM m_staff where deleted_flag <> 1)
2021-03-11 10:42:53 [DEBUG] ACTION: BaseMySqliDao#query[run sql = (SELECT * FROM m_staff where deleted_flag <> 1)
2021-03-11 10:42:53 [DEBUG] ACTION: processAction#attributes:Array
(
    [viewState] => ViewState Object
        (
            [viewState:ViewState:private] => Array
                (
                    [role_login_id] => Array
                        (
                        )

                )

        )

    [urlLogin] => http://project_php.local/index.php?req=login&amp;mode=login
    [result_ex] => [{&quot;staff_id&quot;:&quot;1&quot;,&quot;staff_name&quot;:&quot;NGUY\u1ec4N TH\u00c0NH L\u01af\u01a0NG&quot;,&quot;staff_name_kana&quot;:&quot;EXAMPLE&quot;,&quot;staff_office_id&quot;:&quot;1&quot;,&quot;staff_department_id&quot;:&quot;2&quot;,&quot;staff_password&quot;:&quot;21232f297a57a5a743894a0e4a801fc3&quot;,&quot;staff_pos_code&quot;:&quot;ntl&quot;,&quot;staff_prefectures&quot;:&quot;2&quot;,&quot;staff_city&quot;:&quot;tphcm&quot;,&quot;staff_address&quot;:null,&quot;staff_mansion_info&quot;:null,&quot;staff_phone_num&quot;:&quot;09876543&quot;,&quot;staff_email&quot;:&quot;admin@gmail.com&quot;,&quot;staff_supervisor&quot;:null,&quot;staff_is_notify_mail&quot;:null,&quot;staff_memo&quot;:null,&quot;deleted_flag&quot;:&quot;0&quot;,&quot;created_user&quot;:&quot;4&quot;,&quot;created_time&quot;:&quot;2021-03-01 00:00:00&quot;,&quot;updated_user&quot;:null,&quot;updated_time&quot;:&quot;2021-03-01 00:00:00&quot;},{&quot;staff_id&quot;:&quot;2&quot;,&quot;staff_name&quot;:&quot;NGUY\u1ec4N TH\u00c0NH L\u01af\u01a0NG&quot;,&quot;staff_name_kana&quot;:&quot;EXAMPLE&quot;,&quot;staff_office_id&quot;:&quot;1&quot;,&quot;staff_department_id&quot;:&quot;2&quot;,&quot;staff_password&quot;:&quot;c84258e9c39059a89ab77d846ddab909&quot;,&quot;staff_pos_code&quot;:&quot;ntl&quot;,&quot;staff_prefectures&quot;:&quot;2&quot;,&quot;staff_city&quot;:&quot;tphcm&quot;,&quot;staff_address&quot;:null,&quot;staff_mansion_info&quot;:null,&quot;staff_phone_num&quot;:&quot;09876543&quot;,&quot;staff_email&quot;:&quot;admin@gmail.com&quot;,&quot;staff_supervisor&quot;:null,&quot;staff_is_notify_mail&quot;:null,&quot;staff_memo&quot;:null,&quot;deleted_flag&quot;:&quot;0&quot;,&quot;created_user&quot;:&quot;4&quot;,&quot;created_time&quot;:&quot;2021-03-01 00:00:00&quot;,&quot;updated_user&quot;:null,&quot;updated_time&quot;:&quot;2021-03-01 00:00:00&quot;}]
    [UrlIndex] => http://project_php.local/index.php?req=index
    [userInfo] => Array
        (
            [staff_id] => 1
            [staff_name] => NGUYỄN THÀNH LƯƠNG
            [staff_name_kana] => EXAMPLE
            [staff_office_id] => 1
            [staff_department_id] => 2
            [staff_password] => 21232f297a57a5a743894a0e4a801fc3
            [staff_pos_code] => ntl
            [staff_prefectures] => 2
            [staff_city] => tphcm
            [staff_address] => 
            [staff_mansion_info] => 
            [staff_phone_num] => 09876543
            [staff_email] => admin@gmail.com
            [staff_supervisor] => 
            [staff_is_notify_mail] => 
            [staff_memo] => 
            [deleted_flag] => 0
            [created_user] => 4
            [created_time] => 2021-03-01 00:00:00
            [updated_user] => 
            [updated_time] => 2021-03-01 00:00:00
            [roles] => Array
                (
                )

        )

    [urlLogout] => http://project_php.local/index.php?req=login&mode=logout
)

